一月 04, 2019 5:30:05 上午 org.apache.catalina.core.StandardServer await
信息: A valid shutdown command was received via the shutdown port. Stopping the Server instance.
一月 04, 2019 5:30:05 上午 org.apache.coyote.AbstractProtocol pause
信息: Pausing ProtocolHandler ["http-bio-8080"]
一月 04, 2019 5:30:06 上午 org.apache.coyote.AbstractProtocol pause
信息: Pausing ProtocolHandler ["http-bio-80"]
一月 04, 2019 5:30:06 上午 org.apache.coyote.AbstractProtocol pause
信息: Pausing ProtocolHandler ["ajp-bio-8009"]
一月 04, 2019 5:30:06 上午 org.apache.catalina.core.StandardService stopInternal
信息: Stopping service Catalina
一月 04, 2019 5:30:06 上午 org.apache.catalina.loader.WebappClassLoaderBase clearReferencesJdbc
严重: The web application [/gdjk] registered the JDBC driver [oracle.jdbc.driver.OracleDriver] but failed to unregister it when the web application was stopped. To prevent a memory leak, the JDBC Driver has been forcibly unregistered.
一月 04, 2019 5:30:06 上午 org.apache.catalina.loader.WebappClassLoaderBase clearReferencesThreads
严重: The web application [/gdjk] appears to have started a thread named [Timer-0] but has failed to stop it. This is very likely to create a memory leak.
一月 04, 2019 5:30:06 上午 org.apache.catalina.loader.WebappClassLoaderBase clearReferencesThreads
严重: The web application [/gdjk] appears to have started a thread named [com.mchange.v2.async.ThreadPoolAsynchronousRunner$PoolThread-#0] but has failed to stop it. This is very likely to create a memory leak.
一月 04, 2019 5:30:06 上午 org.apache.catalina.loader.WebappClassLoaderBase clearReferencesThreads
严重: The web application [/gdjk] appears to have started a thread named [com.mchange.v2.async.ThreadPoolAsynchronousRunner$PoolThread-#1] but has failed to stop it. This is very likely to create a memory leak.
一月 04, 2019 5:30:06 上午 org.apache.catalina.loader.WebappClassLoaderBase clearReferencesThreads
严重: The web application [/gdjk] appears to have started a thread named [com.mchange.v2.async.ThreadPoolAsynchronousRunner$PoolThread-#2] but has failed to stop it. This is very likely to create a memory leak.
一月 04, 2019 5:30:06 上午 org.apache.coyote.AbstractProtocol stop
信息: Stopping ProtocolHandler ["http-bio-8080"]
一月 04, 2019 5:30:06 上午 org.apache.coyote.AbstractProtocol stop
信息: Stopping ProtocolHandler ["ajp-bio-8009"]
一月 04, 2019 5:30:06 上午 org.apache.coyote.AbstractProtocol destroy
信息: Destroying ProtocolHandler ["http-bio-8080"]
一月 04, 2019 5:30:06 上午 org.apache.coyote.AbstractProtocol stop
信息: Stopping ProtocolHandler ["http-bio-80"]
一月 04, 2019 5:30:06 上午 org.apache.coyote.AbstractProtocol destroy
信息: Destroying ProtocolHandler ["http-bio-80"]
一月 04, 2019 5:30:06 上午 org.apache.coyote.AbstractProtocol destroy
信息: Destroying ProtocolHandler ["ajp-bio-8009"]
一月 04, 2019 5:30:11 上午 org.apache.catalina.startup.VersionLoggerListener log
信息: Server version:        Apache Tomcat/7.0.75
一月 04, 2019 5:30:11 上午 org.apache.catalina.startup.VersionLoggerListener log
信息: Server built:          Jan 18 2017 20:54:42 UTC
一月 04, 2019 5:30:11 上午 org.apache.catalina.startup.VersionLoggerListener log
信息: Server number:         7.0.75.0
一月 04, 2019 5:30:11 上午 org.apache.catalina.startup.VersionLoggerListener log
信息: OS Name:               Linux
一月 04, 2019 5:30:11 上午 org.apache.catalina.startup.VersionLoggerListener log
信息: OS Version:            2.6.32-431.el6.x86_64
一月 04, 2019 5:30:11 上午 org.apache.catalina.startup.VersionLoggerListener log
信息: Architecture:          amd64
一月 04, 2019 5:30:11 上午 org.apache.catalina.startup.VersionLoggerListener log
信息: Java Home:             /usr/java/jdk1.8.0_181-amd64/jre
一月 04, 2019 5:30:11 上午 org.apache.catalina.startup.VersionLoggerListener log
信息: JVM Version:           1.8.0_181-b13
一月 04, 2019 5:30:11 上午 org.apache.catalina.startup.VersionLoggerListener log
信息: JVM Vendor:            Oracle Corporation
一月 04, 2019 5:30:11 上午 org.apache.catalina.startup.VersionLoggerListener log
信息: CATALINA_BASE:         /usr/local/apache-tomcat-7.0.75
一月 04, 2019 5:30:11 上午 org.apache.catalina.startup.VersionLoggerListener log
信息: CATALINA_HOME:         /usr/local/apache-tomcat-7.0.75
一月 04, 2019 5:30:11 上午 org.apache.catalina.startup.VersionLoggerListener log
信息: Command line argument: -Djava.util.logging.config.file=/usr/local/apache-tomcat-7.0.75/conf/logging.properties
一月 04, 2019 5:30:11 上午 org.apache.catalina.startup.VersionLoggerListener log
信息: Command line argument: -Djava.util.logging.manager=org.apache.juli.ClassLoaderLogManager
一月 04, 2019 5:30:11 上午 org.apache.catalina.startup.VersionLoggerListener log
信息: Command line argument: -Djdk.tls.ephemeralDHKeySize=2048
一月 04, 2019 5:30:11 上午 org.apache.catalina.startup.VersionLoggerListener log
信息: Command line argument: -Djava.endorsed.dirs=/usr/local/apache-tomcat-7.0.75/endorsed
一月 04, 2019 5:30:11 上午 org.apache.catalina.startup.VersionLoggerListener log
信息: Command line argument: -Dcatalina.base=/usr/local/apache-tomcat-7.0.75
一月 04, 2019 5:30:11 上午 org.apache.catalina.startup.VersionLoggerListener log
信息: Command line argument: -Dcatalina.home=/usr/local/apache-tomcat-7.0.75
一月 04, 2019 5:30:11 上午 org.apache.catalina.startup.VersionLoggerListener log
信息: Command line argument: -Djava.io.tmpdir=/usr/local/apache-tomcat-7.0.75/temp
一月 04, 2019 5:30:11 上午 org.apache.catalina.core.AprLifecycleListener lifecycleEvent
信息: The APR based Apache Tomcat Native library which allows optimal performance in production environments was not found on the java.library.path: /usr/lib/oracle/11.2/client64/lib::/usr/java/packages/lib/amd64:/usr/lib64:/lib64:/lib:/usr/lib
一月 04, 2019 5:30:11 上午 org.apache.coyote.AbstractProtocol init
信息: Initializing ProtocolHandler ["http-bio-8080"]
一月 04, 2019 5:30:12 上午 org.apache.coyote.AbstractProtocol init
信息: Initializing ProtocolHandler ["http-bio-80"]
一月 04, 2019 5:30:12 上午 org.apache.coyote.AbstractProtocol init
严重: Failed to initialize end point associated with ProtocolHandler ["http-bio-80"]
java.net.SocketException: 地址已在使用 (Listen failed)
	at java.net.PlainSocketImpl.socketListen(Native Method)
	at java.net.AbstractPlainSocketImpl.listen(AbstractPlainSocketImpl.java:399)
	at java.net.ServerSocket.bind(ServerSocket.java:376)
	at java.net.ServerSocket.<init>(ServerSocket.java:237)
	at java.net.ServerSocket.<init>(ServerSocket.java:181)
	at org.apache.tomcat.util.net.DefaultServerSocketFactory.createSocket(DefaultServerSocketFactory.java:49)
	at org.apache.tomcat.util.net.JIoEndpoint.bind(JIoEndpoint.java:400)
	at org.apache.tomcat.util.net.AbstractEndpoint.init(AbstractEndpoint.java:715)
	at org.apache.coyote.AbstractProtocol.init(AbstractProtocol.java:452)
	at org.apache.coyote.http11.AbstractHttp11JsseProtocol.init(AbstractHttp11JsseProtocol.java:119)
	at org.apache.catalina.connector.Connector.initInternal(Connector.java:978)
	at org.apache.catalina.util.LifecycleBase.init(LifecycleBase.java:102)
	at org.apache.catalina.core.StandardService.initInternal(StandardService.java:560)
	at org.apache.catalina.util.LifecycleBase.init(LifecycleBase.java:102)
	at org.apache.catalina.core.StandardServer.initInternal(StandardServer.java:840)
	at org.apache.catalina.util.LifecycleBase.init(LifecycleBase.java:102)
	at org.apache.catalina.startup.Catalina.load(Catalina.java:642)
	at org.apache.catalina.startup.Catalina.load(Catalina.java:667)
	at sun.reflect.NativeMethodAccessorImpl.invoke0(Native Method)
	at sun.reflect.NativeMethodAccessorImpl.invoke(NativeMethodAccessorImpl.java:62)
	at sun.reflect.DelegatingMethodAccessorImpl.invoke(DelegatingMethodAccessorImpl.java:43)
	at java.lang.reflect.Method.invoke(Method.java:498)
	at org.apache.catalina.startup.Bootstrap.load(Bootstrap.java:253)
	at org.apache.catalina.startup.Bootstrap.main(Bootstrap.java:427)

一月 04, 2019 5:30:12 上午 org.apache.catalina.core.StandardService initInternal
严重: Failed to initialize connector [Connector[HTTP/1.1-80]]
org.apache.catalina.LifecycleException: Failed to initialize component [Connector[HTTP/1.1-80]]
	at org.apache.catalina.util.LifecycleBase.init(LifecycleBase.java:107)
	at org.apache.catalina.core.StandardService.initInternal(StandardService.java:560)
	at org.apache.catalina.util.LifecycleBase.init(LifecycleBase.java:102)
	at org.apache.catalina.core.StandardServer.initInternal(StandardServer.java:840)
	at org.apache.catalina.util.LifecycleBase.init(LifecycleBase.java:102)
	at org.apache.catalina.startup.Catalina.load(Catalina.java:642)
	at org.apache.catalina.startup.Catalina.load(Catalina.java:667)
	at sun.reflect.NativeMethodAccessorImpl.invoke0(Native Method)
	at sun.reflect.NativeMethodAccessorImpl.invoke(NativeMethodAccessorImpl.java:62)
	at sun.reflect.DelegatingMethodAccessorImpl.invoke(DelegatingMethodAccessorImpl.java:43)
	at java.lang.reflect.Method.invoke(Method.java:498)
	at org.apache.catalina.startup.Bootstrap.load(Bootstrap.java:253)
	at org.apache.catalina.startup.Bootstrap.main(Bootstrap.java:427)
Caused by: org.apache.catalina.LifecycleException: Protocol handler initialization failed
	at org.apache.catalina.connector.Connector.initInternal(Connector.java:980)
	at org.apache.catalina.util.LifecycleBase.init(LifecycleBase.java:102)
	... 12 more
Caused by: java.net.SocketException: 地址已在使用 (Listen failed)
	at java.net.PlainSocketImpl.socketListen(Native Method)
	at java.net.AbstractPlainSocketImpl.listen(AbstractPlainSocketImpl.java:399)
	at java.net.ServerSocket.bind(ServerSocket.java:376)
	at java.net.ServerSocket.<init>(ServerSocket.java:237)
	at java.net.ServerSocket.<init>(ServerSocket.java:181)
	at org.apache.tomcat.util.net.DefaultServerSocketFactory.createSocket(DefaultServerSocketFactory.java:49)
	at org.apache.tomcat.util.net.JIoEndpoint.bind(JIoEndpoint.java:400)
	at org.apache.tomcat.util.net.AbstractEndpoint.init(AbstractEndpoint.java:715)
	at org.apache.coyote.AbstractProtocol.init(AbstractProtocol.java:452)
	at org.apache.coyote.http11.AbstractHttp11JsseProtocol.init(AbstractHttp11JsseProtocol.java:119)
	at org.apache.catalina.connector.Connector.initInternal(Connector.java:978)
	... 13 more

一月 04, 2019 5:30:12 上午 org.apache.coyote.AbstractProtocol init
信息: Initializing ProtocolHandler ["ajp-bio-8009"]
一月 04, 2019 5:30:12 上午 org.apache.catalina.startup.Catalina load
信息: Initialization processed in 481 ms
一月 04, 2019 5:30:12 上午 org.apache.catalina.core.StandardService startInternal
信息: Starting service Catalina
一月 04, 2019 5:30:12 上午 org.apache.catalina.core.StandardEngine startInternal
信息: Starting Servlet Engine: Apache Tomcat/7.0.75
一月 04, 2019 5:30:12 上午 org.apache.catalina.startup.HostConfig deployWAR
信息: Deploying web application archive /usr/local/apache-tomcat-7.0.75/webapps/gdjk.war
一月 04, 2019 5:30:12 上午 org.apache.catalina.loader.WebappClassLoaderBase validateJarFile
信息: validateJarFile(/usr/local/apache-tomcat-7.0.75/webapps/gdjk/WEB-INF/lib/servlet-api-2.5.jar) - jar not loaded. See Servlet Spec 3.0, section 10.7.2. Offending class: javax/servlet/Servlet.class
一月 04, 2019 5:30:14 上午 org.apache.catalina.startup.TaglibUriRule body
信息: TLD skipped. URI: http://www.springframework.org/tags is already defined
一月 04, 2019 5:30:14 上午 org.apache.catalina.startup.TaglibUriRule body
信息: TLD skipped. URI: http://java.sun.com/jsp/jstl/core is already defined
一月 04, 2019 5:30:14 上午 org.apache.catalina.startup.TldConfig execute
信息: At least one JAR was scanned for TLDs yet contained no TLDs. Enable debug logging for this logger for a complete list of JARs that were scanned but no TLDs were found in them. Skipping unneeded JARs during scanning can improve startup time and JSP compilation time.
一月 04, 2019 5:30:16 上午 org.apache.catalina.startup.HostConfig deployWAR
信息: Deployment of web application archive /usr/local/apache-tomcat-7.0.75/webapps/gdjk.war has finished in 4,869 ms
一月 04, 2019 5:30:16 上午 org.apache.catalina.startup.HostConfig deployDirectory
信息: Deploying web application directory /usr/local/apache-tomcat-7.0.75/webapps/upLoad20181123
一月 04, 2019 5:30:16 上午 org.apache.catalina.startup.HostConfig deployDirectory
信息: Deployment of web application directory /usr/local/apache-tomcat-7.0.75/webapps/upLoad20181123 has finished in 25 ms
一月 04, 2019 5:30:16 上午 org.apache.catalina.startup.HostConfig deployDirectory
信息: Deploying web application directory /usr/local/apache-tomcat-7.0.75/webapps/examples
一月 04, 2019 5:30:17 上午 org.apache.catalina.startup.HostConfig deployDirectory
信息: Deployment of web application directory /usr/local/apache-tomcat-7.0.75/webapps/examples has finished in 107 ms
一月 04, 2019 5:30:17 上午 org.apache.catalina.startup.HostConfig deployDirectory
信息: Deploying web application directory /usr/local/apache-tomcat-7.0.75/webapps/docs
一月 04, 2019 5:30:17 上午 org.apache.catalina.startup.HostConfig deployDirectory
信息: Deployment of web application directory /usr/local/apache-tomcat-7.0.75/webapps/docs has finished in 22 ms
一月 04, 2019 5:30:17 上午 org.apache.catalina.startup.HostConfig deployDirectory
信息: Deploying web application directory /usr/local/apache-tomcat-7.0.75/webapps/upLoad
一月 04, 2019 5:30:17 上午 org.apache.catalina.startup.HostConfig deployDirectory
信息: Deployment of web application directory /usr/local/apache-tomcat-7.0.75/webapps/upLoad has finished in 21 ms
一月 04, 2019 5:30:17 上午 org.apache.catalina.startup.HostConfig deployDirectory
信息: Deploying web application directory /usr/local/apache-tomcat-7.0.75/webapps/ROOT
一月 04, 2019 5:30:17 上午 org.apache.catalina.startup.HostConfig deployDirectory
信息: Deployment of web application directory /usr/local/apache-tomcat-7.0.75/webapps/ROOT has finished in 20 ms
一月 04, 2019 5:30:17 上午 org.apache.catalina.startup.HostConfig deployDirectory
信息: Deploying web application directory /usr/local/apache-tomcat-7.0.75/webapps/host-manager
一月 04, 2019 5:30:17 上午 org.apache.catalina.startup.HostConfig deployDirectory
信息: Deployment of web application directory /usr/local/apache-tomcat-7.0.75/webapps/host-manager has finished in 26 ms
一月 04, 2019 5:30:17 上午 org.apache.catalina.startup.HostConfig deployDirectory
信息: Deploying web application directory /usr/local/apache-tomcat-7.0.75/webapps/manager
一月 04, 2019 5:30:17 上午 org.apache.catalina.startup.HostConfig deployDirectory
信息: Deployment of web application directory /usr/local/apache-tomcat-7.0.75/webapps/manager has finished in 27 ms
一月 04, 2019 5:30:17 上午 org.apache.coyote.AbstractProtocol start
信息: Starting ProtocolHandler ["http-bio-8080"]
一月 04, 2019 5:30:17 上午 org.apache.coyote.AbstractProtocol start
信息: Starting ProtocolHandler ["ajp-bio-8009"]
一月 04, 2019 5:30:17 上午 org.apache.catalina.startup.Catalina start
信息: Server startup in 5177 ms
一月 04, 2019 5:35:18 上午 org.apache.catalina.core.StandardServer await
信息: A valid shutdown command was received via the shutdown port. Stopping the Server instance.
一月 04, 2019 5:35:18 上午 org.apache.coyote.AbstractProtocol pause
信息: Pausing ProtocolHandler ["http-bio-8080"]
一月 04, 2019 5:35:18 上午 org.apache.coyote.AbstractProtocol pause
信息: Pausing ProtocolHandler ["http-bio-80"]
一月 04, 2019 5:35:18 上午 org.apache.coyote.AbstractProtocol pause
信息: Pausing ProtocolHandler ["ajp-bio-8009"]
一月 04, 2019 5:35:18 上午 org.apache.catalina.core.StandardService stopInternal
信息: Stopping service Catalina
一月 04, 2019 5:35:18 上午 org.apache.catalina.loader.WebappClassLoaderBase clearReferencesJdbc
严重: The web application [/gdjk] registered the JDBC driver [oracle.jdbc.driver.OracleDriver] but failed to unregister it when the web application was stopped. To prevent a memory leak, the JDBC Driver has been forcibly unregistered.
一月 04, 2019 5:35:18 上午 org.apache.catalina.loader.WebappClassLoaderBase clearReferencesThreads
严重: The web application [/gdjk] appears to have started a thread named [Timer-0] but has failed to stop it. This is very likely to create a memory leak.
一月 04, 2019 5:35:18 上午 org.apache.catalina.loader.WebappClassLoaderBase clearReferencesThreads
严重: The web application [/gdjk] appears to have started a thread named [com.mchange.v2.async.ThreadPoolAsynchronousRunner$PoolThread-#0] but has failed to stop it. This is very likely to create a memory leak.
一月 04, 2019 5:35:18 上午 org.apache.catalina.loader.WebappClassLoaderBase clearReferencesThreads
严重: The web application [/gdjk] appears to have started a thread named [com.mchange.v2.async.ThreadPoolAsynchronousRunner$PoolThread-#1] but has failed to stop it. This is very likely to create a memory leak.
一月 04, 2019 5:35:18 上午 org.apache.catalina.loader.WebappClassLoaderBase clearReferencesThreads
严重: The web application [/gdjk] appears to have started a thread named [com.mchange.v2.async.ThreadPoolAsynchronousRunner$PoolThread-#2] but has failed to stop it. This is very likely to create a memory leak.
一月 04, 2019 5:35:18 上午 org.apache.coyote.AbstractProtocol stop
信息: Stopping ProtocolHandler ["http-bio-8080"]
一月 04, 2019 5:35:18 上午 org.apache.coyote.AbstractProtocol stop
信息: Stopping ProtocolHandler ["ajp-bio-8009"]
一月 04, 2019 5:35:18 上午 org.apache.coyote.AbstractProtocol destroy
信息: Destroying ProtocolHandler ["http-bio-8080"]
一月 04, 2019 5:35:18 上午 org.apache.coyote.AbstractProtocol stop
信息: Stopping ProtocolHandler ["http-bio-80"]
一月 04, 2019 5:35:18 上午 org.apache.coyote.AbstractProtocol destroy
信息: Destroying ProtocolHandler ["http-bio-80"]
一月 04, 2019 5:35:18 上午 org.apache.coyote.AbstractProtocol destroy
信息: Destroying ProtocolHandler ["ajp-bio-8009"]
一月 04, 2019 5:35:24 上午 org.apache.catalina.startup.VersionLoggerListener log
信息: Server version:        Apache Tomcat/7.0.75
一月 04, 2019 5:35:24 上午 org.apache.catalina.startup.VersionLoggerListener log
信息: Server built:          Jan 18 2017 20:54:42 UTC
一月 04, 2019 5:35:24 上午 org.apache.catalina.startup.VersionLoggerListener log
信息: Server number:         7.0.75.0
一月 04, 2019 5:35:24 上午 org.apache.catalina.startup.VersionLoggerListener log
信息: OS Name:               Linux
一月 04, 2019 5:35:24 上午 org.apache.catalina.startup.VersionLoggerListener log
信息: OS Version:            2.6.32-431.el6.x86_64
一月 04, 2019 5:35:24 上午 org.apache.catalina.startup.VersionLoggerListener log
信息: Architecture:          amd64
一月 04, 2019 5:35:24 上午 org.apache.catalina.startup.VersionLoggerListener log
信息: Java Home:             /usr/java/jdk1.8.0_181-amd64/jre
一月 04, 2019 5:35:24 上午 org.apache.catalina.startup.VersionLoggerListener log
信息: JVM Version:           1.8.0_181-b13
一月 04, 2019 5:35:24 上午 org.apache.catalina.startup.VersionLoggerListener log
信息: JVM Vendor:            Oracle Corporation
一月 04, 2019 5:35:24 上午 org.apache.catalina.startup.VersionLoggerListener log
信息: CATALINA_BASE:         /usr/local/apache-tomcat-7.0.75
一月 04, 2019 5:35:24 上午 org.apache.catalina.startup.VersionLoggerListener log
信息: CATALINA_HOME:         /usr/local/apache-tomcat-7.0.75
一月 04, 2019 5:35:24 上午 org.apache.catalina.startup.VersionLoggerListener log
信息: Command line argument: -Djava.util.logging.config.file=/usr/local/apache-tomcat-7.0.75/conf/logging.properties
一月 04, 2019 5:35:24 上午 org.apache.catalina.startup.VersionLoggerListener log
信息: Command line argument: -Djava.util.logging.manager=org.apache.juli.ClassLoaderLogManager
一月 04, 2019 5:35:24 上午 org.apache.catalina.startup.VersionLoggerListener log
信息: Command line argument: -Djdk.tls.ephemeralDHKeySize=2048
一月 04, 2019 5:35:24 上午 org.apache.catalina.startup.VersionLoggerListener log
信息: Command line argument: -Djava.endorsed.dirs=/usr/local/apache-tomcat-7.0.75/endorsed
一月 04, 2019 5:35:24 上午 org.apache.catalina.startup.VersionLoggerListener log
信息: Command line argument: -Dcatalina.base=/usr/local/apache-tomcat-7.0.75
一月 04, 2019 5:35:24 上午 org.apache.catalina.startup.VersionLoggerListener log
信息: Command line argument: -Dcatalina.home=/usr/local/apache-tomcat-7.0.75
一月 04, 2019 5:35:24 上午 org.apache.catalina.startup.VersionLoggerListener log
信息: Command line argument: -Djava.io.tmpdir=/usr/local/apache-tomcat-7.0.75/temp
一月 04, 2019 5:35:24 上午 org.apache.catalina.core.AprLifecycleListener lifecycleEvent
信息: The APR based Apache Tomcat Native library which allows optimal performance in production environments was not found on the java.library.path: /usr/lib/oracle/11.2/client64/lib::/usr/java/packages/lib/amd64:/usr/lib64:/lib64:/lib:/usr/lib
一月 04, 2019 5:35:24 上午 org.apache.coyote.AbstractProtocol init
信息: Initializing ProtocolHandler ["http-bio-8080"]
一月 04, 2019 5:35:24 上午 org.apache.coyote.AbstractProtocol init
信息: Initializing ProtocolHandler ["http-bio-80"]
一月 04, 2019 5:35:24 上午 org.apache.coyote.AbstractProtocol init
严重: Failed to initialize end point associated with ProtocolHandler ["http-bio-80"]
java.net.SocketException: 地址已在使用 (Listen failed)
	at java.net.PlainSocketImpl.socketListen(Native Method)
	at java.net.AbstractPlainSocketImpl.listen(AbstractPlainSocketImpl.java:399)
	at java.net.ServerSocket.bind(ServerSocket.java:376)
	at java.net.ServerSocket.<init>(ServerSocket.java:237)
	at java.net.ServerSocket.<init>(ServerSocket.java:181)
	at org.apache.tomcat.util.net.DefaultServerSocketFactory.createSocket(DefaultServerSocketFactory.java:49)
	at org.apache.tomcat.util.net.JIoEndpoint.bind(JIoEndpoint.java:400)
	at org.apache.tomcat.util.net.AbstractEndpoint.init(AbstractEndpoint.java:715)
	at org.apache.coyote.AbstractProtocol.init(AbstractProtocol.java:452)
	at org.apache.coyote.http11.AbstractHttp11JsseProtocol.init(AbstractHttp11JsseProtocol.java:119)
	at org.apache.catalina.connector.Connector.initInternal(Connector.java:978)
	at org.apache.catalina.util.LifecycleBase.init(LifecycleBase.java:102)
	at org.apache.catalina.core.StandardService.initInternal(StandardService.java:560)
	at org.apache.catalina.util.LifecycleBase.init(LifecycleBase.java:102)
	at org.apache.catalina.core.StandardServer.initInternal(StandardServer.java:840)
	at org.apache.catalina.util.LifecycleBase.init(LifecycleBase.java:102)
	at org.apache.catalina.startup.Catalina.load(Catalina.java:642)
	at org.apache.catalina.startup.Catalina.load(Catalina.java:667)
	at sun.reflect.NativeMethodAccessorImpl.invoke0(Native Method)
	at sun.reflect.NativeMethodAccessorImpl.invoke(NativeMethodAccessorImpl.java:62)
	at sun.reflect.DelegatingMethodAccessorImpl.invoke(DelegatingMethodAccessorImpl.java:43)
	at java.lang.reflect.Method.invoke(Method.java:498)
	at org.apache.catalina.startup.Bootstrap.load(Bootstrap.java:253)
	at org.apache.catalina.startup.Bootstrap.main(Bootstrap.java:427)

一月 04, 2019 5:35:24 上午 org.apache.catalina.core.StandardService initInternal
严重: Failed to initialize connector [Connector[HTTP/1.1-80]]
org.apache.catalina.LifecycleException: Failed to initialize component [Connector[HTTP/1.1-80]]
	at org.apache.catalina.util.LifecycleBase.init(LifecycleBase.java:107)
	at org.apache.catalina.core.StandardService.initInternal(StandardService.java:560)
	at org.apache.catalina.util.LifecycleBase.init(LifecycleBase.java:102)
	at org.apache.catalina.core.StandardServer.initInternal(StandardServer.java:840)
	at org.apache.catalina.util.LifecycleBase.init(LifecycleBase.java:102)
	at org.apache.catalina.startup.Catalina.load(Catalina.java:642)
	at org.apache.catalina.startup.Catalina.load(Catalina.java:667)
	at sun.reflect.NativeMethodAccessorImpl.invoke0(Native Method)
	at sun.reflect.NativeMethodAccessorImpl.invoke(NativeMethodAccessorImpl.java:62)
	at sun.reflect.DelegatingMethodAccessorImpl.invoke(DelegatingMethodAccessorImpl.java:43)
	at java.lang.reflect.Method.invoke(Method.java:498)
	at org.apache.catalina.startup.Bootstrap.load(Bootstrap.java:253)
	at org.apache.catalina.startup.Bootstrap.main(Bootstrap.java:427)
Caused by: org.apache.catalina.LifecycleException: Protocol handler initialization failed
	at org.apache.catalina.connector.Connector.initInternal(Connector.java:980)
	at org.apache.catalina.util.LifecycleBase.init(LifecycleBase.java:102)
	... 12 more
Caused by: java.net.SocketException: 地址已在使用 (Listen failed)
	at java.net.PlainSocketImpl.socketListen(Native Method)
	at java.net.AbstractPlainSocketImpl.listen(AbstractPlainSocketImpl.java:399)
	at java.net.ServerSocket.bind(ServerSocket.java:376)
	at java.net.ServerSocket.<init>(ServerSocket.java:237)
	at java.net.ServerSocket.<init>(ServerSocket.java:181)
	at org.apache.tomcat.util.net.DefaultServerSocketFactory.createSocket(DefaultServerSocketFactory.java:49)
	at org.apache.tomcat.util.net.JIoEndpoint.bind(JIoEndpoint.java:400)
	at org.apache.tomcat.util.net.AbstractEndpoint.init(AbstractEndpoint.java:715)
	at org.apache.coyote.AbstractProtocol.init(AbstractProtocol.java:452)
	at org.apache.coyote.http11.AbstractHttp11JsseProtocol.init(AbstractHttp11JsseProtocol.java:119)
	at org.apache.catalina.connector.Connector.initInternal(Connector.java:978)
	... 13 more

一月 04, 2019 5:35:24 上午 org.apache.coyote.AbstractProtocol init
信息: Initializing ProtocolHandler ["ajp-bio-8009"]
一月 04, 2019 5:35:24 上午 org.apache.catalina.startup.Catalina load
信息: Initialization processed in 467 ms
一月 04, 2019 5:35:24 上午 org.apache.catalina.core.StandardService startInternal
信息: Starting service Catalina
一月 04, 2019 5:35:24 上午 org.apache.catalina.core.StandardEngine startInternal
信息: Starting Servlet Engine: Apache Tomcat/7.0.75
一月 04, 2019 5:35:24 上午 org.apache.catalina.startup.HostConfig deployWAR
信息: Deploying web application archive /usr/local/apache-tomcat-7.0.75/webapps/gdjk.war
一月 04, 2019 5:35:24 上午 org.apache.catalina.loader.WebappClassLoaderBase validateJarFile
信息: validateJarFile(/usr/local/apache-tomcat-7.0.75/webapps/gdjk/WEB-INF/lib/servlet-api-2.5.jar) - jar not loaded. See Servlet Spec 3.0, section 10.7.2. Offending class: javax/servlet/Servlet.class
一月 04, 2019 5:35:26 上午 org.apache.catalina.startup.TaglibUriRule body
信息: TLD skipped. URI: http://www.springframework.org/tags is already defined
一月 04, 2019 5:35:26 上午 org.apache.catalina.startup.TaglibUriRule body
信息: TLD skipped. URI: http://java.sun.com/jsp/jstl/core is already defined
一月 04, 2019 5:35:26 上午 org.apache.catalina.startup.TldConfig execute
信息: At least one JAR was scanned for TLDs yet contained no TLDs. Enable debug logging for this logger for a complete list of JARs that were scanned but no TLDs were found in them. Skipping unneeded JARs during scanning can improve startup time and JSP compilation time.
一月 04, 2019 5:35:29 上午 org.apache.catalina.startup.HostConfig deployWAR
信息: Deployment of web application archive /usr/local/apache-tomcat-7.0.75/webapps/gdjk.war has finished in 4,816 ms
一月 04, 2019 5:35:29 上午 org.apache.catalina.startup.HostConfig deployDirectory
信息: Deploying web application directory /usr/local/apache-tomcat-7.0.75/webapps/upLoad20181123
一月 04, 2019 5:35:29 上午 org.apache.catalina.startup.HostConfig deployDirectory
信息: Deployment of web application directory /usr/local/apache-tomcat-7.0.75/webapps/upLoad20181123 has finished in 25 ms
一月 04, 2019 5:35:29 上午 org.apache.catalina.startup.HostConfig deployDirectory
信息: Deploying web application directory /usr/local/apache-tomcat-7.0.75/webapps/examples
一月 04, 2019 5:35:29 上午 org.apache.catalina.startup.HostConfig deployDirectory
信息: Deployment of web application directory /usr/local/apache-tomcat-7.0.75/webapps/examples has finished in 102 ms
一月 04, 2019 5:35:29 上午 org.apache.catalina.startup.HostConfig deployDirectory
信息: Deploying web application directory /usr/local/apache-tomcat-7.0.75/webapps/docs
一月 04, 2019 5:35:29 上午 org.apache.catalina.startup.HostConfig deployDirectory
信息: Deployment of web application directory /usr/local/apache-tomcat-7.0.75/webapps/docs has finished in 21 ms
一月 04, 2019 5:35:29 上午 org.apache.catalina.startup.HostConfig deployDirectory
信息: Deploying web application directory /usr/local/apache-tomcat-7.0.75/webapps/upLoad
一月 04, 2019 5:35:29 上午 org.apache.catalina.startup.HostConfig deployDirectory
信息: Deployment of web application directory /usr/local/apache-tomcat-7.0.75/webapps/upLoad has finished in 19 ms
一月 04, 2019 5:35:29 上午 org.apache.catalina.startup.HostConfig deployDirectory
信息: Deploying web application directory /usr/local/apache-tomcat-7.0.75/webapps/ROOT
一月 04, 2019 5:35:29 上午 org.apache.catalina.startup.HostConfig deployDirectory
信息: Deployment of web application directory /usr/local/apache-tomcat-7.0.75/webapps/ROOT has finished in 19 ms
一月 04, 2019 5:35:29 上午 org.apache.catalina.startup.HostConfig deployDirectory
信息: Deploying web application directory /usr/local/apache-tomcat-7.0.75/webapps/host-manager
一月 04, 2019 5:35:29 上午 org.apache.catalina.startup.HostConfig deployDirectory
信息: Deployment of web application directory /usr/local/apache-tomcat-7.0.75/webapps/host-manager has finished in 25 ms
一月 04, 2019 5:35:29 上午 org.apache.catalina.startup.HostConfig deployDirectory
信息: Deploying web application directory /usr/local/apache-tomcat-7.0.75/webapps/manager
一月 04, 2019 5:35:29 上午 org.apache.catalina.startup.HostConfig deployDirectory
信息: Deployment of web application directory /usr/local/apache-tomcat-7.0.75/webapps/manager has finished in 25 ms
一月 04, 2019 5:35:29 上午 org.apache.coyote.AbstractProtocol start
信息: Starting ProtocolHandler ["http-bio-8080"]
一月 04, 2019 5:35:29 上午 org.apache.coyote.AbstractProtocol start
信息: Starting ProtocolHandler ["ajp-bio-8009"]
一月 04, 2019 5:35:29 上午 org.apache.catalina.startup.Catalina start
信息: Server startup in 5109 ms
一月 04, 2019 5:37:42 上午 org.apache.catalina.core.StandardServer await
信息: A valid shutdown command was received via the shutdown port. Stopping the Server instance.
一月 04, 2019 5:37:42 上午 org.apache.coyote.AbstractProtocol pause
信息: Pausing ProtocolHandler ["http-bio-8080"]
一月 04, 2019 5:37:42 上午 org.apache.coyote.AbstractProtocol pause
信息: Pausing ProtocolHandler ["http-bio-80"]
一月 04, 2019 5:37:42 上午 org.apache.coyote.AbstractProtocol pause
信息: Pausing ProtocolHandler ["ajp-bio-8009"]
一月 04, 2019 5:37:42 上午 org.apache.catalina.core.StandardService stopInternal
信息: Stopping service Catalina
一月 04, 2019 5:37:43 上午 org.apache.catalina.loader.WebappClassLoaderBase clearReferencesJdbc
严重: The web application [/gdjk] registered the JDBC driver [oracle.jdbc.driver.OracleDriver] but failed to unregister it when the web application was stopped. To prevent a memory leak, the JDBC Driver has been forcibly unregistered.
一月 04, 2019 5:37:43 上午 org.apache.catalina.loader.WebappClassLoaderBase clearReferencesThreads
严重: The web application [/gdjk] appears to have started a thread named [Timer-0] but has failed to stop it. This is very likely to create a memory leak.
一月 04, 2019 5:37:43 上午 org.apache.catalina.loader.WebappClassLoaderBase clearReferencesThreads
严重: The web application [/gdjk] appears to have started a thread named [com.mchange.v2.async.ThreadPoolAsynchronousRunner$PoolThread-#0] but has failed to stop it. This is very likely to create a memory leak.
一月 04, 2019 5:37:43 上午 org.apache.catalina.loader.WebappClassLoaderBase clearReferencesThreads
严重: The web application [/gdjk] appears to have started a thread named [com.mchange.v2.async.ThreadPoolAsynchronousRunner$PoolThread-#1] but has failed to stop it. This is very likely to create a memory leak.
一月 04, 2019 5:37:43 上午 org.apache.catalina.loader.WebappClassLoaderBase clearReferencesThreads
严重: The web application [/gdjk] appears to have started a thread named [com.mchange.v2.async.ThreadPoolAsynchronousRunner$PoolThread-#2] but has failed to stop it. This is very likely to create a memory leak.
一月 04, 2019 5:37:43 上午 org.apache.coyote.AbstractProtocol stop
信息: Stopping ProtocolHandler ["http-bio-8080"]
一月 04, 2019 5:37:43 上午 org.apache.coyote.AbstractProtocol stop
信息: Stopping ProtocolHandler ["ajp-bio-8009"]
一月 04, 2019 5:37:43 上午 org.apache.coyote.AbstractProtocol destroy
信息: Destroying ProtocolHandler ["http-bio-8080"]
一月 04, 2019 5:37:43 上午 org.apache.coyote.AbstractProtocol stop
信息: Stopping ProtocolHandler ["http-bio-80"]
一月 04, 2019 5:37:43 上午 org.apache.coyote.AbstractProtocol destroy
信息: Destroying ProtocolHandler ["http-bio-80"]
一月 04, 2019 5:37:43 上午 org.apache.coyote.AbstractProtocol destroy
信息: Destroying ProtocolHandler ["ajp-bio-8009"]
一月 04, 2019 5:37:48 上午 org.apache.catalina.startup.VersionLoggerListener log
信息: Server version:        Apache Tomcat/7.0.75
一月 04, 2019 5:37:48 上午 org.apache.catalina.startup.VersionLoggerListener log
信息: Server built:          Jan 18 2017 20:54:42 UTC
一月 04, 2019 5:37:48 上午 org.apache.catalina.startup.VersionLoggerListener log
信息: Server number:         7.0.75.0
一月 04, 2019 5:37:48 上午 org.apache.catalina.startup.VersionLoggerListener log
信息: OS Name:               Linux
一月 04, 2019 5:37:48 上午 org.apache.catalina.startup.VersionLoggerListener log
信息: OS Version:            2.6.32-431.el6.x86_64
一月 04, 2019 5:37:48 上午 org.apache.catalina.startup.VersionLoggerListener log
信息: Architecture:          amd64
一月 04, 2019 5:37:48 上午 org.apache.catalina.startup.VersionLoggerListener log
信息: Java Home:             /usr/java/jdk1.8.0_181-amd64/jre
一月 04, 2019 5:37:48 上午 org.apache.catalina.startup.VersionLoggerListener log
信息: JVM Version:           1.8.0_181-b13
一月 04, 2019 5:37:48 上午 org.apache.catalina.startup.VersionLoggerListener log
信息: JVM Vendor:            Oracle Corporation
一月 04, 2019 5:37:48 上午 org.apache.catalina.startup.VersionLoggerListener log
信息: CATALINA_BASE:         /usr/local/apache-tomcat-7.0.75
一月 04, 2019 5:37:48 上午 org.apache.catalina.startup.VersionLoggerListener log
信息: CATALINA_HOME:         /usr/local/apache-tomcat-7.0.75
一月 04, 2019 5:37:48 上午 org.apache.catalina.startup.VersionLoggerListener log
信息: Command line argument: -Djava.util.logging.config.file=/usr/local/apache-tomcat-7.0.75/conf/logging.properties
一月 04, 2019 5:37:48 上午 org.apache.catalina.startup.VersionLoggerListener log
信息: Command line argument: -Djava.util.logging.manager=org.apache.juli.ClassLoaderLogManager
一月 04, 2019 5:37:48 上午 org.apache.catalina.startup.VersionLoggerListener log
信息: Command line argument: -Djdk.tls.ephemeralDHKeySize=2048
一月 04, 2019 5:37:48 上午 org.apache.catalina.startup.VersionLoggerListener log
信息: Command line argument: -Djava.endorsed.dirs=/usr/local/apache-tomcat-7.0.75/endorsed
一月 04, 2019 5:37:48 上午 org.apache.catalina.startup.VersionLoggerListener log
信息: Command line argument: -Dcatalina.base=/usr/local/apache-tomcat-7.0.75
一月 04, 2019 5:37:48 上午 org.apache.catalina.startup.VersionLoggerListener log
信息: Command line argument: -Dcatalina.home=/usr/local/apache-tomcat-7.0.75
一月 04, 2019 5:37:48 上午 org.apache.catalina.startup.VersionLoggerListener log
信息: Command line argument: -Djava.io.tmpdir=/usr/local/apache-tomcat-7.0.75/temp
一月 04, 2019 5:37:48 上午 org.apache.catalina.core.AprLifecycleListener lifecycleEvent
信息: The APR based Apache Tomcat Native library which allows optimal performance in production environments was not found on the java.library.path: /usr/lib/oracle/11.2/client64/lib::/usr/java/packages/lib/amd64:/usr/lib64:/lib64:/lib:/usr/lib
一月 04, 2019 5:37:48 上午 org.apache.coyote.AbstractProtocol init
信息: Initializing ProtocolHandler ["http-bio-8080"]
一月 04, 2019 5:37:48 上午 org.apache.coyote.AbstractProtocol init
信息: Initializing ProtocolHandler ["http-bio-80"]
一月 04, 2019 5:37:48 上午 org.apache.coyote.AbstractProtocol init
严重: Failed to initialize end point associated with ProtocolHandler ["http-bio-80"]
java.net.SocketException: 地址已在使用 (Listen failed)
	at java.net.PlainSocketImpl.socketListen(Native Method)
	at java.net.AbstractPlainSocketImpl.listen(AbstractPlainSocketImpl.java:399)
	at java.net.ServerSocket.bind(ServerSocket.java:376)
	at java.net.ServerSocket.<init>(ServerSocket.java:237)
	at java.net.ServerSocket.<init>(ServerSocket.java:181)
	at org.apache.tomcat.util.net.DefaultServerSocketFactory.createSocket(DefaultServerSocketFactory.java:49)
	at org.apache.tomcat.util.net.JIoEndpoint.bind(JIoEndpoint.java:400)
	at org.apache.tomcat.util.net.AbstractEndpoint.init(AbstractEndpoint.java:715)
	at org.apache.coyote.AbstractProtocol.init(AbstractProtocol.java:452)
	at org.apache.coyote.http11.AbstractHttp11JsseProtocol.init(AbstractHttp11JsseProtocol.java:119)
	at org.apache.catalina.connector.Connector.initInternal(Connector.java:978)
	at org.apache.catalina.util.LifecycleBase.init(LifecycleBase.java:102)
	at org.apache.catalina.core.StandardService.initInternal(StandardService.java:560)
	at org.apache.catalina.util.LifecycleBase.init(LifecycleBase.java:102)
	at org.apache.catalina.core.StandardServer.initInternal(StandardServer.java:840)
	at org.apache.catalina.util.LifecycleBase.init(LifecycleBase.java:102)
	at org.apache.catalina.startup.Catalina.load(Catalina.java:642)
	at org.apache.catalina.startup.Catalina.load(Catalina.java:667)
	at sun.reflect.NativeMethodAccessorImpl.invoke0(Native Method)
	at sun.reflect.NativeMethodAccessorImpl.invoke(NativeMethodAccessorImpl.java:62)
	at sun.reflect.DelegatingMethodAccessorImpl.invoke(DelegatingMethodAccessorImpl.java:43)
	at java.lang.reflect.Method.invoke(Method.java:498)
	at org.apache.catalina.startup.Bootstrap.load(Bootstrap.java:253)
	at org.apache.catalina.startup.Bootstrap.main(Bootstrap.java:427)

一月 04, 2019 5:37:48 上午 org.apache.catalina.core.StandardService initInternal
严重: Failed to initialize connector [Connector[HTTP/1.1-80]]
org.apache.catalina.LifecycleException: Failed to initialize component [Connector[HTTP/1.1-80]]
	at org.apache.catalina.util.LifecycleBase.init(LifecycleBase.java:107)
	at org.apache.catalina.core.StandardService.initInternal(StandardService.java:560)
	at org.apache.catalina.util.LifecycleBase.init(LifecycleBase.java:102)
	at org.apache.catalina.core.StandardServer.initInternal(StandardServer.java:840)
	at org.apache.catalina.util.LifecycleBase.init(LifecycleBase.java:102)
	at org.apache.catalina.startup.Catalina.load(Catalina.java:642)
	at org.apache.catalina.startup.Catalina.load(Catalina.java:667)
	at sun.reflect.NativeMethodAccessorImpl.invoke0(Native Method)
	at sun.reflect.NativeMethodAccessorImpl.invoke(NativeMethodAccessorImpl.java:62)
	at sun.reflect.DelegatingMethodAccessorImpl.invoke(DelegatingMethodAccessorImpl.java:43)
	at java.lang.reflect.Method.invoke(Method.java:498)
	at org.apache.catalina.startup.Bootstrap.load(Bootstrap.java:253)
	at org.apache.catalina.startup.Bootstrap.main(Bootstrap.java:427)
Caused by: org.apache.catalina.LifecycleException: Protocol handler initialization failed
	at org.apache.catalina.connector.Connector.initInternal(Connector.java:980)
	at org.apache.catalina.util.LifecycleBase.init(LifecycleBase.java:102)
	... 12 more
Caused by: java.net.SocketException: 地址已在使用 (Listen failed)
	at java.net.PlainSocketImpl.socketListen(Native Method)
	at java.net.AbstractPlainSocketImpl.listen(AbstractPlainSocketImpl.java:399)
	at java.net.ServerSocket.bind(ServerSocket.java:376)
	at java.net.ServerSocket.<init>(ServerSocket.java:237)
	at java.net.ServerSocket.<init>(ServerSocket.java:181)
	at org.apache.tomcat.util.net.DefaultServerSocketFactory.createSocket(DefaultServerSocketFactory.java:49)
	at org.apache.tomcat.util.net.JIoEndpoint.bind(JIoEndpoint.java:400)
	at org.apache.tomcat.util.net.AbstractEndpoint.init(AbstractEndpoint.java:715)
	at org.apache.coyote.AbstractProtocol.init(AbstractProtocol.java:452)
	at org.apache.coyote.http11.AbstractHttp11JsseProtocol.init(AbstractHttp11JsseProtocol.java:119)
	at org.apache.catalina.connector.Connector.initInternal(Connector.java:978)
	... 13 more

一月 04, 2019 5:37:48 上午 org.apache.coyote.AbstractProtocol init
信息: Initializing ProtocolHandler ["ajp-bio-8009"]
一月 04, 2019 5:37:48 上午 org.apache.catalina.startup.Catalina load
信息: Initialization processed in 467 ms
一月 04, 2019 5:37:48 上午 org.apache.catalina.core.StandardService startInternal
信息: Starting service Catalina
一月 04, 2019 5:37:48 上午 org.apache.catalina.core.StandardEngine startInternal
信息: Starting Servlet Engine: Apache Tomcat/7.0.75
一月 04, 2019 5:37:48 上午 org.apache.catalina.startup.HostConfig deployWAR
信息: Deploying web application archive /usr/local/apache-tomcat-7.0.75/webapps/gdjk.war
一月 04, 2019 5:37:48 上午 org.apache.catalina.loader.WebappClassLoaderBase validateJarFile
信息: validateJarFile(/usr/local/apache-tomcat-7.0.75/webapps/gdjk/WEB-INF/lib/servlet-api-2.5.jar) - jar not loaded. See Servlet Spec 3.0, section 10.7.2. Offending class: javax/servlet/Servlet.class
一月 04, 2019 5:37:50 上午 org.apache.catalina.startup.TaglibUriRule body
信息: TLD skipped. URI: http://www.springframework.org/tags is already defined
一月 04, 2019 5:37:50 上午 org.apache.catalina.startup.TaglibUriRule body
信息: TLD skipped. URI: http://java.sun.com/jsp/jstl/core is already defined
一月 04, 2019 5:37:50 上午 org.apache.catalina.startup.TldConfig execute
信息: At least one JAR was scanned for TLDs yet contained no TLDs. Enable debug logging for this logger for a complete list of JARs that were scanned but no TLDs were found in them. Skipping unneeded JARs during scanning can improve startup time and JSP compilation time.
一月 04, 2019 5:38:18 上午 org.apache.catalina.util.SessionIdGeneratorBase createSecureRandom
信息: Creation of SecureRandom instance for session ID generation using [SHA1PRNG] took [24,919] milliseconds.
一月 04, 2019 5:38:18 上午 org.apache.catalina.startup.HostConfig deployWAR
信息: Deployment of web application archive /usr/local/apache-tomcat-7.0.75/webapps/gdjk.war has finished in 29,768 ms
一月 04, 2019 5:38:18 上午 org.apache.catalina.startup.HostConfig deployDirectory
信息: Deploying web application directory /usr/local/apache-tomcat-7.0.75/webapps/upLoad20181123
一月 04, 2019 5:38:18 上午 org.apache.catalina.startup.HostConfig deployDirectory
信息: Deployment of web application directory /usr/local/apache-tomcat-7.0.75/webapps/upLoad20181123 has finished in 23 ms
一月 04, 2019 5:38:18 上午 org.apache.catalina.startup.HostConfig deployDirectory
信息: Deploying web application directory /usr/local/apache-tomcat-7.0.75/webapps/examples
一月 04, 2019 5:38:18 上午 org.apache.catalina.startup.HostConfig deployDirectory
信息: Deployment of web application directory /usr/local/apache-tomcat-7.0.75/webapps/examples has finished in 101 ms
一月 04, 2019 5:38:18 上午 org.apache.catalina.startup.HostConfig deployDirectory
信息: Deploying web application directory /usr/local/apache-tomcat-7.0.75/webapps/docs
一月 04, 2019 5:38:18 上午 org.apache.catalina.startup.HostConfig deployDirectory
信息: Deployment of web application directory /usr/local/apache-tomcat-7.0.75/webapps/docs has finished in 20 ms
一月 04, 2019 5:38:18 上午 org.apache.catalina.startup.HostConfig deployDirectory
信息: Deploying web application directory /usr/local/apache-tomcat-7.0.75/webapps/upLoad
一月 04, 2019 5:38:18 上午 org.apache.catalina.startup.HostConfig deployDirectory
信息: Deployment of web application directory /usr/local/apache-tomcat-7.0.75/webapps/upLoad has finished in 20 ms
一月 04, 2019 5:38:18 上午 org.apache.catalina.startup.HostConfig deployDirectory
信息: Deploying web application directory /usr/local/apache-tomcat-7.0.75/webapps/ROOT
一月 04, 2019 5:38:18 上午 org.apache.catalina.startup.HostConfig deployDirectory
信息: Deployment of web application directory /usr/local/apache-tomcat-7.0.75/webapps/ROOT has finished in 20 ms
一月 04, 2019 5:38:18 上午 org.apache.catalina.startup.HostConfig deployDirectory
信息: Deploying web application directory /usr/local/apache-tomcat-7.0.75/webapps/host-manager
一月 04, 2019 5:38:18 上午 org.apache.catalina.startup.HostConfig deployDirectory
信息: Deployment of web application directory /usr/local/apache-tomcat-7.0.75/webapps/host-manager has finished in 25 ms
一月 04, 2019 5:38:18 上午 org.apache.catalina.startup.HostConfig deployDirectory
信息: Deploying web application directory /usr/local/apache-tomcat-7.0.75/webapps/manager
一月 04, 2019 5:38:18 上午 org.apache.catalina.startup.HostConfig deployDirectory
信息: Deployment of web application directory /usr/local/apache-tomcat-7.0.75/webapps/manager has finished in 24 ms
一月 04, 2019 5:38:18 上午 org.apache.coyote.AbstractProtocol start
信息: Starting ProtocolHandler ["http-bio-8080"]
一月 04, 2019 5:38:18 上午 org.apache.coyote.AbstractProtocol start
信息: Starting ProtocolHandler ["ajp-bio-8009"]
一月 04, 2019 5:38:18 上午 org.apache.catalina.startup.Catalina start
信息: Server startup in 30061 ms
一月 04, 2019 5:47:48 上午 org.apache.coyote.ajp.AjpMessage processHeader
严重: Invalid message received with signature 5635
一月 04, 2019 10:17:36 上午 org.apache.coyote.ajp.AjpMessage processHeader
严重: Invalid message received with signature 18245
一月 04, 2019 8:38:12 下午 org.apache.catalina.realm.LockOutRealm filterLockedAccounts
警告: An attempt was made to authenticate the locked user "admin"
一月 04, 2019 8:38:13 下午 org.apache.catalina.realm.LockOutRealm filterLockedAccounts
警告: An attempt was made to authenticate the locked user "admin"
一月 04, 2019 8:38:13 下午 org.apache.catalina.realm.LockOutRealm filterLockedAccounts
警告: An attempt was made to authenticate the locked user "admin"
一月 04, 2019 8:38:13 下午 org.apache.catalina.realm.LockOutRealm filterLockedAccounts
警告: An attempt was made to authenticate the locked user "admin"
一月 04, 2019 8:38:13 下午 org.apache.catalina.realm.LockOutRealm filterLockedAccounts
警告: An attempt was made to authenticate the locked user "admin"
一月 04, 2019 8:38:14 下午 org.apache.catalina.realm.LockOutRealm filterLockedAccounts
警告: An attempt was made to authenticate the locked user "admin"
一月 04, 2019 8:38:14 下午 org.apache.catalina.realm.LockOutRealm filterLockedAccounts
警告: An attempt was made to authenticate the locked user "admin"
一月 04, 2019 8:38:14 下午 org.apache.catalina.realm.LockOutRealm filterLockedAccounts
警告: An attempt was made to authenticate the locked user "admin"
一月 04, 2019 8:38:14 下午 org.apache.catalina.realm.LockOutRealm filterLockedAccounts
警告: An attempt was made to authenticate the locked user "admin"
一月 04, 2019 8:38:15 下午 org.apache.catalina.realm.LockOutRealm filterLockedAccounts
警告: An attempt was made to authenticate the locked user "admin"
一月 04, 2019 8:38:15 下午 org.apache.catalina.realm.LockOutRealm filterLockedAccounts
警告: An attempt was made to authenticate the locked user "admin"
一月 04, 2019 8:38:15 下午 org.apache.catalina.realm.LockOutRealm filterLockedAccounts
警告: An attempt was made to authenticate the locked user "admin"
一月 04, 2019 8:38:16 下午 org.apache.catalina.realm.LockOutRealm filterLockedAccounts
警告: An attempt was made to authenticate the locked user "admin"
一月 04, 2019 8:38:16 下午 org.apache.catalina.realm.LockOutRealm filterLockedAccounts
警告: An attempt was made to authenticate the locked user "admin"
一月 04, 2019 8:38:16 下午 org.apache.catalina.realm.LockOutRealm filterLockedAccounts
警告: An attempt was made to authenticate the locked user "admin"
一月 04, 2019 8:38:17 下午 org.apache.catalina.realm.LockOutRealm filterLockedAccounts
警告: An attempt was made to authenticate the locked user "admin"
一月 04, 2019 8:38:17 下午 org.apache.catalina.realm.LockOutRealm filterLockedAccounts
警告: An attempt was made to authenticate the locked user "admin"
一月 04, 2019 8:38:18 下午 org.apache.catalina.realm.LockOutRealm filterLockedAccounts
警告: An attempt was made to authenticate the locked user "admin"
一月 04, 2019 8:38:18 下午 org.apache.catalina.realm.LockOutRealm filterLockedAccounts
警告: An attempt was made to authenticate the locked user "admin"
一月 04, 2019 8:38:18 下午 org.apache.catalina.realm.LockOutRealm filterLockedAccounts
警告: An attempt was made to authenticate the locked user "admin"
一月 04, 2019 8:38:18 下午 org.apache.catalina.realm.LockOutRealm filterLockedAccounts
警告: An attempt was made to authenticate the locked user "admin"
一月 04, 2019 8:38:19 下午 org.apache.catalina.realm.LockOutRealm filterLockedAccounts
警告: An attempt was made to authenticate the locked user "admin"
一月 04, 2019 8:38:19 下午 org.apache.catalina.realm.LockOutRealm filterLockedAccounts
警告: An attempt was made to authenticate the locked user "admin"
一月 04, 2019 8:38:19 下午 org.apache.catalina.realm.LockOutRealm filterLockedAccounts
警告: An attempt was made to authenticate the locked user "admin"
一月 04, 2019 8:38:20 下午 org.apache.catalina.realm.LockOutRealm filterLockedAccounts
警告: An attempt was made to authenticate the locked user "admin"
一月 04, 2019 8:38:20 下午 org.apache.catalina.realm.LockOutRealm filterLockedAccounts
警告: An attempt was made to authenticate the locked user "admin"
一月 04, 2019 8:38:20 下午 org.apache.catalina.realm.LockOutRealm filterLockedAccounts
警告: An attempt was made to authenticate the locked user "admin"
一月 04, 2019 8:38:21 下午 org.apache.catalina.realm.LockOutRealm filterLockedAccounts
警告: An attempt was made to authenticate the locked user "admin"
一月 04, 2019 8:38:21 下午 org.apache.catalina.realm.LockOutRealm filterLockedAccounts
警告: An attempt was made to authenticate the locked user "admin"
一月 04, 2019 8:38:21 下午 org.apache.catalina.realm.LockOutRealm filterLockedAccounts
警告: An attempt was made to authenticate the locked user "admin"
一月 04, 2019 8:38:22 下午 org.apache.catalina.realm.LockOutRealm filterLockedAccounts
警告: An attempt was made to authenticate the locked user "admin"
一月 04, 2019 8:38:22 下午 org.apache.catalina.realm.LockOutRealm filterLockedAccounts
警告: An attempt was made to authenticate the locked user "admin"
一月 04, 2019 8:38:22 下午 org.apache.catalina.realm.LockOutRealm filterLockedAccounts
警告: An attempt was made to authenticate the locked user "admin"
一月 04, 2019 8:38:23 下午 org.apache.catalina.realm.LockOutRealm filterLockedAccounts
警告: An attempt was made to authenticate the locked user "admin"
一月 04, 2019 8:38:23 下午 org.apache.catalina.realm.LockOutRealm filterLockedAccounts
警告: An attempt was made to authenticate the locked user "admin"
一月 04, 2019 8:38:24 下午 org.apache.catalina.realm.LockOutRealm filterLockedAccounts
警告: An attempt was made to authenticate the locked user "admin"
一月 04, 2019 8:38:24 下午 org.apache.catalina.realm.LockOutRealm filterLockedAccounts
警告: An attempt was made to authenticate the locked user "admin"
一月 04, 2019 8:38:24 下午 org.apache.catalina.realm.LockOutRealm filterLockedAccounts
警告: An attempt was made to authenticate the locked user "admin"
一月 04, 2019 8:38:24 下午 org.apache.catalina.realm.LockOutRealm filterLockedAccounts
警告: An attempt was made to authenticate the locked user "admin"
一月 04, 2019 8:38:25 下午 org.apache.catalina.realm.LockOutRealm filterLockedAccounts
警告: An attempt was made to authenticate the locked user "admin"
一月 04, 2019 8:38:25 下午 org.apache.catalina.realm.LockOutRealm filterLockedAccounts
警告: An attempt was made to authenticate the locked user "admin"
一月 04, 2019 8:38:25 下午 org.apache.catalina.realm.LockOutRealm filterLockedAccounts
警告: An attempt was made to authenticate the locked user "admin"
一月 04, 2019 8:38:25 下午 org.apache.catalina.realm.LockOutRealm filterLockedAccounts
警告: An attempt was made to authenticate the locked user "admin"
一月 04, 2019 8:38:26 下午 org.apache.catalina.realm.LockOutRealm filterLockedAccounts
警告: An attempt was made to authenticate the locked user "admin"
一月 04, 2019 8:38:26 下午 org.apache.catalina.realm.LockOutRealm filterLockedAccounts
警告: An attempt was made to authenticate the locked user "admin"
一月 04, 2019 8:38:27 下午 org.apache.catalina.realm.LockOutRealm filterLockedAccounts
警告: An attempt was made to authenticate the locked user "admin"
一月 04, 2019 8:38:27 下午 org.apache.catalina.realm.LockOutRealm filterLockedAccounts
警告: An attempt was made to authenticate the locked user "admin"
一月 04, 2019 8:38:27 下午 org.apache.catalina.realm.LockOutRealm filterLockedAccounts
警告: An attempt was made to authenticate the locked user "admin"
一月 04, 2019 8:38:28 下午 org.apache.catalina.realm.LockOutRealm filterLockedAccounts
警告: An attempt was made to authenticate the locked user "admin"
一月 04, 2019 8:38:28 下午 org.apache.catalina.realm.LockOutRealm filterLockedAccounts
警告: An attempt was made to authenticate the locked user "admin"
一月 04, 2019 8:38:28 下午 org.apache.catalina.realm.LockOutRealm filterLockedAccounts
警告: An attempt was made to authenticate the locked user "admin"
一月 04, 2019 8:38:29 下午 org.apache.catalina.realm.LockOutRealm filterLockedAccounts
警告: An attempt was made to authenticate the locked user "admin"
一月 04, 2019 8:38:29 下午 org.apache.catalina.realm.LockOutRealm filterLockedAccounts
警告: An attempt was made to authenticate the locked user "admin"
一月 04, 2019 8:38:29 下午 org.apache.catalina.realm.LockOutRealm filterLockedAccounts
警告: An attempt was made to authenticate the locked user "admin"
一月 04, 2019 8:38:29 下午 org.apache.catalina.realm.LockOutRealm filterLockedAccounts
警告: An attempt was made to authenticate the locked user "admin"
一月 04, 2019 8:38:30 下午 org.apache.catalina.realm.LockOutRealm filterLockedAccounts
警告: An attempt was made to authenticate the locked user "admin"
一月 04, 2019 8:38:30 下午 org.apache.catalina.realm.LockOutRealm filterLockedAccounts
警告: An attempt was made to authenticate the locked user "admin"
一月 04, 2019 8:38:31 下午 org.apache.catalina.realm.LockOutRealm filterLockedAccounts
警告: An attempt was made to authenticate the locked user "admin"
一月 04, 2019 8:38:31 下午 org.apache.catalina.realm.LockOutRealm filterLockedAccounts
警告: An attempt was made to authenticate the locked user "admin"
一月 04, 2019 8:38:31 下午 org.apache.catalina.realm.LockOutRealm filterLockedAccounts
警告: An attempt was made to authenticate the locked user "admin"
一月 04, 2019 8:38:32 下午 org.apache.catalina.realm.LockOutRealm filterLockedAccounts
警告: An attempt was made to authenticate the locked user "admin"
一月 04, 2019 8:38:32 下午 org.apache.catalina.realm.LockOutRealm filterLockedAccounts
警告: An attempt was made to authenticate the locked user "admin"
一月 04, 2019 8:38:33 下午 org.apache.catalina.realm.LockOutRealm filterLockedAccounts
警告: An attempt was made to authenticate the locked user "admin"
一月 04, 2019 8:38:33 下午 org.apache.catalina.realm.LockOutRealm filterLockedAccounts
警告: An attempt was made to authenticate the locked user "admin"
一月 04, 2019 8:38:34 下午 org.apache.catalina.realm.LockOutRealm filterLockedAccounts
警告: An attempt was made to authenticate the locked user "admin"
一月 04, 2019 8:38:34 下午 org.apache.catalina.realm.LockOutRealm filterLockedAccounts
警告: An attempt was made to authenticate the locked user "admin"
一月 04, 2019 8:38:35 下午 org.apache.catalina.realm.LockOutRealm filterLockedAccounts
警告: An attempt was made to authenticate the locked user "admin"
一月 04, 2019 8:38:35 下午 org.apache.catalina.realm.LockOutRealm filterLockedAccounts
警告: An attempt was made to authenticate the locked user "admin"
一月 04, 2019 8:38:36 下午 org.apache.catalina.realm.LockOutRealm filterLockedAccounts
警告: An attempt was made to authenticate the locked user "admin"
一月 04, 2019 8:38:36 下午 org.apache.catalina.realm.LockOutRealm filterLockedAccounts
警告: An attempt was made to authenticate the locked user "admin"
一月 04, 2019 8:38:37 下午 org.apache.catalina.realm.LockOutRealm filterLockedAccounts
警告: An attempt was made to authenticate the locked user "admin"
一月 04, 2019 8:38:37 下午 org.apache.catalina.realm.LockOutRealm filterLockedAccounts
警告: An attempt was made to authenticate the locked user "admin"
一月 04, 2019 8:38:38 下午 org.apache.catalina.realm.LockOutRealm filterLockedAccounts
警告: An attempt was made to authenticate the locked user "admin"
一月 04, 2019 8:38:38 下午 org.apache.catalina.realm.LockOutRealm filterLockedAccounts
警告: An attempt was made to authenticate the locked user "admin"
一月 04, 2019 8:38:38 下午 org.apache.catalina.realm.LockOutRealm filterLockedAccounts
警告: An attempt was made to authenticate the locked user "admin"
一月 04, 2019 8:38:39 下午 org.apache.catalina.realm.LockOutRealm filterLockedAccounts
警告: An attempt was made to authenticate the locked user "admin"
一月 04, 2019 8:38:39 下午 org.apache.catalina.realm.LockOutRealm filterLockedAccounts
警告: An attempt was made to authenticate the locked user "admin"
一月 04, 2019 8:38:40 下午 org.apache.catalina.realm.LockOutRealm filterLockedAccounts
警告: An attempt was made to authenticate the locked user "admin"
一月 04, 2019 8:38:40 下午 org.apache.catalina.realm.LockOutRealm filterLockedAccounts
警告: An attempt was made to authenticate the locked user "admin"
一月 04, 2019 8:38:41 下午 org.apache.catalina.realm.LockOutRealm filterLockedAccounts
警告: An attempt was made to authenticate the locked user "admin"
一月 04, 2019 8:38:41 下午 org.apache.catalina.realm.LockOutRealm filterLockedAccounts
警告: An attempt was made to authenticate the locked user "admin"
一月 04, 2019 8:38:42 下午 org.apache.catalina.realm.LockOutRealm filterLockedAccounts
警告: An attempt was made to authenticate the locked user "admin"
一月 04, 2019 8:38:42 下午 org.apache.catalina.realm.LockOutRealm filterLockedAccounts
警告: An attempt was made to authenticate the locked user "admin"
一月 04, 2019 8:38:43 下午 org.apache.catalina.realm.LockOutRealm filterLockedAccounts
警告: An attempt was made to authenticate the locked user "admin"
一月 04, 2019 8:38:43 下午 org.apache.catalina.realm.LockOutRealm filterLockedAccounts
警告: An attempt was made to authenticate the locked user "admin"
一月 04, 2019 8:38:44 下午 org.apache.catalina.realm.LockOutRealm filterLockedAccounts
警告: An attempt was made to authenticate the locked user "admin"
一月 04, 2019 8:38:45 下午 org.apache.catalina.realm.LockOutRealm filterLockedAccounts
警告: An attempt was made to authenticate the locked user "admin"
一月 04, 2019 8:38:45 下午 org.apache.catalina.realm.LockOutRealm filterLockedAccounts
警告: An attempt was made to authenticate the locked user "admin"
一月 04, 2019 8:38:46 下午 org.apache.catalina.realm.LockOutRealm filterLockedAccounts
警告: An attempt was made to authenticate the locked user "admin"
一月 04, 2019 8:38:46 下午 org.apache.catalina.realm.LockOutRealm filterLockedAccounts
警告: An attempt was made to authenticate the locked user "admin"
一月 04, 2019 8:38:47 下午 org.apache.catalina.realm.LockOutRealm filterLockedAccounts
警告: An attempt was made to authenticate the locked user "admin"
一月 04, 2019 8:38:47 下午 org.apache.catalina.realm.LockOutRealm filterLockedAccounts
警告: An attempt was made to authenticate the locked user "admin"
一月 04, 2019 8:38:48 下午 org.apache.catalina.realm.LockOutRealm filterLockedAccounts
警告: An attempt was made to authenticate the locked user "admin"
一月 04, 2019 8:38:48 下午 org.apache.catalina.realm.LockOutRealm filterLockedAccounts
警告: An attempt was made to authenticate the locked user "admin"
一月 04, 2019 11:15:45 下午 org.apache.coyote.ajp.AjpMessage processHeader
严重: Invalid message received with signature 27753
