二月 13, 2019 8:33:29 上午 org.apache.coyote.http11.AbstractHttp11Processor process
信息: Error parsing HTTP request header
 Note: further occurrences of HTTP header parsing errors will be logged at DEBUG level.
java.lang.IllegalArgumentException: Invalid character found in method name. HTTP method names must be tokens
	at org.apache.coyote.http11.InternalInputBuffer.parseRequestLine(InternalInputBuffer.java:136)
	at org.apache.coyote.http11.AbstractHttp11Processor.process(AbstractHttp11Processor.java:1000)
	at org.apache.coyote.AbstractProtocol$AbstractConnectionHandler.process(AbstractProtocol.java:637)
	at org.apache.tomcat.util.net.JIoEndpoint$SocketProcessor.run(JIoEndpoint.java:316)
	at java.util.concurrent.ThreadPoolExecutor.runWorker(ThreadPoolExecutor.java:1149)
	at java.util.concurrent.ThreadPoolExecutor$Worker.run(ThreadPoolExecutor.java:624)
	at org.apache.tomcat.util.threads.TaskThread$WrappingRunnable.run(TaskThread.java:61)
	at java.lang.Thread.run(Thread.java:748)

二月 13, 2019 8:33:29 上午 org.apache.coyote.http11.AbstractHttp11Processor process
信息: Error parsing HTTP request header
 Note: further occurrences of HTTP header parsing errors will be logged at DEBUG level.
java.lang.IllegalArgumentException: Invalid character found in method name. HTTP method names must be tokens
	at org.apache.coyote.http11.InternalInputBuffer.parseRequestLine(InternalInputBuffer.java:136)
	at org.apache.coyote.http11.AbstractHttp11Processor.process(AbstractHttp11Processor.java:1000)
	at org.apache.coyote.AbstractProtocol$AbstractConnectionHandler.process(AbstractProtocol.java:637)
	at org.apache.tomcat.util.net.JIoEndpoint$SocketProcessor.run(JIoEndpoint.java:316)
	at java.util.concurrent.ThreadPoolExecutor.runWorker(ThreadPoolExecutor.java:1149)
	at java.util.concurrent.ThreadPoolExecutor$Worker.run(ThreadPoolExecutor.java:624)
	at org.apache.tomcat.util.threads.TaskThread$WrappingRunnable.run(TaskThread.java:61)
	at java.lang.Thread.run(Thread.java:748)

二月 13, 2019 11:33:03 上午 org.apache.catalina.realm.LockOutRealm filterLockedAccounts
警告: An attempt was made to authenticate the locked user "tomcat"
二月 13, 2019 1:47:49 下午 org.apache.coyote.http11.AbstractHttp11Processor process
信息: Error parsing HTTP request header
 Note: further occurrences of HTTP header parsing errors will be logged at DEBUG level.
java.lang.IllegalArgumentException: Invalid character found in method name. HTTP method names must be tokens
	at org.apache.coyote.http11.InternalInputBuffer.parseRequestLine(InternalInputBuffer.java:136)
	at org.apache.coyote.http11.AbstractHttp11Processor.process(AbstractHttp11Processor.java:1000)
	at org.apache.coyote.AbstractProtocol$AbstractConnectionHandler.process(AbstractProtocol.java:637)
	at org.apache.tomcat.util.net.JIoEndpoint$SocketProcessor.run(JIoEndpoint.java:316)
	at java.util.concurrent.ThreadPoolExecutor.runWorker(ThreadPoolExecutor.java:1149)
	at java.util.concurrent.ThreadPoolExecutor$Worker.run(ThreadPoolExecutor.java:624)
	at org.apache.tomcat.util.threads.TaskThread$WrappingRunnable.run(TaskThread.java:61)
	at java.lang.Thread.run(Thread.java:748)

二月 13, 2019 6:00:21 下午 async.Async0$1 run
信息: Putting AsyncThread to sleep
二月 13, 2019 6:00:22 下午 async.Async0$1 run
信息: Putting AsyncThread to sleep
二月 13, 2019 6:00:23 下午 async.Async0$1 run
信息: Dispatching
二月 13, 2019 6:00:23 下午 async.Async0 service
信息: Received dispatch, completing on the worker thread.
二月 13, 2019 6:00:23 下午 async.Async0 service
信息: After complete called started:false
二月 13, 2019 6:00:23 下午 async.Async1$1 run
信息: Putting AsyncThread to sleep
二月 13, 2019 6:00:24 下午 async.Async1$1 run
信息: Putting AsyncThread to sleep
二月 13, 2019 6:00:24 下午 async.Async0$1 run
信息: Dispatching
二月 13, 2019 6:00:24 下午 async.Async0 service
信息: Received dispatch, completing on the worker thread.
二月 13, 2019 6:00:24 下午 async.Async0 service
信息: After complete called started:false
二月 13, 2019 6:00:25 下午 async.Async1$1 run
信息: Dispatching to /jsp/async/async1.jsp
二月 13, 2019 6:00:25 下午 async.Async2$1 run
信息: Putting AsyncThread to sleep
二月 13, 2019 6:00:26 下午 async.Async1$1 run
信息: Dispatching to /jsp/async/async1.jsp
二月 13, 2019 6:00:26 下午 async.Async2$1 run
信息: Putting AsyncThread to sleep
二月 13, 2019 6:00:27 下午 async.Async2$1 run
信息: Writing data.
二月 13, 2019 6:00:28 下午 async.Async2$1 run
信息: Writing data.
二月 13, 2019 6:06:45 下午 org.apache.coyote.http11.AbstractHttp11Processor process
信息: Error parsing HTTP request header
 Note: further occurrences of HTTP header parsing errors will be logged at DEBUG level.
java.lang.IllegalArgumentException: Invalid character found in the request target. The valid characters are defined in RFC 7230 and RFC 3986
	at org.apache.coyote.http11.InternalInputBuffer.parseRequestLine(InternalInputBuffer.java:189)
	at org.apache.coyote.http11.AbstractHttp11Processor.process(AbstractHttp11Processor.java:1000)
	at org.apache.coyote.AbstractProtocol$AbstractConnectionHandler.process(AbstractProtocol.java:637)
	at org.apache.tomcat.util.net.JIoEndpoint$SocketProcessor.run(JIoEndpoint.java:316)
	at java.util.concurrent.ThreadPoolExecutor.runWorker(ThreadPoolExecutor.java:1149)
	at java.util.concurrent.ThreadPoolExecutor$Worker.run(ThreadPoolExecutor.java:624)
	at org.apache.tomcat.util.threads.TaskThread$WrappingRunnable.run(TaskThread.java:61)
	at java.lang.Thread.run(Thread.java:748)

二月 13, 2019 6:06:45 下午 org.apache.coyote.http11.AbstractHttp11Processor process
信息: Error parsing HTTP request header
 Note: further occurrences of HTTP header parsing errors will be logged at DEBUG level.
java.lang.IllegalArgumentException: Invalid character found in the request target. The valid characters are defined in RFC 7230 and RFC 3986
	at org.apache.coyote.http11.InternalInputBuffer.parseRequestLine(InternalInputBuffer.java:189)
	at org.apache.coyote.http11.AbstractHttp11Processor.process(AbstractHttp11Processor.java:1000)
	at org.apache.coyote.AbstractProtocol$AbstractConnectionHandler.process(AbstractProtocol.java:637)
	at org.apache.tomcat.util.net.JIoEndpoint$SocketProcessor.run(JIoEndpoint.java:316)
	at java.util.concurrent.ThreadPoolExecutor.runWorker(ThreadPoolExecutor.java:1149)
	at java.util.concurrent.ThreadPoolExecutor$Worker.run(ThreadPoolExecutor.java:624)
	at org.apache.tomcat.util.threads.TaskThread$WrappingRunnable.run(TaskThread.java:61)
	at java.lang.Thread.run(Thread.java:748)

二月 13, 2019 6:06:45 下午 org.apache.coyote.http11.AbstractHttp11Processor process
信息: Error parsing HTTP request header
 Note: further occurrences of HTTP header parsing errors will be logged at DEBUG level.
java.lang.IllegalArgumentException: Invalid character found in the request target. The valid characters are defined in RFC 7230 and RFC 3986
	at org.apache.coyote.http11.InternalInputBuffer.parseRequestLine(InternalInputBuffer.java:189)
	at org.apache.coyote.http11.AbstractHttp11Processor.process(AbstractHttp11Processor.java:1000)
	at org.apache.coyote.AbstractProtocol$AbstractConnectionHandler.process(AbstractProtocol.java:637)
	at org.apache.tomcat.util.net.JIoEndpoint$SocketProcessor.run(JIoEndpoint.java:316)
	at java.util.concurrent.ThreadPoolExecutor.runWorker(ThreadPoolExecutor.java:1149)
	at java.util.concurrent.ThreadPoolExecutor$Worker.run(ThreadPoolExecutor.java:624)
	at org.apache.tomcat.util.threads.TaskThread$WrappingRunnable.run(TaskThread.java:61)
	at java.lang.Thread.run(Thread.java:748)

二月 13, 2019 6:06:45 下午 org.apache.coyote.http11.AbstractHttp11Processor process
信息: Error parsing HTTP request header
 Note: further occurrences of HTTP header parsing errors will be logged at DEBUG level.
java.lang.IllegalArgumentException: Invalid character found in the request target. The valid characters are defined in RFC 7230 and RFC 3986
	at org.apache.coyote.http11.InternalInputBuffer.parseRequestLine(InternalInputBuffer.java:189)
	at org.apache.coyote.http11.AbstractHttp11Processor.process(AbstractHttp11Processor.java:1000)
	at org.apache.coyote.AbstractProtocol$AbstractConnectionHandler.process(AbstractProtocol.java:637)
	at org.apache.tomcat.util.net.JIoEndpoint$SocketProcessor.run(JIoEndpoint.java:316)
	at java.util.concurrent.ThreadPoolExecutor.runWorker(ThreadPoolExecutor.java:1149)
	at java.util.concurrent.ThreadPoolExecutor$Worker.run(ThreadPoolExecutor.java:624)
	at org.apache.tomcat.util.threads.TaskThread$WrappingRunnable.run(TaskThread.java:61)
	at java.lang.Thread.run(Thread.java:748)

二月 13, 2019 6:06:45 下午 org.apache.coyote.http11.AbstractHttp11Processor process
信息: Error parsing HTTP request header
 Note: further occurrences of HTTP header parsing errors will be logged at DEBUG level.
java.lang.IllegalArgumentException: Invalid character found in the request target. The valid characters are defined in RFC 7230 and RFC 3986
	at org.apache.coyote.http11.InternalInputBuffer.parseRequestLine(InternalInputBuffer.java:189)
	at org.apache.coyote.http11.AbstractHttp11Processor.process(AbstractHttp11Processor.java:1000)
	at org.apache.coyote.AbstractProtocol$AbstractConnectionHandler.process(AbstractProtocol.java:637)
	at org.apache.tomcat.util.net.JIoEndpoint$SocketProcessor.run(JIoEndpoint.java:316)
	at java.util.concurrent.ThreadPoolExecutor.runWorker(ThreadPoolExecutor.java:1149)
	at java.util.concurrent.ThreadPoolExecutor$Worker.run(ThreadPoolExecutor.java:624)
	at org.apache.tomcat.util.threads.TaskThread$WrappingRunnable.run(TaskThread.java:61)
	at java.lang.Thread.run(Thread.java:748)

二月 13, 2019 6:06:45 下午 org.apache.coyote.http11.AbstractHttp11Processor process
信息: Error parsing HTTP request header
 Note: further occurrences of HTTP header parsing errors will be logged at DEBUG level.
java.lang.IllegalArgumentException: Invalid character found in the request target. The valid characters are defined in RFC 7230 and RFC 3986
	at org.apache.coyote.http11.InternalInputBuffer.parseRequestLine(InternalInputBuffer.java:189)
	at org.apache.coyote.http11.AbstractHttp11Processor.process(AbstractHttp11Processor.java:1000)
	at org.apache.coyote.AbstractProtocol$AbstractConnectionHandler.process(AbstractProtocol.java:637)
	at org.apache.tomcat.util.net.JIoEndpoint$SocketProcessor.run(JIoEndpoint.java:316)
	at java.util.concurrent.ThreadPoolExecutor.runWorker(ThreadPoolExecutor.java:1149)
	at java.util.concurrent.ThreadPoolExecutor$Worker.run(ThreadPoolExecutor.java:624)
	at org.apache.tomcat.util.threads.TaskThread$WrappingRunnable.run(TaskThread.java:61)
	at java.lang.Thread.run(Thread.java:748)

二月 13, 2019 6:06:45 下午 org.apache.coyote.http11.AbstractHttp11Processor process
信息: Error parsing HTTP request header
 Note: further occurrences of HTTP header parsing errors will be logged at DEBUG level.
java.lang.IllegalArgumentException: Invalid character found in the request target. The valid characters are defined in RFC 7230 and RFC 3986
	at org.apache.coyote.http11.InternalInputBuffer.parseRequestLine(InternalInputBuffer.java:189)
	at org.apache.coyote.http11.AbstractHttp11Processor.process(AbstractHttp11Processor.java:1000)
	at org.apache.coyote.AbstractProtocol$AbstractConnectionHandler.process(AbstractProtocol.java:637)
	at org.apache.tomcat.util.net.JIoEndpoint$SocketProcessor.run(JIoEndpoint.java:316)
	at java.util.concurrent.ThreadPoolExecutor.runWorker(ThreadPoolExecutor.java:1149)
	at java.util.concurrent.ThreadPoolExecutor$Worker.run(ThreadPoolExecutor.java:624)
	at org.apache.tomcat.util.threads.TaskThread$WrappingRunnable.run(TaskThread.java:61)
	at java.lang.Thread.run(Thread.java:748)

二月 13, 2019 6:06:45 下午 org.apache.coyote.http11.AbstractHttp11Processor process
信息: Error parsing HTTP request header
 Note: further occurrences of HTTP header parsing errors will be logged at DEBUG level.
java.lang.IllegalArgumentException: Invalid character found in the request target. The valid characters are defined in RFC 7230 and RFC 3986
	at org.apache.coyote.http11.InternalInputBuffer.parseRequestLine(InternalInputBuffer.java:189)
	at org.apache.coyote.http11.AbstractHttp11Processor.process(AbstractHttp11Processor.java:1000)
	at org.apache.coyote.AbstractProtocol$AbstractConnectionHandler.process(AbstractProtocol.java:637)
	at org.apache.tomcat.util.net.JIoEndpoint$SocketProcessor.run(JIoEndpoint.java:316)
	at java.util.concurrent.ThreadPoolExecutor.runWorker(ThreadPoolExecutor.java:1149)
	at java.util.concurrent.ThreadPoolExecutor$Worker.run(ThreadPoolExecutor.java:624)
	at org.apache.tomcat.util.threads.TaskThread$WrappingRunnable.run(TaskThread.java:61)
	at java.lang.Thread.run(Thread.java:748)

二月 13, 2019 6:06:45 下午 org.apache.coyote.http11.AbstractHttp11Processor process
信息: Error parsing HTTP request header
 Note: further occurrences of HTTP header parsing errors will be logged at DEBUG level.
java.lang.IllegalArgumentException: Invalid character found in the request target. The valid characters are defined in RFC 7230 and RFC 3986
	at org.apache.coyote.http11.InternalInputBuffer.parseRequestLine(InternalInputBuffer.java:189)
	at org.apache.coyote.http11.AbstractHttp11Processor.process(AbstractHttp11Processor.java:1000)
	at org.apache.coyote.AbstractProtocol$AbstractConnectionHandler.process(AbstractProtocol.java:637)
	at org.apache.tomcat.util.net.JIoEndpoint$SocketProcessor.run(JIoEndpoint.java:316)
	at java.util.concurrent.ThreadPoolExecutor.runWorker(ThreadPoolExecutor.java:1149)
	at java.util.concurrent.ThreadPoolExecutor$Worker.run(ThreadPoolExecutor.java:624)
	at org.apache.tomcat.util.threads.TaskThread$WrappingRunnable.run(TaskThread.java:61)
	at java.lang.Thread.run(Thread.java:748)

二月 13, 2019 6:06:45 下午 org.apache.coyote.http11.AbstractHttp11Processor process
信息: Error parsing HTTP request header
 Note: further occurrences of HTTP header parsing errors will be logged at DEBUG level.
java.lang.IllegalArgumentException: Invalid character found in the request target. The valid characters are defined in RFC 7230 and RFC 3986
	at org.apache.coyote.http11.InternalInputBuffer.parseRequestLine(InternalInputBuffer.java:189)
	at org.apache.coyote.http11.AbstractHttp11Processor.process(AbstractHttp11Processor.java:1000)
	at org.apache.coyote.AbstractProtocol$AbstractConnectionHandler.process(AbstractProtocol.java:637)
	at org.apache.tomcat.util.net.JIoEndpoint$SocketProcessor.run(JIoEndpoint.java:316)
	at java.util.concurrent.ThreadPoolExecutor.runWorker(ThreadPoolExecutor.java:1149)
	at java.util.concurrent.ThreadPoolExecutor$Worker.run(ThreadPoolExecutor.java:624)
	at org.apache.tomcat.util.threads.TaskThread$WrappingRunnable.run(TaskThread.java:61)
	at java.lang.Thread.run(Thread.java:748)

二月 13, 2019 6:06:45 下午 org.apache.coyote.http11.AbstractHttp11Processor process
信息: Error parsing HTTP request header
 Note: further occurrences of HTTP header parsing errors will be logged at DEBUG level.
java.lang.IllegalArgumentException: Invalid character found in the request target. The valid characters are defined in RFC 7230 and RFC 3986
	at org.apache.coyote.http11.InternalInputBuffer.parseRequestLine(InternalInputBuffer.java:189)
	at org.apache.coyote.http11.AbstractHttp11Processor.process(AbstractHttp11Processor.java:1000)
	at org.apache.coyote.AbstractProtocol$AbstractConnectionHandler.process(AbstractProtocol.java:637)
	at org.apache.tomcat.util.net.JIoEndpoint$SocketProcessor.run(JIoEndpoint.java:316)
	at java.util.concurrent.ThreadPoolExecutor.runWorker(ThreadPoolExecutor.java:1149)
	at java.util.concurrent.ThreadPoolExecutor$Worker.run(ThreadPoolExecutor.java:624)
	at org.apache.tomcat.util.threads.TaskThread$WrappingRunnable.run(TaskThread.java:61)
	at java.lang.Thread.run(Thread.java:748)

二月 13, 2019 6:06:45 下午 org.apache.coyote.http11.AbstractHttp11Processor process
信息: Error parsing HTTP request header
 Note: further occurrences of HTTP header parsing errors will be logged at DEBUG level.
java.lang.IllegalArgumentException: Invalid character found in the request target. The valid characters are defined in RFC 7230 and RFC 3986
	at org.apache.coyote.http11.InternalInputBuffer.parseRequestLine(InternalInputBuffer.java:189)
	at org.apache.coyote.http11.AbstractHttp11Processor.process(AbstractHttp11Processor.java:1000)
	at org.apache.coyote.AbstractProtocol$AbstractConnectionHandler.process(AbstractProtocol.java:637)
	at org.apache.tomcat.util.net.JIoEndpoint$SocketProcessor.run(JIoEndpoint.java:316)
	at java.util.concurrent.ThreadPoolExecutor.runWorker(ThreadPoolExecutor.java:1149)
	at java.util.concurrent.ThreadPoolExecutor$Worker.run(ThreadPoolExecutor.java:624)
	at org.apache.tomcat.util.threads.TaskThread$WrappingRunnable.run(TaskThread.java:61)
	at java.lang.Thread.run(Thread.java:748)

二月 13, 2019 6:06:45 下午 org.apache.coyote.http11.AbstractHttp11Processor process
信息: Error parsing HTTP request header
 Note: further occurrences of HTTP header parsing errors will be logged at DEBUG level.
java.lang.IllegalArgumentException: Invalid character found in the request target. The valid characters are defined in RFC 7230 and RFC 3986
	at org.apache.coyote.http11.InternalInputBuffer.parseRequestLine(InternalInputBuffer.java:189)
	at org.apache.coyote.http11.AbstractHttp11Processor.process(AbstractHttp11Processor.java:1000)
	at org.apache.coyote.AbstractProtocol$AbstractConnectionHandler.process(AbstractProtocol.java:637)
	at org.apache.tomcat.util.net.JIoEndpoint$SocketProcessor.run(JIoEndpoint.java:316)
	at java.util.concurrent.ThreadPoolExecutor.runWorker(ThreadPoolExecutor.java:1149)
	at java.util.concurrent.ThreadPoolExecutor$Worker.run(ThreadPoolExecutor.java:624)
	at org.apache.tomcat.util.threads.TaskThread$WrappingRunnable.run(TaskThread.java:61)
	at java.lang.Thread.run(Thread.java:748)

二月 13, 2019 6:06:45 下午 org.apache.coyote.http11.AbstractHttp11Processor process
信息: Error parsing HTTP request header
 Note: further occurrences of HTTP header parsing errors will be logged at DEBUG level.
java.lang.IllegalArgumentException: Invalid character found in the request target. The valid characters are defined in RFC 7230 and RFC 3986
	at org.apache.coyote.http11.InternalInputBuffer.parseRequestLine(InternalInputBuffer.java:189)
	at org.apache.coyote.http11.AbstractHttp11Processor.process(AbstractHttp11Processor.java:1000)
	at org.apache.coyote.AbstractProtocol$AbstractConnectionHandler.process(AbstractProtocol.java:637)
	at org.apache.tomcat.util.net.JIoEndpoint$SocketProcessor.run(JIoEndpoint.java:316)
	at java.util.concurrent.ThreadPoolExecutor.runWorker(ThreadPoolExecutor.java:1149)
	at java.util.concurrent.ThreadPoolExecutor$Worker.run(ThreadPoolExecutor.java:624)
	at org.apache.tomcat.util.threads.TaskThread$WrappingRunnable.run(TaskThread.java:61)
	at java.lang.Thread.run(Thread.java:748)

二月 13, 2019 6:06:45 下午 org.apache.coyote.http11.AbstractHttp11Processor process
信息: Error parsing HTTP request header
 Note: further occurrences of HTTP header parsing errors will be logged at DEBUG level.
java.lang.IllegalArgumentException: Invalid character found in the request target. The valid characters are defined in RFC 7230 and RFC 3986
	at org.apache.coyote.http11.InternalInputBuffer.parseRequestLine(InternalInputBuffer.java:189)
	at org.apache.coyote.http11.AbstractHttp11Processor.process(AbstractHttp11Processor.java:1000)
	at org.apache.coyote.AbstractProtocol$AbstractConnectionHandler.process(AbstractProtocol.java:637)
	at org.apache.tomcat.util.net.JIoEndpoint$SocketProcessor.run(JIoEndpoint.java:316)
	at java.util.concurrent.ThreadPoolExecutor.runWorker(ThreadPoolExecutor.java:1149)
	at java.util.concurrent.ThreadPoolExecutor$Worker.run(ThreadPoolExecutor.java:624)
	at org.apache.tomcat.util.threads.TaskThread$WrappingRunnable.run(TaskThread.java:61)
	at java.lang.Thread.run(Thread.java:748)

二月 13, 2019 6:06:45 下午 org.apache.coyote.http11.AbstractHttp11Processor process
信息: Error parsing HTTP request header
 Note: further occurrences of HTTP header parsing errors will be logged at DEBUG level.
java.lang.IllegalArgumentException: Invalid character found in the request target. The valid characters are defined in RFC 7230 and RFC 3986
	at org.apache.coyote.http11.InternalInputBuffer.parseRequestLine(InternalInputBuffer.java:189)
	at org.apache.coyote.http11.AbstractHttp11Processor.process(AbstractHttp11Processor.java:1000)
	at org.apache.coyote.AbstractProtocol$AbstractConnectionHandler.process(AbstractProtocol.java:637)
	at org.apache.tomcat.util.net.JIoEndpoint$SocketProcessor.run(JIoEndpoint.java:316)
	at java.util.concurrent.ThreadPoolExecutor.runWorker(ThreadPoolExecutor.java:1149)
	at java.util.concurrent.ThreadPoolExecutor$Worker.run(ThreadPoolExecutor.java:624)
	at org.apache.tomcat.util.threads.TaskThread$WrappingRunnable.run(TaskThread.java:61)
	at java.lang.Thread.run(Thread.java:748)

二月 13, 2019 6:07:09 下午 org.apache.coyote.http11.AbstractHttp11Processor process
信息: Error parsing HTTP request header
 Note: further occurrences of HTTP header parsing errors will be logged at DEBUG level.
java.lang.IllegalArgumentException: Invalid character found in the request target. The valid characters are defined in RFC 7230 and RFC 3986
	at org.apache.coyote.http11.InternalInputBuffer.parseRequestLine(InternalInputBuffer.java:189)
	at org.apache.coyote.http11.AbstractHttp11Processor.process(AbstractHttp11Processor.java:1000)
	at org.apache.coyote.AbstractProtocol$AbstractConnectionHandler.process(AbstractProtocol.java:637)
	at org.apache.tomcat.util.net.JIoEndpoint$SocketProcessor.run(JIoEndpoint.java:316)
	at java.util.concurrent.ThreadPoolExecutor.runWorker(ThreadPoolExecutor.java:1149)
	at java.util.concurrent.ThreadPoolExecutor$Worker.run(ThreadPoolExecutor.java:624)
	at org.apache.tomcat.util.threads.TaskThread$WrappingRunnable.run(TaskThread.java:61)
	at java.lang.Thread.run(Thread.java:748)

二月 13, 2019 6:08:19 下午 org.apache.coyote.http11.AbstractHttp11Processor process
严重: Error processing request
java.lang.IllegalArgumentException: Control character in cookie value or attribute.
	at org.apache.tomcat.util.http.CookieSupport.isV0Separator(CookieSupport.java:165)
	at org.apache.tomcat.util.http.Cookies.processCookieHeader(Cookies.java:368)
	at org.apache.tomcat.util.http.Cookies.processCookies(Cookies.java:195)
	at org.apache.tomcat.util.http.Cookies.getCookieCount(Cookies.java:119)
	at org.apache.catalina.connector.CoyoteAdapter.parseSessionCookiesId(CoyoteAdapter.java:1087)
	at org.apache.catalina.connector.CoyoteAdapter.postParseRequest(CoyoteAdapter.java:794)
	at org.apache.catalina.connector.CoyoteAdapter.service(CoyoteAdapter.java:447)
	at org.apache.coyote.http11.AbstractHttp11Processor.process(AbstractHttp11Processor.java:1087)
	at org.apache.coyote.AbstractProtocol$AbstractConnectionHandler.process(AbstractProtocol.java:637)
	at org.apache.tomcat.util.net.JIoEndpoint$SocketProcessor.run(JIoEndpoint.java:316)
	at java.util.concurrent.ThreadPoolExecutor.runWorker(ThreadPoolExecutor.java:1149)
	at java.util.concurrent.ThreadPoolExecutor$Worker.run(ThreadPoolExecutor.java:624)
	at org.apache.tomcat.util.threads.TaskThread$WrappingRunnable.run(TaskThread.java:61)
	at java.lang.Thread.run(Thread.java:748)

二月 13, 2019 6:08:20 下午 org.apache.catalina.realm.LockOutRealm filterLockedAccounts
警告: An attempt was made to authenticate the locked user "null"
二月 13, 2019 6:08:20 下午 org.apache.catalina.realm.LockOutRealm filterLockedAccounts
警告: An attempt was made to authenticate the locked user "null"
二月 13, 2019 6:08:23 下午 async.Async0$1 run
信息: Putting AsyncThread to sleep
二月 13, 2019 6:08:25 下午 async.Async0$1 run
信息: Dispatching
二月 13, 2019 6:08:25 下午 async.Async0 service
信息: Received dispatch, completing on the worker thread.
二月 13, 2019 6:08:25 下午 async.Async0 service
信息: After complete called started:false
二月 13, 2019 6:08:25 下午 async.Async0$1 run
信息: Putting AsyncThread to sleep
二月 13, 2019 6:08:27 下午 async.Async0$1 run
信息: Dispatching
二月 13, 2019 6:08:27 下午 async.Async0 service
信息: Received dispatch, completing on the worker thread.
二月 13, 2019 6:08:27 下午 async.Async0 service
信息: After complete called started:false
二月 13, 2019 6:08:27 下午 async.Async1$1 run
信息: Putting AsyncThread to sleep
二月 13, 2019 6:08:29 下午 async.Async1$1 run
信息: Dispatching to /jsp/async/async1.jsp
二月 13, 2019 6:08:29 下午 async.Async1$1 run
信息: Putting AsyncThread to sleep
二月 13, 2019 6:08:31 下午 async.Async1$1 run
信息: Dispatching to /jsp/async/async1.jsp
二月 13, 2019 6:08:31 下午 async.Async2$1 run
信息: Putting AsyncThread to sleep
二月 13, 2019 6:08:33 下午 async.Async2$1 run
信息: Writing data.
二月 13, 2019 6:08:33 下午 async.Async2$1 run
信息: Putting AsyncThread to sleep
二月 13, 2019 6:08:35 下午 async.Async2$1 run
信息: Writing data.
二月 13, 2019 6:09:00 下午 async.Async0$1 run
信息: Putting AsyncThread to sleep
二月 13, 2019 6:09:02 下午 async.Async0$1 run
信息: Dispatching
二月 13, 2019 6:09:02 下午 async.Async0 service
信息: Received dispatch, completing on the worker thread.
二月 13, 2019 6:09:02 下午 async.Async0 service
信息: After complete called started:false
二月 13, 2019 6:09:02 下午 async.Async0$1 run
信息: Putting AsyncThread to sleep
二月 13, 2019 6:09:04 下午 async.Async0$1 run
信息: Dispatching
二月 13, 2019 6:09:04 下午 async.Async0 service
信息: Received dispatch, completing on the worker thread.
二月 13, 2019 6:09:04 下午 async.Async0 service
信息: After complete called started:false
二月 13, 2019 6:09:04 下午 async.Async1$1 run
信息: Putting AsyncThread to sleep
二月 13, 2019 6:09:06 下午 async.Async1$1 run
信息: Dispatching to /jsp/async/async1.jsp
二月 13, 2019 6:09:06 下午 async.Async1$1 run
信息: Putting AsyncThread to sleep
二月 13, 2019 6:09:08 下午 async.Async1$1 run
信息: Dispatching to /jsp/async/async1.jsp
二月 13, 2019 6:09:08 下午 async.Async2$1 run
信息: Putting AsyncThread to sleep
二月 13, 2019 6:09:10 下午 async.Async2$1 run
信息: Writing data.
二月 13, 2019 6:09:10 下午 async.Async2$1 run
信息: Putting AsyncThread to sleep
二月 13, 2019 6:09:12 下午 async.Async2$1 run
信息: Writing data.
二月 13, 2019 6:09:37 下午 async.Async0$1 run
信息: Putting AsyncThread to sleep
二月 13, 2019 6:09:39 下午 async.Async0$1 run
信息: Dispatching
二月 13, 2019 6:09:39 下午 async.Async0 service
信息: Received dispatch, completing on the worker thread.
二月 13, 2019 6:09:39 下午 async.Async0 service
信息: After complete called started:false
二月 13, 2019 6:09:39 下午 async.Async1$1 run
信息: Putting AsyncThread to sleep
二月 13, 2019 6:09:41 下午 async.Async1$1 run
信息: Dispatching to /jsp/async/async1.jsp
二月 13, 2019 6:09:41 下午 async.Async2$1 run
信息: Putting AsyncThread to sleep
二月 13, 2019 6:09:43 下午 async.Async2$1 run
信息: Writing data.
二月 13, 2019 6:09:55 下午 org.apache.catalina.realm.LockOutRealm filterLockedAccounts
警告: An attempt was made to authenticate the locked user "null"
二月 13, 2019 6:09:55 下午 org.apache.catalina.realm.LockOutRealm filterLockedAccounts
警告: An attempt was made to authenticate the locked user "null"
二月 13, 2019 6:09:56 下午 async.Async0$1 run
信息: Putting AsyncThread to sleep
二月 13, 2019 6:09:58 下午 async.Async0$1 run
信息: Dispatching
二月 13, 2019 6:09:58 下午 async.Async0 service
信息: Received dispatch, completing on the worker thread.
二月 13, 2019 6:09:58 下午 async.Async0 service
信息: After complete called started:false
二月 13, 2019 6:09:58 下午 async.Async1$1 run
信息: Putting AsyncThread to sleep
二月 13, 2019 6:10:00 下午 async.Async1$1 run
信息: Dispatching to /jsp/async/async1.jsp
二月 13, 2019 6:10:00 下午 async.Async2$1 run
信息: Putting AsyncThread to sleep
二月 13, 2019 6:10:02 下午 async.Async2$1 run
信息: Writing data.
二月 13, 2019 6:10:14 下午 org.apache.catalina.realm.LockOutRealm filterLockedAccounts
警告: An attempt was made to authenticate the locked user "null"
二月 13, 2019 6:10:14 下午 org.apache.catalina.realm.LockOutRealm filterLockedAccounts
警告: An attempt was made to authenticate the locked user "null"
二月 13, 2019 6:10:24 下午 async.Async0$1 run
信息: Putting AsyncThread to sleep
二月 13, 2019 6:10:26 下午 async.Async0$1 run
信息: Dispatching
二月 13, 2019 6:10:26 下午 async.Async0 service
信息: Received dispatch, completing on the worker thread.
二月 13, 2019 6:10:26 下午 async.Async0 service
信息: After complete called started:false
二月 13, 2019 6:10:26 下午 async.Async1$1 run
信息: Putting AsyncThread to sleep
二月 13, 2019 6:10:28 下午 async.Async1$1 run
信息: Dispatching to /jsp/async/async1.jsp
二月 13, 2019 6:10:28 下午 async.Async2$1 run
信息: Putting AsyncThread to sleep
二月 13, 2019 6:10:30 下午 async.Async2$1 run
信息: Writing data.
二月 13, 2019 6:10:41 下午 org.apache.catalina.realm.LockOutRealm filterLockedAccounts
警告: An attempt was made to authenticate the locked user "1111"
二月 13, 2019 6:10:41 下午 org.apache.catalina.realm.LockOutRealm filterLockedAccounts
警告: An attempt was made to authenticate the locked user "1111"
二月 13, 2019 6:10:45 下午 org.apache.catalina.realm.LockOutRealm filterLockedAccounts
警告: An attempt was made to authenticate the locked user "null"
二月 13, 2019 6:10:45 下午 org.apache.catalina.realm.LockOutRealm filterLockedAccounts
警告: An attempt was made to authenticate the locked user "null"
二月 13, 2019 6:10:45 下午 org.apache.catalina.realm.LockOutRealm filterLockedAccounts
警告: An attempt was made to authenticate the locked user "null"
二月 13, 2019 6:10:45 下午 org.apache.catalina.realm.LockOutRealm filterLockedAccounts
警告: An attempt was made to authenticate the locked user "null"
二月 13, 2019 6:11:06 下午 async.Async0$1 run
信息: Putting AsyncThread to sleep
二月 13, 2019 6:11:08 下午 async.Async0$1 run
信息: Dispatching
二月 13, 2019 6:11:08 下午 async.Async0 service
信息: Received dispatch, completing on the worker thread.
二月 13, 2019 6:11:08 下午 async.Async0 service
信息: After complete called started:false
二月 13, 2019 6:11:08 下午 async.Async1$1 run
信息: Putting AsyncThread to sleep
二月 13, 2019 6:11:10 下午 async.Async1$1 run
信息: Dispatching to /jsp/async/async1.jsp
二月 13, 2019 6:11:10 下午 async.Async2$1 run
信息: Putting AsyncThread to sleep
二月 13, 2019 6:11:12 下午 async.Async2$1 run
信息: Writing data.
二月 13, 2019 6:11:26 下午 org.apache.catalina.realm.LockOutRealm filterLockedAccounts
警告: An attempt was made to authenticate the locked user ""
二月 13, 2019 6:11:27 下午 async.Async0$1 run
信息: Putting AsyncThread to sleep
二月 13, 2019 6:11:29 下午 async.Async0$1 run
信息: Dispatching
二月 13, 2019 6:11:29 下午 async.Async0 service
信息: Received dispatch, completing on the worker thread.
二月 13, 2019 6:11:29 下午 async.Async0 service
信息: After complete called started:false
二月 13, 2019 6:11:29 下午 async.Async1$1 run
信息: Putting AsyncThread to sleep
二月 13, 2019 6:11:31 下午 async.Async1$1 run
信息: Dispatching to /jsp/async/async1.jsp
二月 13, 2019 6:11:31 下午 async.Async2$1 run
信息: Putting AsyncThread to sleep
二月 13, 2019 6:11:33 下午 async.Async2$1 run
信息: Writing data.
二月 13, 2019 6:11:45 下午 org.apache.catalina.realm.LockOutRealm filterLockedAccounts
警告: An attempt was made to authenticate the locked user "null"
二月 13, 2019 6:11:45 下午 org.apache.catalina.realm.LockOutRealm filterLockedAccounts
警告: An attempt was made to authenticate the locked user "null"
二月 13, 2019 6:11:47 下午 org.apache.catalina.realm.LockOutRealm filterLockedAccounts
警告: An attempt was made to authenticate the locked user "1111"
二月 13, 2019 6:11:47 下午 org.apache.catalina.realm.LockOutRealm filterLockedAccounts
警告: An attempt was made to authenticate the locked user "1111"
二月 13, 2019 6:11:47 下午 org.apache.catalina.realm.LockOutRealm filterLockedAccounts
警告: An attempt was made to authenticate the locked user "null"
二月 13, 2019 6:11:47 下午 org.apache.catalina.realm.LockOutRealm filterLockedAccounts
警告: An attempt was made to authenticate the locked user "null"
二月 13, 2019 6:12:15 下午 org.apache.catalina.realm.LockOutRealm filterLockedAccounts
警告: An attempt was made to authenticate the locked user "admin"
二月 13, 2019 6:12:15 下午 org.apache.catalina.realm.LockOutRealm filterLockedAccounts
警告: An attempt was made to authenticate the locked user "admin"
二月 13, 2019 6:12:15 下午 org.apache.catalina.realm.LockOutRealm filterLockedAccounts
警告: An attempt was made to authenticate the locked user "admin"
二月 13, 2019 6:12:15 下午 org.apache.catalina.realm.LockOutRealm filterLockedAccounts
警告: An attempt was made to authenticate the locked user "admin"
二月 13, 2019 6:12:15 下午 org.apache.catalina.realm.LockOutRealm filterLockedAccounts
警告: An attempt was made to authenticate the locked user "admin"
二月 13, 2019 6:12:15 下午 org.apache.catalina.realm.LockOutRealm filterLockedAccounts
警告: An attempt was made to authenticate the locked user "admin"
二月 13, 2019 6:12:15 下午 org.apache.catalina.realm.LockOutRealm filterLockedAccounts
警告: An attempt was made to authenticate the locked user "admin"
二月 13, 2019 6:12:15 下午 org.apache.catalina.realm.LockOutRealm filterLockedAccounts
警告: An attempt was made to authenticate the locked user "admin"
二月 13, 2019 6:12:15 下午 org.apache.catalina.realm.LockOutRealm filterLockedAccounts
警告: An attempt was made to authenticate the locked user "admin"
二月 13, 2019 6:12:15 下午 org.apache.catalina.realm.LockOutRealm filterLockedAccounts
警告: An attempt was made to authenticate the locked user "admin"
二月 13, 2019 6:12:15 下午 org.apache.catalina.realm.LockOutRealm filterLockedAccounts
警告: An attempt was made to authenticate the locked user "admin"
二月 13, 2019 6:12:15 下午 org.apache.catalina.realm.LockOutRealm filterLockedAccounts
警告: An attempt was made to authenticate the locked user "admin"
二月 13, 2019 6:12:15 下午 org.apache.catalina.realm.LockOutRealm filterLockedAccounts
警告: An attempt was made to authenticate the locked user "admin"
二月 13, 2019 6:12:15 下午 org.apache.catalina.realm.LockOutRealm filterLockedAccounts
警告: An attempt was made to authenticate the locked user "admin"
二月 13, 2019 6:12:15 下午 org.apache.catalina.realm.LockOutRealm filterLockedAccounts
警告: An attempt was made to authenticate the locked user "admin"
二月 13, 2019 6:12:15 下午 org.apache.catalina.realm.LockOutRealm filterLockedAccounts
警告: An attempt was made to authenticate the locked user "admin"
二月 13, 2019 6:12:15 下午 org.apache.catalina.realm.LockOutRealm filterLockedAccounts
警告: An attempt was made to authenticate the locked user "admin"
二月 13, 2019 6:12:15 下午 org.apache.catalina.realm.LockOutRealm filterLockedAccounts
警告: An attempt was made to authenticate the locked user "admin"
二月 13, 2019 6:12:15 下午 org.apache.catalina.realm.LockOutRealm filterLockedAccounts
警告: An attempt was made to authenticate the locked user "admin"
二月 13, 2019 6:12:15 下午 org.apache.catalina.realm.LockOutRealm filterLockedAccounts
警告: An attempt was made to authenticate the locked user "admin"
二月 13, 2019 6:12:15 下午 org.apache.catalina.realm.LockOutRealm filterLockedAccounts
警告: An attempt was made to authenticate the locked user "admin"
二月 13, 2019 6:12:15 下午 org.apache.catalina.realm.LockOutRealm filterLockedAccounts
警告: An attempt was made to authenticate the locked user "admin"
二月 13, 2019 6:12:16 下午 org.apache.catalina.realm.LockOutRealm filterLockedAccounts
警告: An attempt was made to authenticate the locked user "admin"
二月 13, 2019 6:12:16 下午 org.apache.catalina.realm.LockOutRealm filterLockedAccounts
警告: An attempt was made to authenticate the locked user "admin"
二月 13, 2019 6:12:16 下午 org.apache.catalina.realm.LockOutRealm filterLockedAccounts
警告: An attempt was made to authenticate the locked user "admin"
二月 13, 2019 6:12:16 下午 org.apache.catalina.realm.LockOutRealm filterLockedAccounts
警告: An attempt was made to authenticate the locked user "admin"
二月 13, 2019 6:12:16 下午 org.apache.catalina.realm.LockOutRealm filterLockedAccounts
警告: An attempt was made to authenticate the locked user "admin"
二月 13, 2019 6:12:16 下午 org.apache.catalina.realm.LockOutRealm filterLockedAccounts
警告: An attempt was made to authenticate the locked user "admin"
二月 13, 2019 6:12:16 下午 org.apache.catalina.realm.LockOutRealm filterLockedAccounts
警告: An attempt was made to authenticate the locked user "admin"
二月 13, 2019 6:12:16 下午 org.apache.catalina.realm.LockOutRealm filterLockedAccounts
警告: An attempt was made to authenticate the locked user "admin"
二月 13, 2019 6:12:16 下午 org.apache.catalina.realm.LockOutRealm filterLockedAccounts
警告: An attempt was made to authenticate the locked user "admin"
二月 13, 2019 6:12:16 下午 org.apache.catalina.realm.LockOutRealm filterLockedAccounts
警告: An attempt was made to authenticate the locked user "admin"
二月 13, 2019 6:12:16 下午 org.apache.catalina.realm.LockOutRealm filterLockedAccounts
警告: An attempt was made to authenticate the locked user "admin"
二月 13, 2019 6:12:16 下午 org.apache.catalina.realm.LockOutRealm filterLockedAccounts
警告: An attempt was made to authenticate the locked user "admin"
二月 13, 2019 6:12:16 下午 org.apache.catalina.realm.LockOutRealm filterLockedAccounts
警告: An attempt was made to authenticate the locked user "admin"
二月 13, 2019 6:12:16 下午 org.apache.catalina.realm.LockOutRealm filterLockedAccounts
警告: An attempt was made to authenticate the locked user "admin"
二月 13, 2019 6:12:16 下午 org.apache.catalina.realm.LockOutRealm filterLockedAccounts
警告: An attempt was made to authenticate the locked user "admin"
二月 13, 2019 6:12:16 下午 org.apache.catalina.realm.LockOutRealm filterLockedAccounts
警告: An attempt was made to authenticate the locked user "admin"
二月 13, 2019 6:12:16 下午 org.apache.catalina.realm.LockOutRealm filterLockedAccounts
警告: An attempt was made to authenticate the locked user "admin"
二月 13, 2019 6:12:16 下午 org.apache.catalina.realm.LockOutRealm filterLockedAccounts
警告: An attempt was made to authenticate the locked user "admin"
二月 13, 2019 6:12:16 下午 org.apache.catalina.realm.LockOutRealm filterLockedAccounts
警告: An attempt was made to authenticate the locked user "admin"
二月 13, 2019 6:12:16 下午 org.apache.catalina.realm.LockOutRealm filterLockedAccounts
警告: An attempt was made to authenticate the locked user "admin"
二月 13, 2019 6:12:16 下午 org.apache.catalina.realm.LockOutRealm filterLockedAccounts
警告: An attempt was made to authenticate the locked user "admin"
二月 13, 2019 6:12:16 下午 org.apache.catalina.realm.LockOutRealm filterLockedAccounts
警告: An attempt was made to authenticate the locked user "admin"
二月 13, 2019 6:12:16 下午 org.apache.catalina.realm.LockOutRealm filterLockedAccounts
警告: An attempt was made to authenticate the locked user "admin"
二月 13, 2019 6:12:16 下午 org.apache.catalina.realm.LockOutRealm filterLockedAccounts
警告: An attempt was made to authenticate the locked user "admin"
二月 13, 2019 6:12:16 下午 org.apache.catalina.realm.LockOutRealm filterLockedAccounts
警告: An attempt was made to authenticate the locked user "admin"
二月 13, 2019 6:12:16 下午 org.apache.catalina.realm.LockOutRealm filterLockedAccounts
警告: An attempt was made to authenticate the locked user "admin"
二月 13, 2019 6:12:16 下午 org.apache.catalina.realm.LockOutRealm filterLockedAccounts
警告: An attempt was made to authenticate the locked user "admin"
二月 13, 2019 6:12:16 下午 org.apache.catalina.realm.LockOutRealm filterLockedAccounts
警告: An attempt was made to authenticate the locked user "admin"
二月 13, 2019 6:12:16 下午 org.apache.catalina.realm.LockOutRealm filterLockedAccounts
警告: An attempt was made to authenticate the locked user "admin"
二月 13, 2019 6:12:16 下午 org.apache.catalina.realm.LockOutRealm filterLockedAccounts
警告: An attempt was made to authenticate the locked user "admin"
二月 13, 2019 6:12:16 下午 org.apache.catalina.realm.LockOutRealm filterLockedAccounts
警告: An attempt was made to authenticate the locked user "admin"
二月 13, 2019 6:12:16 下午 org.apache.catalina.realm.LockOutRealm filterLockedAccounts
警告: An attempt was made to authenticate the locked user "admin"
二月 13, 2019 6:12:16 下午 org.apache.catalina.realm.LockOutRealm filterLockedAccounts
警告: An attempt was made to authenticate the locked user "admin"
二月 13, 2019 6:12:16 下午 org.apache.catalina.realm.LockOutRealm filterLockedAccounts
警告: An attempt was made to authenticate the locked user "admin"
二月 13, 2019 6:12:16 下午 org.apache.catalina.realm.LockOutRealm filterLockedAccounts
警告: An attempt was made to authenticate the locked user "admin"
二月 13, 2019 6:12:16 下午 org.apache.catalina.realm.LockOutRealm filterLockedAccounts
警告: An attempt was made to authenticate the locked user "admin"
二月 13, 2019 6:12:16 下午 org.apache.catalina.realm.LockOutRealm filterLockedAccounts
警告: An attempt was made to authenticate the locked user "admin"
二月 13, 2019 6:12:16 下午 org.apache.catalina.realm.LockOutRealm filterLockedAccounts
警告: An attempt was made to authenticate the locked user "admin"
二月 13, 2019 6:12:16 下午 org.apache.catalina.realm.LockOutRealm filterLockedAccounts
警告: An attempt was made to authenticate the locked user "admin"
二月 13, 2019 6:12:16 下午 org.apache.catalina.realm.LockOutRealm filterLockedAccounts
警告: An attempt was made to authenticate the locked user "admin"
二月 13, 2019 6:12:16 下午 org.apache.catalina.realm.LockOutRealm filterLockedAccounts
警告: An attempt was made to authenticate the locked user "admin"
二月 13, 2019 6:12:16 下午 org.apache.catalina.realm.LockOutRealm filterLockedAccounts
警告: An attempt was made to authenticate the locked user "admin"
二月 13, 2019 6:12:16 下午 org.apache.catalina.realm.LockOutRealm filterLockedAccounts
警告: An attempt was made to authenticate the locked user "admin"
二月 13, 2019 6:12:16 下午 org.apache.catalina.realm.LockOutRealm filterLockedAccounts
警告: An attempt was made to authenticate the locked user "admin"
二月 13, 2019 6:12:16 下午 org.apache.catalina.realm.LockOutRealm filterLockedAccounts
警告: An attempt was made to authenticate the locked user "admin"
二月 13, 2019 6:12:16 下午 org.apache.catalina.realm.LockOutRealm filterLockedAccounts
警告: An attempt was made to authenticate the locked user "admin"
二月 13, 2019 6:12:16 下午 org.apache.catalina.realm.LockOutRealm filterLockedAccounts
警告: An attempt was made to authenticate the locked user "admin"
二月 13, 2019 6:12:16 下午 org.apache.catalina.realm.LockOutRealm filterLockedAccounts
警告: An attempt was made to authenticate the locked user "admin"
二月 13, 2019 6:12:16 下午 org.apache.catalina.realm.LockOutRealm filterLockedAccounts
警告: An attempt was made to authenticate the locked user "admin"
二月 13, 2019 6:12:16 下午 org.apache.catalina.realm.LockOutRealm filterLockedAccounts
警告: An attempt was made to authenticate the locked user "admin"
二月 13, 2019 6:12:16 下午 org.apache.catalina.realm.LockOutRealm filterLockedAccounts
警告: An attempt was made to authenticate the locked user "admin"
二月 13, 2019 6:12:16 下午 org.apache.catalina.realm.LockOutRealm filterLockedAccounts
警告: An attempt was made to authenticate the locked user "admin"
二月 13, 2019 6:12:16 下午 org.apache.catalina.realm.LockOutRealm filterLockedAccounts
警告: An attempt was made to authenticate the locked user "admin"
二月 13, 2019 6:12:16 下午 org.apache.catalina.realm.LockOutRealm filterLockedAccounts
警告: An attempt was made to authenticate the locked user "admin"
二月 13, 2019 6:12:16 下午 org.apache.catalina.realm.LockOutRealm filterLockedAccounts
警告: An attempt was made to authenticate the locked user "admin"
二月 13, 2019 6:12:16 下午 org.apache.catalina.realm.LockOutRealm filterLockedAccounts
警告: An attempt was made to authenticate the locked user "admin"
二月 13, 2019 6:12:16 下午 org.apache.catalina.realm.LockOutRealm filterLockedAccounts
警告: An attempt was made to authenticate the locked user "admin"
二月 13, 2019 6:12:16 下午 org.apache.catalina.realm.LockOutRealm filterLockedAccounts
警告: An attempt was made to authenticate the locked user "admin"
二月 13, 2019 6:12:16 下午 org.apache.catalina.realm.LockOutRealm filterLockedAccounts
警告: An attempt was made to authenticate the locked user "admin"
二月 13, 2019 6:12:16 下午 org.apache.catalina.realm.LockOutRealm filterLockedAccounts
警告: An attempt was made to authenticate the locked user "admin"
二月 13, 2019 6:12:16 下午 org.apache.catalina.realm.LockOutRealm filterLockedAccounts
警告: An attempt was made to authenticate the locked user "admin"
二月 13, 2019 6:12:16 下午 org.apache.catalina.realm.LockOutRealm filterLockedAccounts
警告: An attempt was made to authenticate the locked user "admin"
二月 13, 2019 6:12:16 下午 org.apache.catalina.realm.LockOutRealm filterLockedAccounts
警告: An attempt was made to authenticate the locked user "admin"
二月 13, 2019 6:12:16 下午 org.apache.catalina.realm.LockOutRealm filterLockedAccounts
警告: An attempt was made to authenticate the locked user "admin"
二月 13, 2019 6:12:16 下午 org.apache.catalina.realm.LockOutRealm filterLockedAccounts
警告: An attempt was made to authenticate the locked user "admin"
二月 13, 2019 6:12:16 下午 org.apache.catalina.realm.LockOutRealm filterLockedAccounts
警告: An attempt was made to authenticate the locked user "admin"
二月 13, 2019 6:12:16 下午 org.apache.catalina.realm.LockOutRealm filterLockedAccounts
警告: An attempt was made to authenticate the locked user "admin"
二月 13, 2019 6:12:16 下午 org.apache.catalina.realm.LockOutRealm filterLockedAccounts
警告: An attempt was made to authenticate the locked user "admin"
二月 13, 2019 6:12:16 下午 org.apache.catalina.realm.LockOutRealm filterLockedAccounts
警告: An attempt was made to authenticate the locked user "admin"
二月 13, 2019 6:12:16 下午 org.apache.catalina.realm.LockOutRealm filterLockedAccounts
警告: An attempt was made to authenticate the locked user "admin"
二月 13, 2019 6:12:16 下午 org.apache.catalina.realm.LockOutRealm filterLockedAccounts
警告: An attempt was made to authenticate the locked user "admin"
二月 13, 2019 6:12:16 下午 org.apache.catalina.realm.LockOutRealm filterLockedAccounts
警告: An attempt was made to authenticate the locked user "admin"
二月 13, 2019 6:12:16 下午 org.apache.catalina.realm.LockOutRealm filterLockedAccounts
警告: An attempt was made to authenticate the locked user "admin"
二月 13, 2019 6:12:16 下午 org.apache.catalina.realm.LockOutRealm filterLockedAccounts
警告: An attempt was made to authenticate the locked user "admin"
二月 13, 2019 6:12:16 下午 org.apache.catalina.realm.LockOutRealm filterLockedAccounts
警告: An attempt was made to authenticate the locked user "admin"
二月 13, 2019 6:12:16 下午 org.apache.catalina.realm.LockOutRealm filterLockedAccounts
警告: An attempt was made to authenticate the locked user "admin"
二月 13, 2019 6:12:16 下午 org.apache.catalina.realm.LockOutRealm filterLockedAccounts
警告: An attempt was made to authenticate the locked user "admin"
二月 13, 2019 6:12:16 下午 org.apache.catalina.realm.LockOutRealm filterLockedAccounts
警告: An attempt was made to authenticate the locked user "admin"
二月 13, 2019 6:12:16 下午 org.apache.catalina.realm.LockOutRealm filterLockedAccounts
警告: An attempt was made to authenticate the locked user "admin"
二月 13, 2019 6:12:16 下午 org.apache.catalina.realm.LockOutRealm filterLockedAccounts
警告: An attempt was made to authenticate the locked user "admin"
二月 13, 2019 6:12:16 下午 org.apache.catalina.realm.LockOutRealm filterLockedAccounts
警告: An attempt was made to authenticate the locked user "admin"
二月 13, 2019 6:12:16 下午 org.apache.catalina.realm.LockOutRealm filterLockedAccounts
警告: An attempt was made to authenticate the locked user "admin"
二月 13, 2019 6:12:16 下午 org.apache.catalina.realm.LockOutRealm filterLockedAccounts
警告: An attempt was made to authenticate the locked user "admin"
二月 13, 2019 6:12:16 下午 org.apache.catalina.realm.LockOutRealm filterLockedAccounts
警告: An attempt was made to authenticate the locked user "admin"
二月 13, 2019 6:12:16 下午 org.apache.catalina.realm.LockOutRealm filterLockedAccounts
警告: An attempt was made to authenticate the locked user "admin"
二月 13, 2019 6:12:16 下午 org.apache.catalina.realm.LockOutRealm filterLockedAccounts
警告: An attempt was made to authenticate the locked user "admin"
二月 13, 2019 6:12:16 下午 org.apache.catalina.realm.LockOutRealm filterLockedAccounts
警告: An attempt was made to authenticate the locked user "admin"
二月 13, 2019 6:12:16 下午 org.apache.catalina.realm.LockOutRealm filterLockedAccounts
警告: An attempt was made to authenticate the locked user "admin"
二月 13, 2019 6:12:16 下午 org.apache.catalina.realm.LockOutRealm filterLockedAccounts
警告: An attempt was made to authenticate the locked user "admin"
二月 13, 2019 6:12:16 下午 org.apache.catalina.realm.LockOutRealm filterLockedAccounts
警告: An attempt was made to authenticate the locked user "admin"
二月 13, 2019 6:12:16 下午 org.apache.catalina.realm.LockOutRealm filterLockedAccounts
警告: An attempt was made to authenticate the locked user "admin"
二月 13, 2019 6:12:16 下午 org.apache.catalina.realm.LockOutRealm filterLockedAccounts
警告: An attempt was made to authenticate the locked user "admin"
二月 13, 2019 9:22:25 下午 org.apache.coyote.ajp.AjpMessage processHeader
严重: Invalid message received with signature 18245
二月 13, 2019 9:22:25 下午 org.apache.coyote.ajp.AjpMessage processHeader
严重: Invalid message received with signature 5635
二月 13, 2019 9:22:25 下午 org.apache.coyote.ajp.AjpMessage processHeader
严重: Invalid message received with signature 32926
二月 13, 2019 9:22:25 下午 org.apache.coyote.ajp.AjpMessage processHeader
严重: Invalid message received with signature 18245
