十二月 14, 2018 11:36:35 下午 org.apache.catalina.startup.VersionLoggerListener log
信息: Server version:        Apache Tomcat/7.0.75
十二月 14, 2018 11:36:35 下午 org.apache.catalina.startup.VersionLoggerListener log
信息: Server built:          Jan 18 2017 20:54:42 UTC
十二月 14, 2018 11:36:35 下午 org.apache.catalina.startup.VersionLoggerListener log
信息: Server number:         7.0.75.0
十二月 14, 2018 11:36:35 下午 org.apache.catalina.startup.VersionLoggerListener log
信息: OS Name:               Linux
十二月 14, 2018 11:36:35 下午 org.apache.catalina.startup.VersionLoggerListener log
信息: OS Version:            2.6.32-431.el6.x86_64
十二月 14, 2018 11:36:35 下午 org.apache.catalina.startup.VersionLoggerListener log
信息: Architecture:          amd64
十二月 14, 2018 11:36:35 下午 org.apache.catalina.startup.VersionLoggerListener log
信息: Java Home:             /usr/java/jdk1.8.0_181-amd64/jre
十二月 14, 2018 11:36:35 下午 org.apache.catalina.startup.VersionLoggerListener log
信息: JVM Version:           1.8.0_181-b13
十二月 14, 2018 11:36:35 下午 org.apache.catalina.startup.VersionLoggerListener log
信息: JVM Vendor:            Oracle Corporation
十二月 14, 2018 11:36:35 下午 org.apache.catalina.startup.VersionLoggerListener log
信息: CATALINA_BASE:         /usr/local/apache-tomcat-7.0.75
十二月 14, 2018 11:36:35 下午 org.apache.catalina.startup.VersionLoggerListener log
信息: CATALINA_HOME:         /usr/local/apache-tomcat-7.0.75
十二月 14, 2018 11:36:35 下午 org.apache.catalina.startup.VersionLoggerListener log
信息: Command line argument: -Djava.util.logging.config.file=/usr/local/apache-tomcat-7.0.75/conf/logging.properties
十二月 14, 2018 11:36:35 下午 org.apache.catalina.startup.VersionLoggerListener log
信息: Command line argument: -Djava.util.logging.manager=org.apache.juli.ClassLoaderLogManager
十二月 14, 2018 11:36:35 下午 org.apache.catalina.startup.VersionLoggerListener log
信息: Command line argument: -Djdk.tls.ephemeralDHKeySize=2048
十二月 14, 2018 11:36:35 下午 org.apache.catalina.startup.VersionLoggerListener log
信息: Command line argument: -Djava.endorsed.dirs=/usr/local/apache-tomcat-7.0.75/endorsed
十二月 14, 2018 11:36:35 下午 org.apache.catalina.startup.VersionLoggerListener log
信息: Command line argument: -Dcatalina.base=/usr/local/apache-tomcat-7.0.75
十二月 14, 2018 11:36:35 下午 org.apache.catalina.startup.VersionLoggerListener log
信息: Command line argument: -Dcatalina.home=/usr/local/apache-tomcat-7.0.75
十二月 14, 2018 11:36:35 下午 org.apache.catalina.startup.VersionLoggerListener log
信息: Command line argument: -Djava.io.tmpdir=/usr/local/apache-tomcat-7.0.75/temp
十二月 14, 2018 11:36:35 下午 org.apache.catalina.core.AprLifecycleListener lifecycleEvent
信息: The APR based Apache Tomcat Native library which allows optimal performance in production environments was not found on the java.library.path: /usr/lib/oracle/11.2/client64/lib::/usr/java/packages/lib/amd64:/usr/lib64:/lib64:/lib:/usr/lib
十二月 14, 2018 11:36:36 下午 org.apache.coyote.AbstractProtocol init
信息: Initializing ProtocolHandler ["http-bio-8080"]
十二月 14, 2018 11:36:36 下午 org.apache.coyote.AbstractProtocol init
信息: Initializing ProtocolHandler ["http-bio-80"]
十二月 14, 2018 11:36:36 下午 org.apache.coyote.AbstractProtocol init
严重: Failed to initialize end point associated with ProtocolHandler ["http-bio-80"]
java.net.SocketException: 地址已在使用 (Listen failed)
	at java.net.PlainSocketImpl.socketListen(Native Method)
	at java.net.AbstractPlainSocketImpl.listen(AbstractPlainSocketImpl.java:399)
	at java.net.ServerSocket.bind(ServerSocket.java:376)
	at java.net.ServerSocket.<init>(ServerSocket.java:237)
	at java.net.ServerSocket.<init>(ServerSocket.java:181)
	at org.apache.tomcat.util.net.DefaultServerSocketFactory.createSocket(DefaultServerSocketFactory.java:49)
	at org.apache.tomcat.util.net.JIoEndpoint.bind(JIoEndpoint.java:400)
	at org.apache.tomcat.util.net.AbstractEndpoint.init(AbstractEndpoint.java:715)
	at org.apache.coyote.AbstractProtocol.init(AbstractProtocol.java:452)
	at org.apache.coyote.http11.AbstractHttp11JsseProtocol.init(AbstractHttp11JsseProtocol.java:119)
	at org.apache.catalina.connector.Connector.initInternal(Connector.java:978)
	at org.apache.catalina.util.LifecycleBase.init(LifecycleBase.java:102)
	at org.apache.catalina.core.StandardService.initInternal(StandardService.java:560)
	at org.apache.catalina.util.LifecycleBase.init(LifecycleBase.java:102)
	at org.apache.catalina.core.StandardServer.initInternal(StandardServer.java:840)
	at org.apache.catalina.util.LifecycleBase.init(LifecycleBase.java:102)
	at org.apache.catalina.startup.Catalina.load(Catalina.java:642)
	at org.apache.catalina.startup.Catalina.load(Catalina.java:667)
	at sun.reflect.NativeMethodAccessorImpl.invoke0(Native Method)
	at sun.reflect.NativeMethodAccessorImpl.invoke(NativeMethodAccessorImpl.java:62)
	at sun.reflect.DelegatingMethodAccessorImpl.invoke(DelegatingMethodAccessorImpl.java:43)
	at java.lang.reflect.Method.invoke(Method.java:498)
	at org.apache.catalina.startup.Bootstrap.load(Bootstrap.java:253)
	at org.apache.catalina.startup.Bootstrap.main(Bootstrap.java:427)

十二月 14, 2018 11:36:36 下午 org.apache.catalina.core.StandardService initInternal
严重: Failed to initialize connector [Connector[HTTP/1.1-80]]
org.apache.catalina.LifecycleException: Failed to initialize component [Connector[HTTP/1.1-80]]
	at org.apache.catalina.util.LifecycleBase.init(LifecycleBase.java:107)
	at org.apache.catalina.core.StandardService.initInternal(StandardService.java:560)
	at org.apache.catalina.util.LifecycleBase.init(LifecycleBase.java:102)
	at org.apache.catalina.core.StandardServer.initInternal(StandardServer.java:840)
	at org.apache.catalina.util.LifecycleBase.init(LifecycleBase.java:102)
	at org.apache.catalina.startup.Catalina.load(Catalina.java:642)
	at org.apache.catalina.startup.Catalina.load(Catalina.java:667)
	at sun.reflect.NativeMethodAccessorImpl.invoke0(Native Method)
	at sun.reflect.NativeMethodAccessorImpl.invoke(NativeMethodAccessorImpl.java:62)
	at sun.reflect.DelegatingMethodAccessorImpl.invoke(DelegatingMethodAccessorImpl.java:43)
	at java.lang.reflect.Method.invoke(Method.java:498)
	at org.apache.catalina.startup.Bootstrap.load(Bootstrap.java:253)
	at org.apache.catalina.startup.Bootstrap.main(Bootstrap.java:427)
Caused by: org.apache.catalina.LifecycleException: Protocol handler initialization failed
	at org.apache.catalina.connector.Connector.initInternal(Connector.java:980)
	at org.apache.catalina.util.LifecycleBase.init(LifecycleBase.java:102)
	... 12 more
Caused by: java.net.SocketException: 地址已在使用 (Listen failed)
	at java.net.PlainSocketImpl.socketListen(Native Method)
	at java.net.AbstractPlainSocketImpl.listen(AbstractPlainSocketImpl.java:399)
	at java.net.ServerSocket.bind(ServerSocket.java:376)
	at java.net.ServerSocket.<init>(ServerSocket.java:237)
	at java.net.ServerSocket.<init>(ServerSocket.java:181)
	at org.apache.tomcat.util.net.DefaultServerSocketFactory.createSocket(DefaultServerSocketFactory.java:49)
	at org.apache.tomcat.util.net.JIoEndpoint.bind(JIoEndpoint.java:400)
	at org.apache.tomcat.util.net.AbstractEndpoint.init(AbstractEndpoint.java:715)
	at org.apache.coyote.AbstractProtocol.init(AbstractProtocol.java:452)
	at org.apache.coyote.http11.AbstractHttp11JsseProtocol.init(AbstractHttp11JsseProtocol.java:119)
	at org.apache.catalina.connector.Connector.initInternal(Connector.java:978)
	... 13 more

十二月 14, 2018 11:36:36 下午 org.apache.coyote.AbstractProtocol init
信息: Initializing ProtocolHandler ["ajp-bio-8009"]
十二月 14, 2018 11:36:36 下午 org.apache.catalina.startup.Catalina load
信息: Initialization processed in 502 ms
十二月 14, 2018 11:36:36 下午 org.apache.catalina.core.StandardService startInternal
信息: Starting service Catalina
十二月 14, 2018 11:36:36 下午 org.apache.catalina.core.StandardEngine startInternal
信息: Starting Servlet Engine: Apache Tomcat/7.0.75
十二月 14, 2018 11:36:36 下午 org.apache.catalina.startup.HostConfig deployWAR
信息: Deploying web application archive /usr/local/apache-tomcat-7.0.75/webapps/gdjk.war
十二月 14, 2018 11:36:37 下午 org.apache.catalina.loader.WebappClassLoaderBase validateJarFile
信息: validateJarFile(/usr/local/apache-tomcat-7.0.75/webapps/gdjk/WEB-INF/lib/servlet-api-2.5.jar) - jar not loaded. See Servlet Spec 3.0, section 10.7.2. Offending class: javax/servlet/Servlet.class
十二月 14, 2018 11:36:39 下午 org.apache.catalina.startup.TaglibUriRule body
信息: TLD skipped. URI: http://www.springframework.org/tags is already defined
十二月 14, 2018 11:36:39 下午 org.apache.catalina.startup.TaglibUriRule body
信息: TLD skipped. URI: http://java.sun.com/jsp/jstl/core is already defined
十二月 14, 2018 11:36:39 下午 org.apache.catalina.startup.TldConfig execute
信息: At least one JAR was scanned for TLDs yet contained no TLDs. Enable debug logging for this logger for a complete list of JARs that were scanned but no TLDs were found in them. Skipping unneeded JARs during scanning can improve startup time and JSP compilation time.
十二月 14, 2018 11:36:42 下午 org.apache.catalina.startup.HostConfig deployWAR
信息: Deployment of web application archive /usr/local/apache-tomcat-7.0.75/webapps/gdjk.war has finished in 5,909 ms
十二月 14, 2018 11:36:42 下午 org.apache.catalina.startup.HostConfig deployDirectory
信息: Deploying web application directory /usr/local/apache-tomcat-7.0.75/webapps/upLoad20181123
十二月 14, 2018 11:36:42 下午 org.apache.catalina.startup.HostConfig deployDirectory
信息: Deployment of web application directory /usr/local/apache-tomcat-7.0.75/webapps/upLoad20181123 has finished in 24 ms
十二月 14, 2018 11:36:42 下午 org.apache.catalina.startup.HostConfig deployDirectory
信息: Deploying web application directory /usr/local/apache-tomcat-7.0.75/webapps/examples
十二月 14, 2018 11:36:42 下午 org.apache.catalina.startup.HostConfig deployDirectory
信息: Deployment of web application directory /usr/local/apache-tomcat-7.0.75/webapps/examples has finished in 104 ms
十二月 14, 2018 11:36:42 下午 org.apache.catalina.startup.HostConfig deployDirectory
信息: Deploying web application directory /usr/local/apache-tomcat-7.0.75/webapps/docs
十二月 14, 2018 11:36:42 下午 org.apache.catalina.startup.HostConfig deployDirectory
信息: Deployment of web application directory /usr/local/apache-tomcat-7.0.75/webapps/docs has finished in 21 ms
十二月 14, 2018 11:36:42 下午 org.apache.catalina.startup.HostConfig deployDirectory
信息: Deploying web application directory /usr/local/apache-tomcat-7.0.75/webapps/upLoad
十二月 14, 2018 11:36:42 下午 org.apache.catalina.startup.HostConfig deployDirectory
信息: Deployment of web application directory /usr/local/apache-tomcat-7.0.75/webapps/upLoad has finished in 19 ms
十二月 14, 2018 11:36:42 下午 org.apache.catalina.startup.HostConfig deployDirectory
信息: Deploying web application directory /usr/local/apache-tomcat-7.0.75/webapps/ROOT
十二月 14, 2018 11:36:42 下午 org.apache.catalina.startup.HostConfig deployDirectory
信息: Deployment of web application directory /usr/local/apache-tomcat-7.0.75/webapps/ROOT has finished in 19 ms
十二月 14, 2018 11:36:42 下午 org.apache.catalina.startup.HostConfig deployDirectory
信息: Deploying web application directory /usr/local/apache-tomcat-7.0.75/webapps/host-manager
十二月 14, 2018 11:36:42 下午 org.apache.catalina.startup.HostConfig deployDirectory
信息: Deployment of web application directory /usr/local/apache-tomcat-7.0.75/webapps/host-manager has finished in 25 ms
十二月 14, 2018 11:36:42 下午 org.apache.catalina.startup.HostConfig deployDirectory
信息: Deploying web application directory /usr/local/apache-tomcat-7.0.75/webapps/manager
十二月 14, 2018 11:36:42 下午 org.apache.catalina.startup.HostConfig deployDirectory
信息: Deployment of web application directory /usr/local/apache-tomcat-7.0.75/webapps/manager has finished in 25 ms
十二月 14, 2018 11:36:42 下午 org.apache.coyote.AbstractProtocol start
信息: Starting ProtocolHandler ["http-bio-8080"]
十二月 14, 2018 11:36:42 下午 org.apache.coyote.AbstractProtocol start
信息: Starting ProtocolHandler ["ajp-bio-8009"]
十二月 14, 2018 11:36:42 下午 org.apache.catalina.startup.Catalina start
信息: Server startup in 6202 ms
