十二月 17, 2018 4:11:47 上午 org.apache.catalina.realm.LockOutRealm filterLockedAccounts
警告: An attempt was made to authenticate the locked user "tomcat"
十二月 17, 2018 4:11:48 上午 org.apache.catalina.realm.LockOutRealm filterLockedAccounts
警告: An attempt was made to authenticate the locked user "tomcat"
十二月 17, 2018 4:11:48 上午 org.apache.catalina.realm.LockOutRealm filterLockedAccounts
警告: An attempt was made to authenticate the locked user "tomcat"
十二月 17, 2018 4:11:49 上午 org.apache.catalina.realm.LockOutRealm filterLockedAccounts
警告: An attempt was made to authenticate the locked user "tomcat"
十二月 17, 2018 4:11:49 上午 org.apache.catalina.realm.LockOutRealm filterLockedAccounts
警告: An attempt was made to authenticate the locked user "tomcat"
十二月 17, 2018 4:11:49 上午 org.apache.catalina.realm.LockOutRealm filterLockedAccounts
警告: An attempt was made to authenticate the locked user "tomcat"
十二月 17, 2018 4:11:50 上午 org.apache.catalina.realm.LockOutRealm filterLockedAccounts
警告: An attempt was made to authenticate the locked user "manager"
十二月 17, 2018 4:11:51 上午 org.apache.catalina.realm.LockOutRealm filterLockedAccounts
警告: An attempt was made to authenticate the locked user "manager"
十二月 17, 2018 4:11:51 上午 org.apache.catalina.realm.LockOutRealm filterLockedAccounts
警告: An attempt was made to authenticate the locked user "manager"
十二月 17, 2018 4:11:52 上午 org.apache.catalina.realm.LockOutRealm filterLockedAccounts
警告: An attempt was made to authenticate the locked user "manager"
十二月 17, 2018 4:35:01 上午 org.apache.coyote.http11.AbstractHttp11Processor process
信息: Error parsing HTTP request header
 Note: further occurrences of HTTP header parsing errors will be logged at DEBUG level.
java.lang.IllegalArgumentException: Invalid character found in the request target. The valid characters are defined in RFC 7230 and RFC 3986
	at org.apache.coyote.http11.InternalInputBuffer.parseRequestLine(InternalInputBuffer.java:189)
	at org.apache.coyote.http11.AbstractHttp11Processor.process(AbstractHttp11Processor.java:1000)
	at org.apache.coyote.AbstractProtocol$AbstractConnectionHandler.process(AbstractProtocol.java:637)
	at org.apache.tomcat.util.net.JIoEndpoint$SocketProcessor.run(JIoEndpoint.java:316)
	at java.util.concurrent.ThreadPoolExecutor.runWorker(ThreadPoolExecutor.java:1149)
	at java.util.concurrent.ThreadPoolExecutor$Worker.run(ThreadPoolExecutor.java:624)
	at org.apache.tomcat.util.threads.TaskThread$WrappingRunnable.run(TaskThread.java:61)
	at java.lang.Thread.run(Thread.java:748)

十二月 17, 2018 5:36:06 上午 org.apache.catalina.realm.LockOutRealm filterLockedAccounts
警告: An attempt was made to authenticate the locked user "tomcat"
十二月 17, 2018 5:36:06 上午 org.apache.catalina.realm.LockOutRealm filterLockedAccounts
警告: An attempt was made to authenticate the locked user "tomcat"
十二月 17, 2018 5:36:08 上午 org.apache.catalina.realm.LockOutRealm filterLockedAccounts
警告: An attempt was made to authenticate the locked user "manager"
十二月 17, 2018 5:36:08 上午 org.apache.catalina.realm.LockOutRealm filterLockedAccounts
警告: An attempt was made to authenticate the locked user "manager"
十二月 17, 2018 5:36:11 上午 org.apache.catalina.realm.LockOutRealm filterLockedAccounts
警告: An attempt was made to authenticate the locked user "admin"
十二月 17, 2018 5:36:13 上午 org.apache.catalina.realm.LockOutRealm filterLockedAccounts
警告: An attempt was made to authenticate the locked user "root"
十二月 17, 2018 5:36:14 上午 org.apache.catalina.realm.LockOutRealm filterLockedAccounts
警告: An attempt was made to authenticate the locked user "root"
十二月 17, 2018 7:30:37 上午 org.apache.jasper.compiler.TldLocationsCache tldScanJar
信息: At least one JAR was scanned for TLDs yet contained no TLDs. Enable debug logging for this logger for a complete list of JARs that were scanned but no TLDs were found in them. Skipping unneeded JARs during scanning can improve startup time and JSP compilation time.
十二月 17, 2018 4:51:26 下午 org.apache.catalina.realm.LockOutRealm filterLockedAccounts
警告: An attempt was made to authenticate the locked user ""
十二月 17, 2018 7:30:23 下午 org.apache.catalina.realm.LockOutRealm filterLockedAccounts
警告: An attempt was made to authenticate the locked user "tomcat"
十二月 17, 2018 7:30:23 下午 org.apache.catalina.realm.LockOutRealm filterLockedAccounts
警告: An attempt was made to authenticate the locked user "tomcat"
十二月 17, 2018 7:30:24 下午 org.apache.catalina.realm.LockOutRealm filterLockedAccounts
警告: An attempt was made to authenticate the locked user "tomcat"
十二月 17, 2018 7:30:24 下午 org.apache.catalina.realm.LockOutRealm filterLockedAccounts
警告: An attempt was made to authenticate the locked user "tomcat"
十二月 17, 2018 9:56:24 下午 org.apache.coyote.ajp.AjpMessage processHeader
严重: Invalid message received with signature 18245
十二月 17, 2018 9:56:24 下午 org.apache.coyote.ajp.AjpMessage processHeader
严重: Invalid message received with signature 18245
十二月 17, 2018 9:56:24 下午 org.apache.coyote.ajp.AjpMessage processHeader
严重: Invalid message received with signature 17231
十二月 17, 2018 9:56:24 下午 org.apache.coyote.ajp.AjpMessage processHeader
严重: Invalid message received with signature 18245
十二月 17, 2018 9:56:24 下午 org.apache.coyote.ajp.AjpMessage processHeader
严重: Invalid message received with signature 18245
十二月 17, 2018 9:56:24 下午 org.apache.coyote.ajp.AjpMessage processHeader
严重: Invalid message received with signature 18245
十二月 17, 2018 9:56:24 下午 org.apache.coyote.ajp.AjpMessage processHeader
严重: Invalid message received with signature 18245
十二月 17, 2018 9:56:24 下午 org.apache.coyote.ajp.AjpMessage processHeader
严重: Invalid message received with signature 18245
十二月 17, 2018 9:56:24 下午 org.apache.coyote.ajp.AjpMessage processHeader
严重: Invalid message received with signature 18245
