三月 30, 2019 12:54:17 上午 org.apache.catalina.realm.LockOutRealm filterLockedAccounts
警告: An attempt was made to authenticate the locked user "admin"
三月 30, 2019 12:54:17 上午 org.apache.catalina.realm.LockOutRealm filterLockedAccounts
警告: An attempt was made to authenticate the locked user "admin"
三月 30, 2019 12:54:18 上午 org.apache.catalina.realm.LockOutRealm filterLockedAccounts
警告: An attempt was made to authenticate the locked user "admin"
三月 30, 2019 2:31:39 上午 org.apache.coyote.ajp.AjpMessage processHeader
严重: Invalid message received with signature 18245
三月 30, 2019 2:31:39 上午 org.apache.coyote.ajp.AjpMessage processHeader
严重: Invalid message received with signature 5635
三月 30, 2019 2:31:50 上午 org.apache.coyote.ajp.AjpMessage processHeader
严重: Invalid message received with signature 768
三月 30, 2019 3:25:22 上午 org.apache.coyote.ajp.AjpMessage processHeader
严重: Invalid message received with signature 18245
三月 30, 2019 3:25:22 上午 org.apache.coyote.ajp.AjpMessage processHeader
严重: Invalid message received with signature 18245
三月 30, 2019 3:25:22 上午 org.apache.coyote.ajp.AjpMessage processHeader
严重: Invalid message received with signature 18245
三月 30, 2019 3:25:22 上午 org.apache.coyote.ajp.AjpMessage processHeader
严重: Invalid message received with signature 18245
三月 30, 2019 3:25:22 上午 org.apache.coyote.ajp.AjpMessage processHeader
严重: Invalid message received with signature 18245
三月 30, 2019 3:25:22 上午 org.apache.coyote.ajp.AjpMessage processHeader
严重: Invalid message received with signature 18245
三月 30, 2019 3:25:22 上午 org.apache.coyote.ajp.AjpMessage processHeader
严重: Invalid message received with signature 18245
三月 30, 2019 3:25:23 上午 org.apache.coyote.ajp.AjpMessage processHeader
严重: Invalid message received with signature 17231
三月 30, 2019 3:25:23 上午 org.apache.coyote.ajp.AjpMessage processHeader
严重: Invalid message received with signature 18245
三月 30, 2019 9:47:08 上午 org.apache.coyote.http11.AbstractHttp11Processor process
信息: Error parsing HTTP request header
 Note: further occurrences of HTTP header parsing errors will be logged at DEBUG level.
java.lang.IllegalArgumentException: Invalid character found in method name. HTTP method names must be tokens
	at org.apache.coyote.http11.InternalInputBuffer.parseRequestLine(InternalInputBuffer.java:136)
	at org.apache.coyote.http11.AbstractHttp11Processor.process(AbstractHttp11Processor.java:1000)
	at org.apache.coyote.AbstractProtocol$AbstractConnectionHandler.process(AbstractProtocol.java:637)
	at org.apache.tomcat.util.net.JIoEndpoint$SocketProcessor.run(JIoEndpoint.java:316)
	at java.util.concurrent.ThreadPoolExecutor.runWorker(ThreadPoolExecutor.java:1149)
	at java.util.concurrent.ThreadPoolExecutor$Worker.run(ThreadPoolExecutor.java:624)
	at org.apache.tomcat.util.threads.TaskThread$WrappingRunnable.run(TaskThread.java:61)
	at java.lang.Thread.run(Thread.java:748)

三月 30, 2019 9:47:08 上午 org.apache.coyote.http11.AbstractHttp11Processor process
信息: Error parsing HTTP request header
 Note: further occurrences of HTTP header parsing errors will be logged at DEBUG level.
java.lang.IllegalArgumentException: Invalid character found in method name. HTTP method names must be tokens
	at org.apache.coyote.http11.InternalInputBuffer.parseRequestLine(InternalInputBuffer.java:136)
	at org.apache.coyote.http11.AbstractHttp11Processor.process(AbstractHttp11Processor.java:1000)
	at org.apache.coyote.AbstractProtocol$AbstractConnectionHandler.process(AbstractProtocol.java:637)
	at org.apache.tomcat.util.net.JIoEndpoint$SocketProcessor.run(JIoEndpoint.java:316)
	at java.util.concurrent.ThreadPoolExecutor.runWorker(ThreadPoolExecutor.java:1149)
	at java.util.concurrent.ThreadPoolExecutor$Worker.run(ThreadPoolExecutor.java:624)
	at org.apache.tomcat.util.threads.TaskThread$WrappingRunnable.run(TaskThread.java:61)
	at java.lang.Thread.run(Thread.java:748)

三月 30, 2019 10:12:19 上午 org.apache.catalina.realm.LockOutRealm filterLockedAccounts
警告: An attempt was made to authenticate the locked user "tomcat"
三月 30, 2019 10:12:19 上午 org.apache.catalina.realm.LockOutRealm filterLockedAccounts
警告: An attempt was made to authenticate the locked user "tomcat"
三月 30, 2019 10:12:19 上午 org.apache.catalina.realm.LockOutRealm filterLockedAccounts
警告: An attempt was made to authenticate the locked user "tomcat"
三月 30, 2019 10:12:19 上午 org.apache.catalina.realm.LockOutRealm filterLockedAccounts
警告: An attempt was made to authenticate the locked user "root"
三月 30, 2019 10:12:19 上午 org.apache.catalina.realm.LockOutRealm filterLockedAccounts
警告: An attempt was made to authenticate the locked user "root"
三月 30, 2019 10:30:26 上午 org.apache.catalina.realm.LockOutRealm filterLockedAccounts
警告: An attempt was made to authenticate the locked user "admin"
三月 30, 2019 10:30:26 上午 org.apache.catalina.realm.LockOutRealm filterLockedAccounts
警告: An attempt was made to authenticate the locked user "admin"
三月 30, 2019 10:30:26 上午 org.apache.catalina.realm.LockOutRealm filterLockedAccounts
警告: An attempt was made to authenticate the locked user "admin"
三月 30, 2019 10:39:33 上午 org.apache.catalina.realm.LockOutRealm filterLockedAccounts
警告: An attempt was made to authenticate the locked user "tomcat"
三月 30, 2019 10:39:33 上午 org.apache.catalina.realm.LockOutRealm filterLockedAccounts
警告: An attempt was made to authenticate the locked user "tomcat"
三月 30, 2019 10:39:33 上午 org.apache.catalina.realm.LockOutRealm filterLockedAccounts
警告: An attempt was made to authenticate the locked user "tomcat"
三月 30, 2019 10:39:33 上午 org.apache.catalina.realm.LockOutRealm filterLockedAccounts
警告: An attempt was made to authenticate the locked user "tomcat"
三月 30, 2019 10:56:36 上午 org.apache.catalina.realm.LockOutRealm filterLockedAccounts
警告: An attempt was made to authenticate the locked user "tomcat"
三月 30, 2019 10:56:36 上午 org.apache.catalina.realm.LockOutRealm filterLockedAccounts
警告: An attempt was made to authenticate the locked user "tomcat"
三月 30, 2019 10:56:36 上午 org.apache.catalina.realm.LockOutRealm filterLockedAccounts
警告: An attempt was made to authenticate the locked user "tomcat"
三月 30, 2019 10:56:36 上午 org.apache.catalina.realm.LockOutRealm filterLockedAccounts
警告: An attempt was made to authenticate the locked user "tomcat"
三月 30, 2019 10:56:36 上午 org.apache.catalina.realm.LockOutRealm filterLockedAccounts
警告: An attempt was made to authenticate the locked user "tomcat"
三月 30, 2019 10:56:37 上午 org.apache.catalina.realm.LockOutRealm filterLockedAccounts
警告: An attempt was made to authenticate the locked user "admin"
三月 30, 2019 10:56:37 上午 org.apache.catalina.realm.LockOutRealm filterLockedAccounts
警告: An attempt was made to authenticate the locked user "admin"
三月 30, 2019 10:56:37 上午 org.apache.catalina.realm.LockOutRealm filterLockedAccounts
警告: An attempt was made to authenticate the locked user "admin"
三月 30, 2019 10:56:37 上午 org.apache.catalina.realm.LockOutRealm filterLockedAccounts
警告: An attempt was made to authenticate the locked user "admin"
三月 30, 2019 10:56:37 上午 org.apache.catalina.realm.LockOutRealm filterLockedAccounts
警告: An attempt was made to authenticate the locked user "admin"
三月 30, 2019 10:56:37 上午 org.apache.catalina.realm.LockOutRealm filterLockedAccounts
警告: An attempt was made to authenticate the locked user "root"
三月 30, 2019 10:56:37 上午 org.apache.catalina.realm.LockOutRealm filterLockedAccounts
警告: An attempt was made to authenticate the locked user "root"
三月 30, 2019 10:56:37 上午 org.apache.catalina.realm.LockOutRealm filterLockedAccounts
警告: An attempt was made to authenticate the locked user "root"
三月 30, 2019 10:56:37 上午 org.apache.catalina.realm.LockOutRealm filterLockedAccounts
警告: An attempt was made to authenticate the locked user "root"
三月 30, 2019 10:56:37 上午 org.apache.catalina.realm.LockOutRealm filterLockedAccounts
警告: An attempt was made to authenticate the locked user "root"
三月 30, 2019 10:56:37 上午 org.apache.catalina.realm.LockOutRealm filterLockedAccounts
警告: An attempt was made to authenticate the locked user "root"
三月 30, 2019 10:56:38 上午 org.apache.catalina.realm.LockOutRealm filterLockedAccounts
警告: An attempt was made to authenticate the locked user "root"
三月 30, 2019 10:56:38 上午 org.apache.catalina.realm.LockOutRealm filterLockedAccounts
警告: An attempt was made to authenticate the locked user "root"
三月 30, 2019 10:56:38 上午 org.apache.catalina.realm.LockOutRealm filterLockedAccounts
警告: An attempt was made to authenticate the locked user "root"
三月 30, 2019 11:38:27 上午 org.apache.catalina.realm.LockOutRealm filterLockedAccounts
警告: An attempt was made to authenticate the locked user "tomcat"
三月 30, 2019 11:38:27 上午 org.apache.catalina.realm.LockOutRealm filterLockedAccounts
警告: An attempt was made to authenticate the locked user "tomcat"
三月 30, 2019 11:38:27 上午 org.apache.catalina.realm.LockOutRealm filterLockedAccounts
警告: An attempt was made to authenticate the locked user "tomcat"
三月 30, 2019 11:38:28 上午 org.apache.catalina.realm.LockOutRealm filterLockedAccounts
警告: An attempt was made to authenticate the locked user "admin"
三月 30, 2019 11:38:28 上午 org.apache.catalina.realm.LockOutRealm filterLockedAccounts
警告: An attempt was made to authenticate the locked user "admin"
三月 30, 2019 11:38:28 上午 org.apache.catalina.realm.LockOutRealm filterLockedAccounts
警告: An attempt was made to authenticate the locked user "admin"
三月 30, 2019 11:38:28 上午 org.apache.catalina.realm.LockOutRealm filterLockedAccounts
警告: An attempt was made to authenticate the locked user "root"
三月 30, 2019 11:38:28 上午 org.apache.catalina.realm.LockOutRealm filterLockedAccounts
警告: An attempt was made to authenticate the locked user "root"
三月 30, 2019 11:38:29 上午 org.apache.catalina.realm.LockOutRealm filterLockedAccounts
警告: An attempt was made to authenticate the locked user "root"
三月 30, 2019 11:57:04 上午 org.apache.catalina.realm.LockOutRealm filterLockedAccounts
警告: An attempt was made to authenticate the locked user "tomcat"
三月 30, 2019 11:57:05 上午 org.apache.catalina.realm.LockOutRealm filterLockedAccounts
警告: An attempt was made to authenticate the locked user "tomcat"
三月 30, 2019 11:57:05 上午 org.apache.catalina.realm.LockOutRealm filterLockedAccounts
警告: An attempt was made to authenticate the locked user "tomcat"
三月 30, 2019 11:57:06 上午 org.apache.catalina.realm.LockOutRealm filterLockedAccounts
警告: An attempt was made to authenticate the locked user "admin"
三月 30, 2019 11:57:06 上午 org.apache.catalina.realm.LockOutRealm filterLockedAccounts
警告: An attempt was made to authenticate the locked user "admin"
三月 30, 2019 11:57:06 上午 org.apache.catalina.realm.LockOutRealm filterLockedAccounts
警告: An attempt was made to authenticate the locked user "admin"
三月 30, 2019 11:57:07 上午 org.apache.catalina.realm.LockOutRealm filterLockedAccounts
警告: An attempt was made to authenticate the locked user "root"
三月 30, 2019 11:57:07 上午 org.apache.catalina.realm.LockOutRealm filterLockedAccounts
警告: An attempt was made to authenticate the locked user "root"
三月 30, 2019 11:57:08 上午 org.apache.catalina.realm.LockOutRealm filterLockedAccounts
警告: An attempt was made to authenticate the locked user "root"
三月 30, 2019 12:15:49 下午 org.apache.catalina.realm.LockOutRealm filterLockedAccounts
警告: An attempt was made to authenticate the locked user "tomcat"
三月 30, 2019 12:15:49 下午 org.apache.catalina.realm.LockOutRealm filterLockedAccounts
警告: An attempt was made to authenticate the locked user "tomcat"
三月 30, 2019 12:15:49 下午 org.apache.catalina.realm.LockOutRealm filterLockedAccounts
警告: An attempt was made to authenticate the locked user "tomcat"
三月 30, 2019 12:15:49 下午 org.apache.catalina.realm.LockOutRealm filterLockedAccounts
警告: An attempt was made to authenticate the locked user "admin"
三月 30, 2019 12:15:49 下午 org.apache.catalina.realm.LockOutRealm filterLockedAccounts
警告: An attempt was made to authenticate the locked user "admin"
三月 30, 2019 12:15:49 下午 org.apache.catalina.realm.LockOutRealm filterLockedAccounts
警告: An attempt was made to authenticate the locked user "admin"
三月 30, 2019 12:15:49 下午 org.apache.catalina.realm.LockOutRealm filterLockedAccounts
警告: An attempt was made to authenticate the locked user "root"
三月 30, 2019 12:15:49 下午 org.apache.catalina.realm.LockOutRealm filterLockedAccounts
警告: An attempt was made to authenticate the locked user "root"
三月 30, 2019 12:15:49 下午 org.apache.catalina.realm.LockOutRealm filterLockedAccounts
警告: An attempt was made to authenticate the locked user "root"
三月 30, 2019 12:54:49 下午 org.apache.catalina.realm.LockOutRealm filterLockedAccounts
警告: An attempt was made to authenticate the locked user "tomcat"
三月 30, 2019 12:54:49 下午 org.apache.catalina.realm.LockOutRealm filterLockedAccounts
警告: An attempt was made to authenticate the locked user "tomcat"
三月 30, 2019 12:54:49 下午 org.apache.catalina.realm.LockOutRealm filterLockedAccounts
警告: An attempt was made to authenticate the locked user "tomcat"
三月 30, 2019 12:54:49 下午 org.apache.catalina.realm.LockOutRealm filterLockedAccounts
警告: An attempt was made to authenticate the locked user "admin"
三月 30, 2019 12:54:50 下午 org.apache.catalina.realm.LockOutRealm filterLockedAccounts
警告: An attempt was made to authenticate the locked user "admin"
三月 30, 2019 12:54:50 下午 org.apache.catalina.realm.LockOutRealm filterLockedAccounts
警告: An attempt was made to authenticate the locked user "admin"
三月 30, 2019 12:54:51 下午 org.apache.catalina.realm.LockOutRealm filterLockedAccounts
警告: An attempt was made to authenticate the locked user "root"
三月 30, 2019 12:54:51 下午 org.apache.catalina.realm.LockOutRealm filterLockedAccounts
警告: An attempt was made to authenticate the locked user "root"
三月 30, 2019 12:54:51 下午 org.apache.catalina.realm.LockOutRealm filterLockedAccounts
警告: An attempt was made to authenticate the locked user "root"
三月 30, 2019 5:37:07 下午 org.apache.coyote.ajp.AjpMessage processHeader
严重: Invalid message received with signature 18245
三月 30, 2019 5:37:07 下午 org.apache.coyote.ajp.AjpMessage processHeader
严重: Invalid message received with signature 5635
三月 30, 2019 5:37:07 下午 org.apache.coyote.ajp.AjpMessage processHeader
严重: Invalid message received with signature 32926
三月 30, 2019 5:37:07 下午 org.apache.coyote.ajp.AjpMessage processHeader
严重: Invalid message received with signature 18245
三月 30, 2019 5:37:16 下午 org.apache.coyote.ajp.AjpMessage processHeader
严重: Invalid message received with signature 18245
三月 30, 2019 5:37:17 下午 org.apache.coyote.ajp.AjpMessage processHeader
严重: Invalid message received with signature 33009
三月 30, 2019 5:37:17 下午 org.apache.coyote.ajp.AjpMessage processHeader
严重: Invalid message received with signature 5635
三月 30, 2019 6:13:41 下午 org.apache.catalina.realm.LockOutRealm filterLockedAccounts
警告: An attempt was made to authenticate the locked user ""
