五月 03, 2017 4:30:19 下午 org.apache.catalina.startup.VersionLoggerListener log
INFO: Server version:        Apache Tomcat/7.0.75
五月 03, 2017 4:30:19 下午 org.apache.catalina.startup.VersionLoggerListener log
INFO: Server built:          Jan 18 2017 20:54:42 UTC
五月 03, 2017 4:30:19 下午 org.apache.catalina.startup.VersionLoggerListener log
INFO: Server number:         7.0.75.0
五月 03, 2017 4:30:19 下午 org.apache.catalina.startup.VersionLoggerListener log
INFO: OS Name:               Windows 7
五月 03, 2017 4:30:19 下午 org.apache.catalina.startup.VersionLoggerListener log
INFO: OS Version:            6.1
五月 03, 2017 4:30:19 下午 org.apache.catalina.startup.VersionLoggerListener log
INFO: Architecture:          amd64
五月 03, 2017 4:30:19 下午 org.apache.catalina.startup.VersionLoggerListener log
INFO: Java Home:             C:\Program Files\Java\jdk1.7.0_25\jre
五月 03, 2017 4:30:19 下午 org.apache.catalina.startup.VersionLoggerListener log
INFO: JVM Version:           1.7.0_25-b17
五月 03, 2017 4:30:19 下午 org.apache.catalina.startup.VersionLoggerListener log
INFO: JVM Vendor:            Oracle Corporation
五月 03, 2017 4:30:19 下午 org.apache.catalina.startup.VersionLoggerListener log
INFO: CATALINA_BASE:         C:\apache-tomcat-7.0.75
五月 03, 2017 4:30:19 下午 org.apache.catalina.startup.VersionLoggerListener log
INFO: CATALINA_HOME:         C:\apache-tomcat-7.0.75
五月 03, 2017 4:30:19 下午 org.apache.catalina.startup.VersionLoggerListener log
INFO: Command line argument: -Djava.util.logging.config.file=C:\apache-tomcat-7.0.75\conf\logging.properties
五月 03, 2017 4:30:19 下午 org.apache.catalina.startup.VersionLoggerListener log
INFO: Command line argument: -Djava.util.logging.manager=org.apache.juli.ClassLoaderLogManager
五月 03, 2017 4:30:19 下午 org.apache.catalina.startup.VersionLoggerListener log
INFO: Command line argument: -Djdk.tls.ephemeralDHKeySize=2048
五月 03, 2017 4:30:19 下午 org.apache.catalina.startup.VersionLoggerListener log
INFO: Command line argument: -Djava.endorsed.dirs=C:\apache-tomcat-7.0.75\endorsed
五月 03, 2017 4:30:19 下午 org.apache.catalina.startup.VersionLoggerListener log
INFO: Command line argument: -Dcatalina.base=C:\apache-tomcat-7.0.75
五月 03, 2017 4:30:19 下午 org.apache.catalina.startup.VersionLoggerListener log
INFO: Command line argument: -Dcatalina.home=C:\apache-tomcat-7.0.75
五月 03, 2017 4:30:19 下午 org.apache.catalina.startup.VersionLoggerListener log
INFO: Command line argument: -Djava.io.tmpdir=C:\apache-tomcat-7.0.75\temp
五月 03, 2017 4:30:19 下午 org.apache.catalina.core.AprLifecycleListener lifecycleEvent
INFO: Loaded APR based Apache Tomcat Native library 1.2.10 using APR version 1.5.2.
五月 03, 2017 4:30:19 下午 org.apache.catalina.core.AprLifecycleListener lifecycleEvent
INFO: APR capabilities: IPv6 [true], sendfile [true], accept filters [false], random [true].
五月 03, 2017 4:30:20 下午 org.apache.catalina.core.AprLifecycleListener initializeSSL
INFO: OpenSSL successfully initialized (OpenSSL 1.0.2j  26 Sep 2016)
五月 03, 2017 4:30:20 下午 org.apache.coyote.AbstractProtocol init
INFO: Initializing ProtocolHandler ["http-apr-8080"]
五月 03, 2017 4:30:20 下午 org.apache.coyote.AbstractProtocol init
INFO: Initializing ProtocolHandler ["ajp-apr-8009"]
五月 03, 2017 4:30:20 下午 org.apache.catalina.startup.Catalina load
INFO: Initialization processed in 1828 ms
五月 03, 2017 4:30:20 下午 org.apache.catalina.core.StandardService startInternal
INFO: Starting service Catalina
五月 03, 2017 4:30:20 下午 org.apache.catalina.core.StandardEngine startInternal
INFO: Starting Servlet Engine: Apache Tomcat/7.0.75
五月 03, 2017 4:30:20 下午 org.apache.catalina.startup.HostConfig deployWAR
INFO: Deploying web application archive C:\apache-tomcat-7.0.75\webapps\msh.war
五月 03, 2017 4:30:37 下午 org.apache.catalina.loader.WebappClassLoaderBase validateJarFile
INFO: validateJarFile(C:\apache-tomcat-7.0.75\webapps\msh\WEB-INF\lib\servlet-api.jar) - jar not loaded. See Servlet Spec 3.0, section 10.7.2. Offending class: javax/servlet/Servlet.class
五月 03, 2017 4:30:45 下午 org.apache.catalina.startup.TaglibUriRule body
INFO: TLD skipped. URI: http://struts.apache.org/tags-bean is already defined
五月 03, 2017 4:30:45 下午 org.apache.catalina.startup.TaglibUriRule body
INFO: TLD skipped. URI: http://struts.apache.org/tags-bean is already defined
五月 03, 2017 4:30:45 下午 org.apache.catalina.startup.TaglibUriRule body
INFO: TLD skipped. URI: http://struts.apache.org/tags-bean is already defined
五月 03, 2017 4:30:45 下午 org.apache.catalina.startup.TaglibUriRule body
INFO: TLD skipped. URI: http://jakarta.apache.org/struts/tags-tiles is already defined
五月 03, 2017 4:30:45 下午 org.apache.catalina.startup.TaglibUriRule body
INFO: TLD skipped. URI: http://struts.apache.org/tags-bean is already defined
五月 03, 2017 4:30:45 下午 org.apache.catalina.startup.TaglibUriRule body
INFO: TLD skipped. URI: http://struts.apache.org/tags-bean is already defined
五月 03, 2017 4:30:45 下午 org.apache.catalina.startup.TaglibUriRule body
INFO: TLD skipped. URI: http://struts.apache.org/tags-bean is already defined
五月 03, 2017 4:30:45 下午 org.apache.catalina.startup.TaglibUriRule body
INFO: TLD skipped. URI: http://struts.apache.org/tags-bean is already defined
五月 03, 2017 4:30:45 下午 org.apache.catalina.startup.TaglibUriRule body
INFO: TLD skipped. URI: http://jakarta.apache.org/struts/tags-html is already defined
五月 03, 2017 4:30:45 下午 org.apache.catalina.startup.TaglibUriRule body
INFO: TLD skipped. URI: http://struts.apache.org/tags-bean is already defined
五月 03, 2017 4:30:45 下午 org.apache.catalina.startup.TaglibUriRule body
INFO: TLD skipped. URI: http://jakarta.apache.org/struts/tags-template is already defined
五月 03, 2017 4:30:45 下午 org.apache.catalina.startup.TaglibUriRule body
INFO: TLD skipped. URI: http://jakarta.apache.org/struts/tags-logic is already defined
五月 03, 2017 4:30:45 下午 org.apache.catalina.startup.TaglibUriRule body
INFO: TLD skipped. URI: http://jakarta.apache.org/struts/tags-nested is already defined
五月 03, 2017 4:30:46 下午 org.apache.catalina.startup.TaglibUriRule body
INFO: TLD skipped. URI: http://jakarta.apache.org/struts/tags-html is already defined
五月 03, 2017 4:30:46 下午 org.apache.catalina.startup.TaglibUriRule body
INFO: TLD skipped. URI: http://jakarta.apache.org/struts/tags-logic is already defined
五月 03, 2017 4:30:46 下午 org.apache.catalina.startup.TaglibUriRule body
INFO: TLD skipped. URI: http://jakarta.apache.org/struts/tags-nested is already defined
五月 03, 2017 4:30:46 下午 org.apache.catalina.startup.TaglibUriRule body
INFO: TLD skipped. URI: http://jakarta.apache.org/struts/tags-template is already defined
五月 03, 2017 4:30:46 下午 org.apache.catalina.startup.TaglibUriRule body
INFO: TLD skipped. URI: http://jakarta.apache.org/struts/tags-tiles is already defined
五月 03, 2017 4:30:46 下午 org.apache.catalina.startup.TldConfig execute
INFO: At least one JAR was scanned for TLDs yet contained no TLDs. Enable debug logging for this logger for a complete list of JARs that were scanned but no TLDs were found in them. Skipping unneeded JARs during scanning can improve startup time and JSP compilation time.
五月 03, 2017 4:30:52 下午 org.apache.catalina.startup.HostConfig deployWAR
INFO: Deployment of web application archive C:\apache-tomcat-7.0.75\webapps\msh.war has finished in 31,925 ms
五月 03, 2017 4:30:52 下午 org.apache.catalina.startup.HostConfig deployDirectory
INFO: Deploying web application directory C:\apache-tomcat-7.0.75\webapps\docs
五月 03, 2017 4:30:52 下午 org.apache.catalina.startup.HostConfig deployDirectory
INFO: Deployment of web application directory C:\apache-tomcat-7.0.75\webapps\docs has finished in 70 ms
五月 03, 2017 4:30:52 下午 org.apache.catalina.startup.HostConfig deployDirectory
INFO: Deploying web application directory C:\apache-tomcat-7.0.75\webapps\examples
五月 03, 2017 4:30:53 下午 org.apache.catalina.startup.HostConfig deployDirectory
INFO: Deployment of web application directory C:\apache-tomcat-7.0.75\webapps\examples has finished in 324 ms
五月 03, 2017 4:30:53 下午 org.apache.catalina.startup.HostConfig deployDirectory
INFO: Deploying web application directory C:\apache-tomcat-7.0.75\webapps\host-manager
五月 03, 2017 4:30:53 下午 org.apache.catalina.startup.HostConfig deployDirectory
INFO: Deployment of web application directory C:\apache-tomcat-7.0.75\webapps\host-manager has finished in 81 ms
五月 03, 2017 4:30:53 下午 org.apache.catalina.startup.HostConfig deployDirectory
INFO: Deploying web application directory C:\apache-tomcat-7.0.75\webapps\manager
五月 03, 2017 4:30:53 下午 org.apache.catalina.startup.HostConfig deployDirectory
INFO: Deployment of web application directory C:\apache-tomcat-7.0.75\webapps\manager has finished in 75 ms
五月 03, 2017 4:30:53 下午 org.apache.catalina.startup.HostConfig deployDirectory
INFO: Deploying web application directory C:\apache-tomcat-7.0.75\webapps\ROOT
五月 03, 2017 4:30:53 下午 org.apache.catalina.startup.HostConfig deployDirectory
INFO: Deployment of web application directory C:\apache-tomcat-7.0.75\webapps\ROOT has finished in 54 ms
五月 03, 2017 4:30:53 下午 org.apache.coyote.AbstractProtocol start
INFO: Starting ProtocolHandler ["http-apr-8080"]
五月 03, 2017 4:30:53 下午 org.apache.coyote.AbstractProtocol start
INFO: Starting ProtocolHandler ["ajp-apr-8009"]
五月 03, 2017 4:30:53 下午 org.apache.catalina.startup.Catalina start
INFO: Server startup in 32664 ms
五月 03, 2017 4:30:53 下午 org.apache.jasper.compiler.TldLocationsCache tldScanJar
INFO: At least one JAR was scanned for TLDs yet contained no TLDs. Enable debug logging for this logger for a complete list of JARs that were scanned but no TLDs were found in them. Skipping unneeded JARs during scanning can improve startup time and JSP compilation time.
