一月 28, 2019 1:02:42 上午 org.apache.coyote.http11.AbstractHttp11Processor process
信息: Error parsing HTTP request header
 Note: further occurrences of HTTP header parsing errors will be logged at DEBUG level.
java.lang.IllegalArgumentException: Invalid character found in method name. HTTP method names must be tokens
	at org.apache.coyote.http11.InternalInputBuffer.parseRequestLine(InternalInputBuffer.java:136)
	at org.apache.coyote.http11.AbstractHttp11Processor.process(AbstractHttp11Processor.java:1000)
	at org.apache.coyote.AbstractProtocol$AbstractConnectionHandler.process(AbstractProtocol.java:637)
	at org.apache.tomcat.util.net.JIoEndpoint$SocketProcessor.run(JIoEndpoint.java:316)
	at java.util.concurrent.ThreadPoolExecutor.runWorker(ThreadPoolExecutor.java:1149)
	at java.util.concurrent.ThreadPoolExecutor$Worker.run(ThreadPoolExecutor.java:624)
	at org.apache.tomcat.util.threads.TaskThread$WrappingRunnable.run(TaskThread.java:61)
	at java.lang.Thread.run(Thread.java:748)

一月 28, 2019 7:08:03 上午 org.apache.coyote.ajp.AjpMessage processHeader
严重: Invalid message received with signature 18245
一月 28, 2019 7:08:03 上午 org.apache.coyote.ajp.AjpMessage processHeader
严重: Invalid message received with signature 18245
一月 28, 2019 7:08:03 上午 org.apache.coyote.ajp.AjpMessage processHeader
严重: Invalid message received with signature 18245
一月 28, 2019 7:08:03 上午 org.apache.coyote.ajp.AjpMessage processHeader
严重: Invalid message received with signature 18245
一月 28, 2019 7:08:03 上午 org.apache.coyote.ajp.AjpMessage processHeader
严重: Invalid message received with signature 18245
一月 28, 2019 7:08:03 上午 org.apache.coyote.ajp.AjpMessage processHeader
严重: Invalid message received with signature 18245
一月 28, 2019 7:08:03 上午 org.apache.coyote.ajp.AjpMessage processHeader
严重: Invalid message received with signature 18245
一月 28, 2019 7:08:03 上午 org.apache.coyote.ajp.AjpMessage processHeader
严重: Invalid message received with signature 18245
一月 28, 2019 7:08:03 上午 org.apache.coyote.ajp.AjpMessage processHeader
严重: Invalid message received with signature 17231
一月 28, 2019 1:16:02 下午 org.apache.coyote.http11.AbstractHttp11Processor process
信息: Error parsing HTTP request header
 Note: further occurrences of HTTP header parsing errors will be logged at DEBUG level.
java.lang.IllegalArgumentException: Invalid character found in method name. HTTP method names must be tokens
	at org.apache.coyote.http11.InternalInputBuffer.parseRequestLine(InternalInputBuffer.java:136)
	at org.apache.coyote.http11.AbstractHttp11Processor.process(AbstractHttp11Processor.java:1000)
	at org.apache.coyote.AbstractProtocol$AbstractConnectionHandler.process(AbstractProtocol.java:637)
	at org.apache.tomcat.util.net.JIoEndpoint$SocketProcessor.run(JIoEndpoint.java:316)
	at java.util.concurrent.ThreadPoolExecutor.runWorker(ThreadPoolExecutor.java:1149)
	at java.util.concurrent.ThreadPoolExecutor$Worker.run(ThreadPoolExecutor.java:624)
	at org.apache.tomcat.util.threads.TaskThread$WrappingRunnable.run(TaskThread.java:61)
	at java.lang.Thread.run(Thread.java:748)

一月 28, 2019 1:17:43 下午 org.apache.coyote.http11.AbstractHttp11Processor process
信息: Error parsing HTTP request header
 Note: further occurrences of HTTP header parsing errors will be logged at DEBUG level.
java.lang.IllegalArgumentException: Invalid character found in method name. HTTP method names must be tokens
	at org.apache.coyote.http11.InternalInputBuffer.parseRequestLine(InternalInputBuffer.java:136)
	at org.apache.coyote.http11.AbstractHttp11Processor.process(AbstractHttp11Processor.java:1000)
	at org.apache.coyote.AbstractProtocol$AbstractConnectionHandler.process(AbstractProtocol.java:637)
	at org.apache.tomcat.util.net.JIoEndpoint$SocketProcessor.run(JIoEndpoint.java:316)
	at java.util.concurrent.ThreadPoolExecutor.runWorker(ThreadPoolExecutor.java:1149)
	at java.util.concurrent.ThreadPoolExecutor$Worker.run(ThreadPoolExecutor.java:624)
	at org.apache.tomcat.util.threads.TaskThread$WrappingRunnable.run(TaskThread.java:61)
	at java.lang.Thread.run(Thread.java:748)

一月 28, 2019 2:38:04 下午 org.apache.coyote.ajp.AjpMessage processHeader
严重: Invalid message received with signature 18245
一月 28, 2019 2:38:04 下午 org.apache.coyote.ajp.AjpMessage processHeader
严重: Invalid message received with signature 5635
一月 28, 2019 2:38:04 下午 org.apache.coyote.ajp.AjpMessage processHeader
严重: Invalid message received with signature 32926
一月 28, 2019 2:38:04 下午 org.apache.coyote.ajp.AjpMessage processHeader
严重: Invalid message received with signature 18245
一月 28, 2019 2:38:12 下午 org.apache.coyote.ajp.AjpMessage processHeader
严重: Invalid message received with signature 18245
一月 28, 2019 2:38:12 下午 org.apache.coyote.ajp.AjpMessage processHeader
严重: Invalid message received with signature 33048
一月 28, 2019 2:38:12 下午 org.apache.coyote.ajp.AjpMessage processHeader
严重: Invalid message received with signature 5635
一月 28, 2019 11:50:32 下午 org.apache.catalina.realm.LockOutRealm filterLockedAccounts
警告: An attempt was made to authenticate the locked user ""
一月 28, 2019 11:51:23 下午 org.apache.catalina.realm.LockOutRealm filterLockedAccounts
警告: An attempt was made to authenticate the locked user "tomcat"
一月 28, 2019 11:51:31 下午 org.apache.catalina.realm.LockOutRealm filterLockedAccounts
警告: An attempt was made to authenticate the locked user "tomcat"
一月 28, 2019 11:51:43 下午 org.apache.catalina.realm.LockOutRealm filterLockedAccounts
警告: An attempt was made to authenticate the locked user "tomcat"
