十一月 19, 2018 12:17:32 上午 org.apache.catalina.realm.LockOutRealm filterLockedAccounts
警告: An attempt was made to authenticate the locked user "tomcat"
十一月 19, 2018 12:17:32 上午 org.apache.catalina.realm.LockOutRealm filterLockedAccounts
警告: An attempt was made to authenticate the locked user "tomcat"
十一月 19, 2018 12:17:32 上午 org.apache.catalina.realm.LockOutRealm filterLockedAccounts
警告: An attempt was made to authenticate the locked user "tomcat"
十一月 19, 2018 12:17:32 上午 org.apache.catalina.realm.LockOutRealm filterLockedAccounts
警告: An attempt was made to authenticate the locked user "tomcat"
十一月 19, 2018 12:17:32 上午 org.apache.catalina.realm.LockOutRealm filterLockedAccounts
警告: An attempt was made to authenticate the locked user "tomcat"
十一月 19, 2018 12:17:32 上午 org.apache.catalina.realm.LockOutRealm filterLockedAccounts
警告: An attempt was made to authenticate the locked user "tomcat"
十一月 19, 2018 12:17:32 上午 org.apache.catalina.realm.LockOutRealm filterLockedAccounts
警告: An attempt was made to authenticate the locked user "tomcat"
十一月 19, 2018 12:17:32 上午 org.apache.catalina.realm.LockOutRealm filterLockedAccounts
警告: An attempt was made to authenticate the locked user "tomcat"
十一月 19, 2018 12:17:32 上午 org.apache.catalina.realm.LockOutRealm filterLockedAccounts
警告: An attempt was made to authenticate the locked user "tomcat"
十一月 19, 2018 12:17:32 上午 org.apache.catalina.realm.LockOutRealm filterLockedAccounts
警告: An attempt was made to authenticate the locked user "tomcat"
十一月 19, 2018 12:17:32 上午 org.apache.catalina.realm.LockOutRealm filterLockedAccounts
警告: An attempt was made to authenticate the locked user "tomcat"
十一月 19, 2018 12:17:32 上午 org.apache.catalina.realm.LockOutRealm filterLockedAccounts
警告: An attempt was made to authenticate the locked user "tomcat"
十一月 19, 2018 12:17:33 上午 org.apache.catalina.realm.LockOutRealm filterLockedAccounts
警告: An attempt was made to authenticate the locked user "tomcat"
十一月 19, 2018 12:17:33 上午 org.apache.catalina.realm.LockOutRealm filterLockedAccounts
警告: An attempt was made to authenticate the locked user "tomcat"
十一月 19, 2018 12:17:33 上午 org.apache.catalina.realm.LockOutRealm filterLockedAccounts
警告: An attempt was made to authenticate the locked user "tomcat"
十一月 19, 2018 12:17:33 上午 org.apache.catalina.realm.LockOutRealm filterLockedAccounts
警告: An attempt was made to authenticate the locked user "tomcat"
十一月 19, 2018 12:17:33 上午 org.apache.catalina.realm.LockOutRealm filterLockedAccounts
警告: An attempt was made to authenticate the locked user "tomcat"
十一月 19, 2018 12:17:33 上午 org.apache.catalina.realm.LockOutRealm filterLockedAccounts
警告: An attempt was made to authenticate the locked user "tomcat"
十一月 19, 2018 12:17:33 上午 org.apache.catalina.realm.LockOutRealm filterLockedAccounts
警告: An attempt was made to authenticate the locked user "tomcat"
十一月 19, 2018 12:17:33 上午 org.apache.catalina.realm.LockOutRealm filterLockedAccounts
警告: An attempt was made to authenticate the locked user "tomcat"
十一月 19, 2018 12:17:33 上午 org.apache.catalina.realm.LockOutRealm filterLockedAccounts
警告: An attempt was made to authenticate the locked user "tomcat"
十一月 19, 2018 12:17:33 上午 org.apache.catalina.realm.LockOutRealm filterLockedAccounts
警告: An attempt was made to authenticate the locked user "tomcat"
十一月 19, 2018 12:17:34 上午 org.apache.catalina.realm.LockOutRealm filterLockedAccounts
警告: An attempt was made to authenticate the locked user "tomcat"
十一月 19, 2018 12:17:34 上午 org.apache.catalina.realm.LockOutRealm filterLockedAccounts
警告: An attempt was made to authenticate the locked user "tomcat"
十一月 19, 2018 12:17:34 上午 org.apache.catalina.realm.LockOutRealm filterLockedAccounts
警告: An attempt was made to authenticate the locked user "tomcat"
十一月 19, 2018 12:17:34 上午 org.apache.catalina.realm.LockOutRealm filterLockedAccounts
警告: An attempt was made to authenticate the locked user "tomcat"
十一月 19, 2018 12:17:34 上午 org.apache.catalina.realm.LockOutRealm filterLockedAccounts
警告: An attempt was made to authenticate the locked user "tomcat"
十一月 19, 2018 12:17:34 上午 org.apache.catalina.realm.LockOutRealm filterLockedAccounts
警告: An attempt was made to authenticate the locked user "tomcat"
十一月 19, 2018 12:17:34 上午 org.apache.catalina.realm.LockOutRealm filterLockedAccounts
警告: An attempt was made to authenticate the locked user "tomcat"
十一月 19, 2018 12:17:34 上午 org.apache.catalina.realm.LockOutRealm filterLockedAccounts
警告: An attempt was made to authenticate the locked user "tomcat"
十一月 19, 2018 12:17:34 上午 org.apache.catalina.realm.LockOutRealm filterLockedAccounts
警告: An attempt was made to authenticate the locked user "tomcat"
十一月 19, 2018 12:17:34 上午 org.apache.catalina.realm.LockOutRealm filterLockedAccounts
警告: An attempt was made to authenticate the locked user "tomcat"
十一月 19, 2018 12:17:35 上午 org.apache.catalina.realm.LockOutRealm filterLockedAccounts
警告: An attempt was made to authenticate the locked user "tomcat"
十一月 19, 2018 12:17:35 上午 org.apache.catalina.realm.LockOutRealm filterLockedAccounts
警告: An attempt was made to authenticate the locked user "tomcat"
十一月 19, 2018 12:17:35 上午 org.apache.catalina.realm.LockOutRealm filterLockedAccounts
警告: An attempt was made to authenticate the locked user "tomcat"
十一月 19, 2018 12:17:35 上午 org.apache.catalina.realm.LockOutRealm filterLockedAccounts
警告: An attempt was made to authenticate the locked user "tomcat"
十一月 19, 2018 12:17:35 上午 org.apache.catalina.realm.LockOutRealm filterLockedAccounts
警告: An attempt was made to authenticate the locked user "tomcat"
十一月 19, 2018 12:17:35 上午 org.apache.catalina.realm.LockOutRealm filterLockedAccounts
警告: An attempt was made to authenticate the locked user "tomcat"
十一月 19, 2018 12:17:35 上午 org.apache.catalina.realm.LockOutRealm filterLockedAccounts
警告: An attempt was made to authenticate the locked user "tomcat"
十一月 19, 2018 12:17:35 上午 org.apache.catalina.realm.LockOutRealm filterLockedAccounts
警告: An attempt was made to authenticate the locked user "tomcat"
十一月 19, 2018 12:17:35 上午 org.apache.catalina.realm.LockOutRealm filterLockedAccounts
警告: An attempt was made to authenticate the locked user "tomcat"
十一月 19, 2018 12:17:35 上午 org.apache.catalina.realm.LockOutRealm filterLockedAccounts
警告: An attempt was made to authenticate the locked user "tomcat"
十一月 19, 2018 12:17:35 上午 org.apache.catalina.realm.LockOutRealm filterLockedAccounts
警告: An attempt was made to authenticate the locked user "tomcat"
十一月 19, 2018 12:17:35 上午 org.apache.catalina.realm.LockOutRealm filterLockedAccounts
警告: An attempt was made to authenticate the locked user "tomcat"
十一月 19, 2018 12:17:36 上午 org.apache.catalina.realm.LockOutRealm filterLockedAccounts
警告: An attempt was made to authenticate the locked user "tomcat"
十一月 19, 2018 12:17:36 上午 org.apache.catalina.realm.LockOutRealm filterLockedAccounts
警告: An attempt was made to authenticate the locked user "tomcat"
十一月 19, 2018 12:17:36 上午 org.apache.catalina.realm.LockOutRealm filterLockedAccounts
警告: An attempt was made to authenticate the locked user "tomcat"
十一月 19, 2018 12:17:36 上午 org.apache.catalina.realm.LockOutRealm filterLockedAccounts
警告: An attempt was made to authenticate the locked user "tomcat"
十一月 19, 2018 12:17:36 上午 org.apache.catalina.realm.LockOutRealm filterLockedAccounts
警告: An attempt was made to authenticate the locked user "tomcat"
十一月 19, 2018 12:17:36 上午 org.apache.catalina.realm.LockOutRealm filterLockedAccounts
警告: An attempt was made to authenticate the locked user "tomcat"
十一月 19, 2018 12:17:36 上午 org.apache.catalina.realm.LockOutRealm filterLockedAccounts
警告: An attempt was made to authenticate the locked user "tomcat"
十一月 19, 2018 12:17:36 上午 org.apache.catalina.realm.LockOutRealm filterLockedAccounts
警告: An attempt was made to authenticate the locked user "tomcat"
十一月 19, 2018 12:17:36 上午 org.apache.catalina.realm.LockOutRealm filterLockedAccounts
警告: An attempt was made to authenticate the locked user "tomcat"
十一月 19, 2018 12:17:36 上午 org.apache.catalina.realm.LockOutRealm filterLockedAccounts
警告: An attempt was made to authenticate the locked user "tomcat"
十一月 19, 2018 12:17:37 上午 org.apache.catalina.realm.LockOutRealm filterLockedAccounts
警告: An attempt was made to authenticate the locked user "tomcat"
十一月 19, 2018 12:17:37 上午 org.apache.catalina.realm.LockOutRealm filterLockedAccounts
警告: An attempt was made to authenticate the locked user "tomcat"
十一月 19, 2018 12:17:37 上午 org.apache.catalina.realm.LockOutRealm filterLockedAccounts
警告: An attempt was made to authenticate the locked user "tomcat"
十一月 19, 2018 12:17:37 上午 org.apache.catalina.realm.LockOutRealm filterLockedAccounts
警告: An attempt was made to authenticate the locked user "tomcat"
十一月 19, 2018 12:17:37 上午 org.apache.catalina.realm.LockOutRealm filterLockedAccounts
警告: An attempt was made to authenticate the locked user "tomcat"
十一月 19, 2018 12:17:37 上午 org.apache.catalina.realm.LockOutRealm filterLockedAccounts
警告: An attempt was made to authenticate the locked user "tomcat"
十一月 19, 2018 12:17:37 上午 org.apache.catalina.realm.LockOutRealm filterLockedAccounts
警告: An attempt was made to authenticate the locked user "tomcat"
十一月 19, 2018 12:17:37 上午 org.apache.catalina.realm.LockOutRealm filterLockedAccounts
警告: An attempt was made to authenticate the locked user "tomcat"
十一月 19, 2018 12:17:37 上午 org.apache.catalina.realm.LockOutRealm filterLockedAccounts
警告: An attempt was made to authenticate the locked user "tomcat"
十一月 19, 2018 12:17:37 上午 org.apache.catalina.realm.LockOutRealm filterLockedAccounts
警告: An attempt was made to authenticate the locked user "tomcat"
十一月 19, 2018 12:17:38 上午 org.apache.catalina.realm.LockOutRealm filterLockedAccounts
警告: An attempt was made to authenticate the locked user "tomcat"
十一月 19, 2018 12:17:38 上午 org.apache.catalina.realm.LockOutRealm filterLockedAccounts
警告: An attempt was made to authenticate the locked user "tomcat"
十一月 19, 2018 12:17:38 上午 org.apache.catalina.realm.LockOutRealm filterLockedAccounts
警告: An attempt was made to authenticate the locked user "tomcat"
十一月 19, 2018 12:17:38 上午 org.apache.catalina.realm.LockOutRealm filterLockedAccounts
警告: An attempt was made to authenticate the locked user "tomcat"
十一月 19, 2018 12:17:38 上午 org.apache.catalina.realm.LockOutRealm filterLockedAccounts
警告: An attempt was made to authenticate the locked user "tomcat"
十一月 19, 2018 12:17:38 上午 org.apache.catalina.realm.LockOutRealm filterLockedAccounts
警告: An attempt was made to authenticate the locked user "tomcat"
十一月 19, 2018 12:17:38 上午 org.apache.catalina.realm.LockOutRealm filterLockedAccounts
警告: An attempt was made to authenticate the locked user "tomcat"
十一月 19, 2018 12:17:38 上午 org.apache.catalina.realm.LockOutRealm filterLockedAccounts
警告: An attempt was made to authenticate the locked user "tomcat"
十一月 19, 2018 12:17:38 上午 org.apache.catalina.realm.LockOutRealm filterLockedAccounts
警告: An attempt was made to authenticate the locked user "tomcat"
十一月 19, 2018 12:17:38 上午 org.apache.catalina.realm.LockOutRealm filterLockedAccounts
警告: An attempt was made to authenticate the locked user "tomcat"
十一月 19, 2018 12:17:39 上午 org.apache.catalina.realm.LockOutRealm filterLockedAccounts
警告: An attempt was made to authenticate the locked user "tomcat"
十一月 19, 2018 12:17:39 上午 org.apache.catalina.realm.LockOutRealm filterLockedAccounts
警告: An attempt was made to authenticate the locked user "tomcat"
十一月 19, 2018 12:17:39 上午 org.apache.catalina.realm.LockOutRealm filterLockedAccounts
警告: An attempt was made to authenticate the locked user "tomcat"
十一月 19, 2018 12:17:39 上午 org.apache.catalina.realm.LockOutRealm filterLockedAccounts
警告: An attempt was made to authenticate the locked user "tomcat"
十一月 19, 2018 12:17:39 上午 org.apache.catalina.realm.LockOutRealm filterLockedAccounts
警告: An attempt was made to authenticate the locked user "tomcat"
十一月 19, 2018 12:17:39 上午 org.apache.catalina.realm.LockOutRealm filterLockedAccounts
警告: An attempt was made to authenticate the locked user "tomcat"
十一月 19, 2018 12:17:39 上午 org.apache.catalina.realm.LockOutRealm filterLockedAccounts
警告: An attempt was made to authenticate the locked user "tomcat"
十一月 19, 2018 12:17:39 上午 org.apache.catalina.realm.LockOutRealm filterLockedAccounts
警告: An attempt was made to authenticate the locked user "tomcat"
十一月 19, 2018 12:17:39 上午 org.apache.catalina.realm.LockOutRealm filterLockedAccounts
警告: An attempt was made to authenticate the locked user "tomcat"
十一月 19, 2018 12:17:39 上午 org.apache.catalina.realm.LockOutRealm filterLockedAccounts
警告: An attempt was made to authenticate the locked user "tomcat"
十一月 19, 2018 12:17:39 上午 org.apache.catalina.realm.LockOutRealm filterLockedAccounts
警告: An attempt was made to authenticate the locked user "tomcat"
十一月 19, 2018 12:17:40 上午 org.apache.catalina.realm.LockOutRealm filterLockedAccounts
警告: An attempt was made to authenticate the locked user "tomcat"
十一月 19, 2018 12:17:40 上午 org.apache.catalina.realm.LockOutRealm filterLockedAccounts
警告: An attempt was made to authenticate the locked user "tomcat"
十一月 19, 2018 12:17:40 上午 org.apache.catalina.realm.LockOutRealm filterLockedAccounts
警告: An attempt was made to authenticate the locked user "tomcat"
十一月 19, 2018 12:17:40 上午 org.apache.catalina.realm.LockOutRealm filterLockedAccounts
警告: An attempt was made to authenticate the locked user "tomcat"
十一月 19, 2018 12:17:40 上午 org.apache.catalina.realm.LockOutRealm filterLockedAccounts
警告: An attempt was made to authenticate the locked user "tomcat"
十一月 19, 2018 12:17:40 上午 org.apache.catalina.realm.LockOutRealm filterLockedAccounts
警告: An attempt was made to authenticate the locked user "tomcat"
十一月 19, 2018 12:17:40 上午 org.apache.catalina.realm.LockOutRealm filterLockedAccounts
警告: An attempt was made to authenticate the locked user "tomcat"
十一月 19, 2018 12:17:40 上午 org.apache.catalina.realm.LockOutRealm filterLockedAccounts
警告: An attempt was made to authenticate the locked user "tomcat"
十一月 19, 2018 12:17:40 上午 org.apache.catalina.realm.LockOutRealm filterLockedAccounts
警告: An attempt was made to authenticate the locked user "tomcat"
十一月 19, 2018 12:17:40 上午 org.apache.catalina.realm.LockOutRealm filterLockedAccounts
警告: An attempt was made to authenticate the locked user "tomcat"
十一月 19, 2018 12:17:41 上午 org.apache.catalina.realm.LockOutRealm filterLockedAccounts
警告: An attempt was made to authenticate the locked user "tomcat"
十一月 19, 2018 12:17:41 上午 org.apache.catalina.realm.LockOutRealm filterLockedAccounts
警告: An attempt was made to authenticate the locked user "tomcat"
十一月 19, 2018 12:17:41 上午 org.apache.catalina.realm.LockOutRealm filterLockedAccounts
警告: An attempt was made to authenticate the locked user "tomcat"
十一月 19, 2018 12:17:41 上午 org.apache.catalina.realm.LockOutRealm filterLockedAccounts
警告: An attempt was made to authenticate the locked user "tomcat"
十一月 19, 2018 12:17:41 上午 org.apache.catalina.realm.LockOutRealm filterLockedAccounts
警告: An attempt was made to authenticate the locked user "tomcat"
十一月 19, 2018 12:17:41 上午 org.apache.catalina.realm.LockOutRealm filterLockedAccounts
警告: An attempt was made to authenticate the locked user "tomcat"
十一月 19, 2018 12:17:41 上午 org.apache.catalina.realm.LockOutRealm filterLockedAccounts
警告: An attempt was made to authenticate the locked user "tomcat"
十一月 19, 2018 12:17:41 上午 org.apache.catalina.realm.LockOutRealm filterLockedAccounts
警告: An attempt was made to authenticate the locked user "tomcat"
十一月 19, 2018 12:17:41 上午 org.apache.catalina.realm.LockOutRealm filterLockedAccounts
警告: An attempt was made to authenticate the locked user "tomcat"
十一月 19, 2018 12:17:41 上午 org.apache.catalina.realm.LockOutRealm filterLockedAccounts
警告: An attempt was made to authenticate the locked user "tomcat"
十一月 19, 2018 12:17:41 上午 org.apache.catalina.realm.LockOutRealm filterLockedAccounts
警告: An attempt was made to authenticate the locked user "tomcat"
十一月 19, 2018 12:17:42 上午 org.apache.catalina.realm.LockOutRealm filterLockedAccounts
警告: An attempt was made to authenticate the locked user "tomcat"
十一月 19, 2018 12:17:42 上午 org.apache.catalina.realm.LockOutRealm filterLockedAccounts
警告: An attempt was made to authenticate the locked user "tomcat"
十一月 19, 2018 12:17:42 上午 org.apache.catalina.realm.LockOutRealm filterLockedAccounts
警告: An attempt was made to authenticate the locked user "tomcat"
十一月 19, 2018 12:17:42 上午 org.apache.catalina.realm.LockOutRealm filterLockedAccounts
警告: An attempt was made to authenticate the locked user "tomcat"
十一月 19, 2018 12:17:42 上午 org.apache.catalina.realm.LockOutRealm filterLockedAccounts
警告: An attempt was made to authenticate the locked user "tomcat"
十一月 19, 2018 12:17:42 上午 org.apache.catalina.realm.LockOutRealm filterLockedAccounts
警告: An attempt was made to authenticate the locked user "tomcat"
十一月 19, 2018 12:17:42 上午 org.apache.catalina.realm.LockOutRealm filterLockedAccounts
警告: An attempt was made to authenticate the locked user "tomcat"
十一月 19, 2018 12:17:42 上午 org.apache.catalina.realm.LockOutRealm filterLockedAccounts
警告: An attempt was made to authenticate the locked user "tomcat"
十一月 19, 2018 12:17:42 上午 org.apache.catalina.realm.LockOutRealm filterLockedAccounts
警告: An attempt was made to authenticate the locked user "tomcat"
十一月 19, 2018 12:17:42 上午 org.apache.catalina.realm.LockOutRealm filterLockedAccounts
警告: An attempt was made to authenticate the locked user "tomcat"
十一月 19, 2018 12:17:43 上午 org.apache.catalina.realm.LockOutRealm filterLockedAccounts
警告: An attempt was made to authenticate the locked user "tomcat"
十一月 19, 2018 12:17:43 上午 org.apache.catalina.realm.LockOutRealm filterLockedAccounts
警告: An attempt was made to authenticate the locked user "tomcat"
十一月 19, 2018 12:17:43 上午 org.apache.catalina.realm.LockOutRealm filterLockedAccounts
警告: An attempt was made to authenticate the locked user "tomcat"
十一月 19, 2018 12:17:43 上午 org.apache.catalina.realm.LockOutRealm filterLockedAccounts
警告: An attempt was made to authenticate the locked user "tomcat"
十一月 19, 2018 12:17:43 上午 org.apache.catalina.realm.LockOutRealm filterLockedAccounts
警告: An attempt was made to authenticate the locked user "tomcat"
十一月 19, 2018 12:17:43 上午 org.apache.catalina.realm.LockOutRealm filterLockedAccounts
警告: An attempt was made to authenticate the locked user "tomcat"
十一月 19, 2018 12:17:43 上午 org.apache.catalina.realm.LockOutRealm filterLockedAccounts
警告: An attempt was made to authenticate the locked user "tomcat"
十一月 19, 2018 12:17:43 上午 org.apache.catalina.realm.LockOutRealm filterLockedAccounts
警告: An attempt was made to authenticate the locked user "tomcat"
十一月 19, 2018 12:17:43 上午 org.apache.catalina.realm.LockOutRealm filterLockedAccounts
警告: An attempt was made to authenticate the locked user "tomcat"
十一月 19, 2018 12:17:43 上午 org.apache.catalina.realm.LockOutRealm filterLockedAccounts
警告: An attempt was made to authenticate the locked user "tomcat"
十一月 19, 2018 12:17:43 上午 org.apache.catalina.realm.LockOutRealm filterLockedAccounts
警告: An attempt was made to authenticate the locked user "tomcat"
十一月 19, 2018 12:17:44 上午 org.apache.catalina.realm.LockOutRealm filterLockedAccounts
警告: An attempt was made to authenticate the locked user "tomcat"
十一月 19, 2018 12:17:44 上午 org.apache.catalina.realm.LockOutRealm filterLockedAccounts
警告: An attempt was made to authenticate the locked user "admin"
十一月 19, 2018 12:17:44 上午 org.apache.catalina.realm.LockOutRealm filterLockedAccounts
警告: An attempt was made to authenticate the locked user "admin"
十一月 19, 2018 12:17:45 上午 org.apache.catalina.realm.LockOutRealm filterLockedAccounts
警告: An attempt was made to authenticate the locked user "admin"
十一月 19, 2018 12:17:45 上午 org.apache.catalina.realm.LockOutRealm filterLockedAccounts
警告: An attempt was made to authenticate the locked user "admin"
十一月 19, 2018 12:17:45 上午 org.apache.catalina.realm.LockOutRealm filterLockedAccounts
警告: An attempt was made to authenticate the locked user "admin"
十一月 19, 2018 12:17:45 上午 org.apache.catalina.realm.LockOutRealm filterLockedAccounts
警告: An attempt was made to authenticate the locked user "admin"
十一月 19, 2018 12:17:45 上午 org.apache.catalina.realm.LockOutRealm filterLockedAccounts
警告: An attempt was made to authenticate the locked user "admin"
十一月 19, 2018 12:17:45 上午 org.apache.catalina.realm.LockOutRealm filterLockedAccounts
警告: An attempt was made to authenticate the locked user "admin"
十一月 19, 2018 12:17:45 上午 org.apache.catalina.realm.LockOutRealm filterLockedAccounts
警告: An attempt was made to authenticate the locked user "admin"
十一月 19, 2018 12:17:45 上午 org.apache.catalina.realm.LockOutRealm filterLockedAccounts
警告: An attempt was made to authenticate the locked user "admin"
十一月 19, 2018 12:17:45 上午 org.apache.catalina.realm.LockOutRealm filterLockedAccounts
警告: An attempt was made to authenticate the locked user "admin"
十一月 19, 2018 12:17:45 上午 org.apache.catalina.realm.LockOutRealm filterLockedAccounts
警告: An attempt was made to authenticate the locked user "admin"
十一月 19, 2018 12:17:45 上午 org.apache.catalina.realm.LockOutRealm filterLockedAccounts
警告: An attempt was made to authenticate the locked user "admin"
十一月 19, 2018 12:17:46 上午 org.apache.catalina.realm.LockOutRealm filterLockedAccounts
警告: An attempt was made to authenticate the locked user "admin"
十一月 19, 2018 12:17:46 上午 org.apache.catalina.realm.LockOutRealm filterLockedAccounts
警告: An attempt was made to authenticate the locked user "admin"
十一月 19, 2018 12:17:46 上午 org.apache.catalina.realm.LockOutRealm filterLockedAccounts
警告: An attempt was made to authenticate the locked user "admin"
十一月 19, 2018 12:17:46 上午 org.apache.catalina.realm.LockOutRealm filterLockedAccounts
警告: An attempt was made to authenticate the locked user "admin"
十一月 19, 2018 12:17:46 上午 org.apache.catalina.realm.LockOutRealm filterLockedAccounts
警告: An attempt was made to authenticate the locked user "admin"
十一月 19, 2018 12:17:46 上午 org.apache.catalina.realm.LockOutRealm filterLockedAccounts
警告: An attempt was made to authenticate the locked user "admin"
十一月 19, 2018 12:17:46 上午 org.apache.catalina.realm.LockOutRealm filterLockedAccounts
警告: An attempt was made to authenticate the locked user "admin"
十一月 19, 2018 12:17:46 上午 org.apache.catalina.realm.LockOutRealm filterLockedAccounts
警告: An attempt was made to authenticate the locked user "admin"
十一月 19, 2018 12:17:46 上午 org.apache.catalina.realm.LockOutRealm filterLockedAccounts
警告: An attempt was made to authenticate the locked user "admin"
十一月 19, 2018 12:17:46 上午 org.apache.catalina.realm.LockOutRealm filterLockedAccounts
警告: An attempt was made to authenticate the locked user "admin"
十一月 19, 2018 12:17:47 上午 org.apache.catalina.realm.LockOutRealm filterLockedAccounts
警告: An attempt was made to authenticate the locked user "admin"
十一月 19, 2018 12:17:47 上午 org.apache.catalina.realm.LockOutRealm filterLockedAccounts
警告: An attempt was made to authenticate the locked user "admin"
十一月 19, 2018 12:17:47 上午 org.apache.catalina.realm.LockOutRealm filterLockedAccounts
警告: An attempt was made to authenticate the locked user "admin"
十一月 19, 2018 12:17:47 上午 org.apache.catalina.realm.LockOutRealm filterLockedAccounts
警告: An attempt was made to authenticate the locked user "admin"
十一月 19, 2018 12:17:47 上午 org.apache.catalina.realm.LockOutRealm filterLockedAccounts
警告: An attempt was made to authenticate the locked user "admin"
十一月 19, 2018 12:17:47 上午 org.apache.catalina.realm.LockOutRealm filterLockedAccounts
警告: An attempt was made to authenticate the locked user "admin"
十一月 19, 2018 12:17:47 上午 org.apache.catalina.realm.LockOutRealm filterLockedAccounts
警告: An attempt was made to authenticate the locked user "admin"
十一月 19, 2018 12:17:47 上午 org.apache.catalina.realm.LockOutRealm filterLockedAccounts
警告: An attempt was made to authenticate the locked user "admin"
十一月 19, 2018 12:17:47 上午 org.apache.catalina.realm.LockOutRealm filterLockedAccounts
警告: An attempt was made to authenticate the locked user "admin"
十一月 19, 2018 12:17:47 上午 org.apache.catalina.realm.LockOutRealm filterLockedAccounts
警告: An attempt was made to authenticate the locked user "admin"
十一月 19, 2018 12:17:47 上午 org.apache.catalina.realm.LockOutRealm filterLockedAccounts
警告: An attempt was made to authenticate the locked user "admin"
十一月 19, 2018 12:17:48 上午 org.apache.catalina.realm.LockOutRealm filterLockedAccounts
警告: An attempt was made to authenticate the locked user "admin"
十一月 19, 2018 12:17:48 上午 org.apache.catalina.realm.LockOutRealm filterLockedAccounts
警告: An attempt was made to authenticate the locked user "admin"
十一月 19, 2018 12:17:48 上午 org.apache.catalina.realm.LockOutRealm filterLockedAccounts
警告: An attempt was made to authenticate the locked user "admin"
十一月 19, 2018 12:17:48 上午 org.apache.catalina.realm.LockOutRealm filterLockedAccounts
警告: An attempt was made to authenticate the locked user "admin"
十一月 19, 2018 12:17:48 上午 org.apache.catalina.realm.LockOutRealm filterLockedAccounts
警告: An attempt was made to authenticate the locked user "admin"
十一月 19, 2018 12:17:48 上午 org.apache.catalina.realm.LockOutRealm filterLockedAccounts
警告: An attempt was made to authenticate the locked user "admin"
十一月 19, 2018 12:17:48 上午 org.apache.catalina.realm.LockOutRealm filterLockedAccounts
警告: An attempt was made to authenticate the locked user "admin"
十一月 19, 2018 12:17:48 上午 org.apache.catalina.realm.LockOutRealm filterLockedAccounts
警告: An attempt was made to authenticate the locked user "admin"
十一月 19, 2018 12:17:48 上午 org.apache.catalina.realm.LockOutRealm filterLockedAccounts
警告: An attempt was made to authenticate the locked user "admin"
十一月 19, 2018 12:17:48 上午 org.apache.catalina.realm.LockOutRealm filterLockedAccounts
警告: An attempt was made to authenticate the locked user "admin"
十一月 19, 2018 12:17:48 上午 org.apache.catalina.realm.LockOutRealm filterLockedAccounts
警告: An attempt was made to authenticate the locked user "admin"
十一月 19, 2018 12:17:49 上午 org.apache.catalina.realm.LockOutRealm filterLockedAccounts
警告: An attempt was made to authenticate the locked user "admin"
十一月 19, 2018 12:17:49 上午 org.apache.catalina.realm.LockOutRealm filterLockedAccounts
警告: An attempt was made to authenticate the locked user "admin"
十一月 19, 2018 12:17:49 上午 org.apache.catalina.realm.LockOutRealm filterLockedAccounts
警告: An attempt was made to authenticate the locked user "admin"
十一月 19, 2018 12:17:49 上午 org.apache.catalina.realm.LockOutRealm filterLockedAccounts
警告: An attempt was made to authenticate the locked user "admin"
十一月 19, 2018 12:17:49 上午 org.apache.catalina.realm.LockOutRealm filterLockedAccounts
警告: An attempt was made to authenticate the locked user "admin"
十一月 19, 2018 12:17:49 上午 org.apache.catalina.realm.LockOutRealm filterLockedAccounts
警告: An attempt was made to authenticate the locked user "admin"
十一月 19, 2018 12:17:49 上午 org.apache.catalina.realm.LockOutRealm filterLockedAccounts
警告: An attempt was made to authenticate the locked user "admin"
十一月 19, 2018 12:17:49 上午 org.apache.catalina.realm.LockOutRealm filterLockedAccounts
警告: An attempt was made to authenticate the locked user "admin"
十一月 19, 2018 12:17:49 上午 org.apache.catalina.realm.LockOutRealm filterLockedAccounts
警告: An attempt was made to authenticate the locked user "admin"
十一月 19, 2018 12:17:49 上午 org.apache.catalina.realm.LockOutRealm filterLockedAccounts
警告: An attempt was made to authenticate the locked user "admin"
十一月 19, 2018 12:17:49 上午 org.apache.catalina.realm.LockOutRealm filterLockedAccounts
警告: An attempt was made to authenticate the locked user "admin"
十一月 19, 2018 12:17:50 上午 org.apache.catalina.realm.LockOutRealm filterLockedAccounts
警告: An attempt was made to authenticate the locked user "admin"
十一月 19, 2018 12:17:50 上午 org.apache.catalina.realm.LockOutRealm filterLockedAccounts
警告: An attempt was made to authenticate the locked user "admin"
十一月 19, 2018 12:17:50 上午 org.apache.catalina.realm.LockOutRealm filterLockedAccounts
警告: An attempt was made to authenticate the locked user "admin"
十一月 19, 2018 12:17:50 上午 org.apache.catalina.realm.LockOutRealm filterLockedAccounts
警告: An attempt was made to authenticate the locked user "admin"
十一月 19, 2018 12:17:50 上午 org.apache.catalina.realm.LockOutRealm filterLockedAccounts
警告: An attempt was made to authenticate the locked user "admin"
十一月 19, 2018 12:17:50 上午 org.apache.catalina.realm.LockOutRealm filterLockedAccounts
警告: An attempt was made to authenticate the locked user "admin"
十一月 19, 2018 12:17:50 上午 org.apache.catalina.realm.LockOutRealm filterLockedAccounts
警告: An attempt was made to authenticate the locked user "admin"
十一月 19, 2018 12:17:50 上午 org.apache.catalina.realm.LockOutRealm filterLockedAccounts
警告: An attempt was made to authenticate the locked user "admin"
十一月 19, 2018 12:17:50 上午 org.apache.catalina.realm.LockOutRealm filterLockedAccounts
警告: An attempt was made to authenticate the locked user "admin"
十一月 19, 2018 12:17:51 上午 org.apache.catalina.realm.LockOutRealm filterLockedAccounts
警告: An attempt was made to authenticate the locked user "admin"
十一月 19, 2018 12:17:51 上午 org.apache.catalina.realm.LockOutRealm filterLockedAccounts
警告: An attempt was made to authenticate the locked user "admin"
十一月 19, 2018 12:17:51 上午 org.apache.catalina.realm.LockOutRealm filterLockedAccounts
警告: An attempt was made to authenticate the locked user "admin"
十一月 19, 2018 12:17:51 上午 org.apache.catalina.realm.LockOutRealm filterLockedAccounts
警告: An attempt was made to authenticate the locked user "admin"
十一月 19, 2018 12:17:51 上午 org.apache.catalina.realm.LockOutRealm filterLockedAccounts
警告: An attempt was made to authenticate the locked user "admin"
十一月 19, 2018 12:17:51 上午 org.apache.catalina.realm.LockOutRealm filterLockedAccounts
警告: An attempt was made to authenticate the locked user "admin"
十一月 19, 2018 12:17:51 上午 org.apache.catalina.realm.LockOutRealm filterLockedAccounts
警告: An attempt was made to authenticate the locked user "admin"
十一月 19, 2018 12:17:51 上午 org.apache.catalina.realm.LockOutRealm filterLockedAccounts
警告: An attempt was made to authenticate the locked user "admin"
十一月 19, 2018 12:17:51 上午 org.apache.catalina.realm.LockOutRealm filterLockedAccounts
警告: An attempt was made to authenticate the locked user "admin"
十一月 19, 2018 12:17:51 上午 org.apache.catalina.realm.LockOutRealm filterLockedAccounts
警告: An attempt was made to authenticate the locked user "admin"
十一月 19, 2018 12:17:51 上午 org.apache.catalina.realm.LockOutRealm filterLockedAccounts
警告: An attempt was made to authenticate the locked user "admin"
十一月 19, 2018 12:17:52 上午 org.apache.catalina.realm.LockOutRealm filterLockedAccounts
警告: An attempt was made to authenticate the locked user "admin"
十一月 19, 2018 12:17:52 上午 org.apache.catalina.realm.LockOutRealm filterLockedAccounts
警告: An attempt was made to authenticate the locked user "admin"
十一月 19, 2018 12:17:52 上午 org.apache.catalina.realm.LockOutRealm filterLockedAccounts
警告: An attempt was made to authenticate the locked user "admin"
十一月 19, 2018 12:17:52 上午 org.apache.catalina.realm.LockOutRealm filterLockedAccounts
警告: An attempt was made to authenticate the locked user "admin"
十一月 19, 2018 12:17:52 上午 org.apache.catalina.realm.LockOutRealm filterLockedAccounts
警告: An attempt was made to authenticate the locked user "admin"
十一月 19, 2018 12:17:52 上午 org.apache.catalina.realm.LockOutRealm filterLockedAccounts
警告: An attempt was made to authenticate the locked user "admin"
十一月 19, 2018 12:17:52 上午 org.apache.catalina.realm.LockOutRealm filterLockedAccounts
警告: An attempt was made to authenticate the locked user "admin"
十一月 19, 2018 12:17:52 上午 org.apache.catalina.realm.LockOutRealm filterLockedAccounts
警告: An attempt was made to authenticate the locked user "admin"
十一月 19, 2018 12:17:52 上午 org.apache.catalina.realm.LockOutRealm filterLockedAccounts
警告: An attempt was made to authenticate the locked user "admin"
十一月 19, 2018 12:17:52 上午 org.apache.catalina.realm.LockOutRealm filterLockedAccounts
警告: An attempt was made to authenticate the locked user "admin"
十一月 19, 2018 12:17:52 上午 org.apache.catalina.realm.LockOutRealm filterLockedAccounts
警告: An attempt was made to authenticate the locked user "admin"
十一月 19, 2018 12:17:53 上午 org.apache.catalina.realm.LockOutRealm filterLockedAccounts
警告: An attempt was made to authenticate the locked user "admin"
十一月 19, 2018 12:17:53 上午 org.apache.catalina.realm.LockOutRealm filterLockedAccounts
警告: An attempt was made to authenticate the locked user "admin"
十一月 19, 2018 12:17:53 上午 org.apache.catalina.realm.LockOutRealm filterLockedAccounts
警告: An attempt was made to authenticate the locked user "admin"
十一月 19, 2018 12:17:53 上午 org.apache.catalina.realm.LockOutRealm filterLockedAccounts
警告: An attempt was made to authenticate the locked user "admin"
十一月 19, 2018 12:17:53 上午 org.apache.catalina.realm.LockOutRealm filterLockedAccounts
警告: An attempt was made to authenticate the locked user "admin"
十一月 19, 2018 12:17:53 上午 org.apache.catalina.realm.LockOutRealm filterLockedAccounts
警告: An attempt was made to authenticate the locked user "admin"
十一月 19, 2018 12:17:53 上午 org.apache.catalina.realm.LockOutRealm filterLockedAccounts
警告: An attempt was made to authenticate the locked user "admin"
十一月 19, 2018 12:17:53 上午 org.apache.catalina.realm.LockOutRealm filterLockedAccounts
警告: An attempt was made to authenticate the locked user "admin"
十一月 19, 2018 12:17:53 上午 org.apache.catalina.realm.LockOutRealm filterLockedAccounts
警告: An attempt was made to authenticate the locked user "admin"
十一月 19, 2018 12:17:53 上午 org.apache.catalina.realm.LockOutRealm filterLockedAccounts
警告: An attempt was made to authenticate the locked user "admin"
十一月 19, 2018 12:17:53 上午 org.apache.catalina.realm.LockOutRealm filterLockedAccounts
警告: An attempt was made to authenticate the locked user "admin"
十一月 19, 2018 12:17:54 上午 org.apache.catalina.realm.LockOutRealm filterLockedAccounts
警告: An attempt was made to authenticate the locked user "admin"
十一月 19, 2018 12:17:54 上午 org.apache.catalina.realm.LockOutRealm filterLockedAccounts
警告: An attempt was made to authenticate the locked user "admin"
十一月 19, 2018 12:17:54 上午 org.apache.catalina.realm.LockOutRealm filterLockedAccounts
警告: An attempt was made to authenticate the locked user "admin"
十一月 19, 2018 12:17:54 上午 org.apache.catalina.realm.LockOutRealm filterLockedAccounts
警告: An attempt was made to authenticate the locked user "admin"
十一月 19, 2018 12:17:54 上午 org.apache.catalina.realm.LockOutRealm filterLockedAccounts
警告: An attempt was made to authenticate the locked user "admin"
十一月 19, 2018 12:17:54 上午 org.apache.catalina.realm.LockOutRealm filterLockedAccounts
警告: An attempt was made to authenticate the locked user "admin"
十一月 19, 2018 12:17:54 上午 org.apache.catalina.realm.LockOutRealm filterLockedAccounts
警告: An attempt was made to authenticate the locked user "admin"
十一月 19, 2018 12:17:54 上午 org.apache.catalina.realm.LockOutRealm filterLockedAccounts
警告: An attempt was made to authenticate the locked user "admin"
十一月 19, 2018 12:17:54 上午 org.apache.catalina.realm.LockOutRealm filterLockedAccounts
警告: An attempt was made to authenticate the locked user "admin"
十一月 19, 2018 12:17:54 上午 org.apache.catalina.realm.LockOutRealm filterLockedAccounts
警告: An attempt was made to authenticate the locked user "admin"
十一月 19, 2018 12:17:55 上午 org.apache.catalina.realm.LockOutRealm filterLockedAccounts
警告: An attempt was made to authenticate the locked user "admin"
十一月 19, 2018 12:17:55 上午 org.apache.catalina.realm.LockOutRealm filterLockedAccounts
警告: An attempt was made to authenticate the locked user "admin"
十一月 19, 2018 12:17:55 上午 org.apache.catalina.realm.LockOutRealm filterLockedAccounts
警告: An attempt was made to authenticate the locked user "admin"
十一月 19, 2018 12:17:55 上午 org.apache.catalina.realm.LockOutRealm filterLockedAccounts
警告: An attempt was made to authenticate the locked user "admin"
十一月 19, 2018 12:17:55 上午 org.apache.catalina.realm.LockOutRealm filterLockedAccounts
警告: An attempt was made to authenticate the locked user "admin"
十一月 19, 2018 12:17:55 上午 org.apache.catalina.realm.LockOutRealm filterLockedAccounts
警告: An attempt was made to authenticate the locked user "admin"
十一月 19, 2018 12:17:55 上午 org.apache.catalina.realm.LockOutRealm filterLockedAccounts
警告: An attempt was made to authenticate the locked user "admin"
十一月 19, 2018 12:17:55 上午 org.apache.catalina.realm.LockOutRealm filterLockedAccounts
警告: An attempt was made to authenticate the locked user "admin"
十一月 19, 2018 12:17:55 上午 org.apache.catalina.realm.LockOutRealm filterLockedAccounts
警告: An attempt was made to authenticate the locked user "admin"
十一月 19, 2018 12:17:55 上午 org.apache.catalina.realm.LockOutRealm filterLockedAccounts
警告: An attempt was made to authenticate the locked user "admin"
十一月 19, 2018 12:17:55 上午 org.apache.catalina.realm.LockOutRealm filterLockedAccounts
警告: An attempt was made to authenticate the locked user "admin"
十一月 19, 2018 12:17:56 上午 org.apache.catalina.realm.LockOutRealm filterLockedAccounts
警告: An attempt was made to authenticate the locked user "admin"
十一月 19, 2018 12:17:56 上午 org.apache.catalina.realm.LockOutRealm filterLockedAccounts
警告: An attempt was made to authenticate the locked user "admin"
十一月 19, 2018 12:17:56 上午 org.apache.catalina.realm.LockOutRealm filterLockedAccounts
警告: An attempt was made to authenticate the locked user "admin"
十一月 19, 2018 12:17:56 上午 org.apache.catalina.realm.LockOutRealm filterLockedAccounts
警告: An attempt was made to authenticate the locked user "admin"
十一月 19, 2018 12:17:56 上午 org.apache.catalina.realm.LockOutRealm filterLockedAccounts
警告: An attempt was made to authenticate the locked user "admin"
十一月 19, 2018 12:17:56 上午 org.apache.catalina.realm.LockOutRealm filterLockedAccounts
警告: An attempt was made to authenticate the locked user "root"
十一月 19, 2018 12:17:56 上午 org.apache.catalina.realm.LockOutRealm filterLockedAccounts
警告: An attempt was made to authenticate the locked user "root"
十一月 19, 2018 12:17:57 上午 org.apache.catalina.realm.LockOutRealm filterLockedAccounts
警告: An attempt was made to authenticate the locked user "root"
十一月 19, 2018 12:17:57 上午 org.apache.catalina.realm.LockOutRealm filterLockedAccounts
警告: An attempt was made to authenticate the locked user "root"
十一月 19, 2018 12:17:57 上午 org.apache.catalina.realm.LockOutRealm filterLockedAccounts
警告: An attempt was made to authenticate the locked user "root"
十一月 19, 2018 12:17:57 上午 org.apache.catalina.realm.LockOutRealm filterLockedAccounts
警告: An attempt was made to authenticate the locked user "root"
十一月 19, 2018 12:17:57 上午 org.apache.catalina.realm.LockOutRealm filterLockedAccounts
警告: An attempt was made to authenticate the locked user "root"
十一月 19, 2018 12:17:57 上午 org.apache.catalina.realm.LockOutRealm filterLockedAccounts
警告: An attempt was made to authenticate the locked user "root"
十一月 19, 2018 12:17:57 上午 org.apache.catalina.realm.LockOutRealm filterLockedAccounts
警告: An attempt was made to authenticate the locked user "root"
十一月 19, 2018 12:17:57 上午 org.apache.catalina.realm.LockOutRealm filterLockedAccounts
警告: An attempt was made to authenticate the locked user "root"
十一月 19, 2018 12:17:57 上午 org.apache.catalina.realm.LockOutRealm filterLockedAccounts
警告: An attempt was made to authenticate the locked user "root"
十一月 19, 2018 12:17:57 上午 org.apache.catalina.realm.LockOutRealm filterLockedAccounts
警告: An attempt was made to authenticate the locked user "root"
十一月 19, 2018 12:17:57 上午 org.apache.catalina.realm.LockOutRealm filterLockedAccounts
警告: An attempt was made to authenticate the locked user "root"
十一月 19, 2018 12:17:57 上午 org.apache.catalina.realm.LockOutRealm filterLockedAccounts
警告: An attempt was made to authenticate the locked user "root"
十一月 19, 2018 12:17:58 上午 org.apache.catalina.realm.LockOutRealm filterLockedAccounts
警告: An attempt was made to authenticate the locked user "root"
十一月 19, 2018 12:17:58 上午 org.apache.catalina.realm.LockOutRealm filterLockedAccounts
警告: An attempt was made to authenticate the locked user "root"
十一月 19, 2018 12:17:58 上午 org.apache.catalina.realm.LockOutRealm filterLockedAccounts
警告: An attempt was made to authenticate the locked user "root"
十一月 19, 2018 12:17:58 上午 org.apache.catalina.realm.LockOutRealm filterLockedAccounts
警告: An attempt was made to authenticate the locked user "root"
十一月 19, 2018 12:17:58 上午 org.apache.catalina.realm.LockOutRealm filterLockedAccounts
警告: An attempt was made to authenticate the locked user "root"
十一月 19, 2018 12:17:58 上午 org.apache.catalina.realm.LockOutRealm filterLockedAccounts
警告: An attempt was made to authenticate the locked user "root"
十一月 19, 2018 12:17:58 上午 org.apache.catalina.realm.LockOutRealm filterLockedAccounts
警告: An attempt was made to authenticate the locked user "root"
十一月 19, 2018 12:17:58 上午 org.apache.catalina.realm.LockOutRealm filterLockedAccounts
警告: An attempt was made to authenticate the locked user "root"
十一月 19, 2018 12:17:58 上午 org.apache.catalina.realm.LockOutRealm filterLockedAccounts
警告: An attempt was made to authenticate the locked user "root"
十一月 19, 2018 12:17:58 上午 org.apache.catalina.realm.LockOutRealm filterLockedAccounts
警告: An attempt was made to authenticate the locked user "root"
十一月 19, 2018 12:17:58 上午 org.apache.catalina.realm.LockOutRealm filterLockedAccounts
警告: An attempt was made to authenticate the locked user "root"
十一月 19, 2018 12:17:59 上午 org.apache.catalina.realm.LockOutRealm filterLockedAccounts
警告: An attempt was made to authenticate the locked user "root"
十一月 19, 2018 12:17:59 上午 org.apache.catalina.realm.LockOutRealm filterLockedAccounts
警告: An attempt was made to authenticate the locked user "root"
十一月 19, 2018 12:17:59 上午 org.apache.catalina.realm.LockOutRealm filterLockedAccounts
警告: An attempt was made to authenticate the locked user "root"
十一月 19, 2018 12:17:59 上午 org.apache.catalina.realm.LockOutRealm filterLockedAccounts
警告: An attempt was made to authenticate the locked user "root"
十一月 19, 2018 12:17:59 上午 org.apache.catalina.realm.LockOutRealm filterLockedAccounts
警告: An attempt was made to authenticate the locked user "root"
十一月 19, 2018 12:17:59 上午 org.apache.catalina.realm.LockOutRealm filterLockedAccounts
警告: An attempt was made to authenticate the locked user "root"
十一月 19, 2018 12:17:59 上午 org.apache.catalina.realm.LockOutRealm filterLockedAccounts
警告: An attempt was made to authenticate the locked user "root"
十一月 19, 2018 12:17:59 上午 org.apache.catalina.realm.LockOutRealm filterLockedAccounts
警告: An attempt was made to authenticate the locked user "root"
十一月 19, 2018 12:17:59 上午 org.apache.catalina.realm.LockOutRealm filterLockedAccounts
警告: An attempt was made to authenticate the locked user "root"
十一月 19, 2018 12:17:59 上午 org.apache.catalina.realm.LockOutRealm filterLockedAccounts
警告: An attempt was made to authenticate the locked user "root"
十一月 19, 2018 12:18:00 上午 org.apache.catalina.realm.LockOutRealm filterLockedAccounts
警告: An attempt was made to authenticate the locked user "root"
十一月 19, 2018 12:18:00 上午 org.apache.catalina.realm.LockOutRealm filterLockedAccounts
警告: An attempt was made to authenticate the locked user "root"
十一月 19, 2018 12:18:00 上午 org.apache.catalina.realm.LockOutRealm filterLockedAccounts
警告: An attempt was made to authenticate the locked user "root"
十一月 19, 2018 12:18:00 上午 org.apache.catalina.realm.LockOutRealm filterLockedAccounts
警告: An attempt was made to authenticate the locked user "root"
十一月 19, 2018 12:18:00 上午 org.apache.catalina.realm.LockOutRealm filterLockedAccounts
警告: An attempt was made to authenticate the locked user "root"
十一月 19, 2018 12:18:00 上午 org.apache.catalina.realm.LockOutRealm filterLockedAccounts
警告: An attempt was made to authenticate the locked user "root"
十一月 19, 2018 12:18:00 上午 org.apache.catalina.realm.LockOutRealm filterLockedAccounts
警告: An attempt was made to authenticate the locked user "root"
十一月 19, 2018 12:18:00 上午 org.apache.catalina.realm.LockOutRealm filterLockedAccounts
警告: An attempt was made to authenticate the locked user "root"
十一月 19, 2018 12:18:00 上午 org.apache.catalina.realm.LockOutRealm filterLockedAccounts
警告: An attempt was made to authenticate the locked user "root"
十一月 19, 2018 12:18:00 上午 org.apache.catalina.realm.LockOutRealm filterLockedAccounts
警告: An attempt was made to authenticate the locked user "root"
十一月 19, 2018 12:18:00 上午 org.apache.catalina.realm.LockOutRealm filterLockedAccounts
警告: An attempt was made to authenticate the locked user "root"
十一月 19, 2018 12:18:00 上午 org.apache.catalina.realm.LockOutRealm filterLockedAccounts
警告: An attempt was made to authenticate the locked user "root"
十一月 19, 2018 12:18:01 上午 org.apache.catalina.realm.LockOutRealm filterLockedAccounts
警告: An attempt was made to authenticate the locked user "root"
十一月 19, 2018 12:18:01 上午 org.apache.catalina.realm.LockOutRealm filterLockedAccounts
警告: An attempt was made to authenticate the locked user "root"
十一月 19, 2018 12:18:01 上午 org.apache.catalina.realm.LockOutRealm filterLockedAccounts
警告: An attempt was made to authenticate the locked user "root"
十一月 19, 2018 12:18:01 上午 org.apache.catalina.realm.LockOutRealm filterLockedAccounts
警告: An attempt was made to authenticate the locked user "root"
十一月 19, 2018 12:18:01 上午 org.apache.catalina.realm.LockOutRealm filterLockedAccounts
警告: An attempt was made to authenticate the locked user "root"
十一月 19, 2018 12:18:01 上午 org.apache.catalina.realm.LockOutRealm filterLockedAccounts
警告: An attempt was made to authenticate the locked user "root"
十一月 19, 2018 12:18:01 上午 org.apache.catalina.realm.LockOutRealm filterLockedAccounts
警告: An attempt was made to authenticate the locked user "root"
十一月 19, 2018 12:18:01 上午 org.apache.catalina.realm.LockOutRealm filterLockedAccounts
警告: An attempt was made to authenticate the locked user "root"
十一月 19, 2018 12:18:01 上午 org.apache.catalina.realm.LockOutRealm filterLockedAccounts
警告: An attempt was made to authenticate the locked user "root"
十一月 19, 2018 12:18:01 上午 org.apache.catalina.realm.LockOutRealm filterLockedAccounts
警告: An attempt was made to authenticate the locked user "root"
十一月 19, 2018 12:18:01 上午 org.apache.catalina.realm.LockOutRealm filterLockedAccounts
警告: An attempt was made to authenticate the locked user "root"
十一月 19, 2018 12:18:01 上午 org.apache.catalina.realm.LockOutRealm filterLockedAccounts
警告: An attempt was made to authenticate the locked user "root"
十一月 19, 2018 12:18:02 上午 org.apache.catalina.realm.LockOutRealm filterLockedAccounts
警告: An attempt was made to authenticate the locked user "root"
十一月 19, 2018 12:18:02 上午 org.apache.catalina.realm.LockOutRealm filterLockedAccounts
警告: An attempt was made to authenticate the locked user "root"
十一月 19, 2018 12:18:02 上午 org.apache.catalina.realm.LockOutRealm filterLockedAccounts
警告: An attempt was made to authenticate the locked user "root"
十一月 19, 2018 12:18:02 上午 org.apache.catalina.realm.LockOutRealm filterLockedAccounts
警告: An attempt was made to authenticate the locked user "root"
十一月 19, 2018 12:18:02 上午 org.apache.catalina.realm.LockOutRealm filterLockedAccounts
警告: An attempt was made to authenticate the locked user "root"
十一月 19, 2018 12:18:02 上午 org.apache.catalina.realm.LockOutRealm filterLockedAccounts
警告: An attempt was made to authenticate the locked user "root"
十一月 19, 2018 12:18:02 上午 org.apache.catalina.realm.LockOutRealm filterLockedAccounts
警告: An attempt was made to authenticate the locked user "root"
十一月 19, 2018 12:18:02 上午 org.apache.catalina.realm.LockOutRealm filterLockedAccounts
警告: An attempt was made to authenticate the locked user "root"
十一月 19, 2018 12:18:02 上午 org.apache.catalina.realm.LockOutRealm filterLockedAccounts
警告: An attempt was made to authenticate the locked user "root"
十一月 19, 2018 12:18:02 上午 org.apache.catalina.realm.LockOutRealm filterLockedAccounts
警告: An attempt was made to authenticate the locked user "root"
十一月 19, 2018 12:18:02 上午 org.apache.catalina.realm.LockOutRealm filterLockedAccounts
警告: An attempt was made to authenticate the locked user "root"
十一月 19, 2018 12:18:02 上午 org.apache.catalina.realm.LockOutRealm filterLockedAccounts
警告: An attempt was made to authenticate the locked user "root"
十一月 19, 2018 12:18:03 上午 org.apache.catalina.realm.LockOutRealm filterLockedAccounts
警告: An attempt was made to authenticate the locked user "root"
十一月 19, 2018 12:18:03 上午 org.apache.catalina.realm.LockOutRealm filterLockedAccounts
警告: An attempt was made to authenticate the locked user "root"
十一月 19, 2018 12:18:03 上午 org.apache.catalina.realm.LockOutRealm filterLockedAccounts
警告: An attempt was made to authenticate the locked user "root"
十一月 19, 2018 12:18:03 上午 org.apache.catalina.realm.LockOutRealm filterLockedAccounts
警告: An attempt was made to authenticate the locked user "root"
十一月 19, 2018 12:18:03 上午 org.apache.catalina.realm.LockOutRealm filterLockedAccounts
警告: An attempt was made to authenticate the locked user "root"
十一月 19, 2018 12:18:03 上午 org.apache.catalina.realm.LockOutRealm filterLockedAccounts
警告: An attempt was made to authenticate the locked user "root"
十一月 19, 2018 12:18:03 上午 org.apache.catalina.realm.LockOutRealm filterLockedAccounts
警告: An attempt was made to authenticate the locked user "root"
十一月 19, 2018 12:18:03 上午 org.apache.catalina.realm.LockOutRealm filterLockedAccounts
警告: An attempt was made to authenticate the locked user "root"
十一月 19, 2018 12:18:03 上午 org.apache.catalina.realm.LockOutRealm filterLockedAccounts
警告: An attempt was made to authenticate the locked user "root"
十一月 19, 2018 12:18:03 上午 org.apache.catalina.realm.LockOutRealm filterLockedAccounts
警告: An attempt was made to authenticate the locked user "root"
十一月 19, 2018 12:18:03 上午 org.apache.catalina.realm.LockOutRealm filterLockedAccounts
警告: An attempt was made to authenticate the locked user "root"
十一月 19, 2018 12:18:04 上午 org.apache.catalina.realm.LockOutRealm filterLockedAccounts
警告: An attempt was made to authenticate the locked user "root"
十一月 19, 2018 12:18:04 上午 org.apache.catalina.realm.LockOutRealm filterLockedAccounts
警告: An attempt was made to authenticate the locked user "root"
十一月 19, 2018 12:18:04 上午 org.apache.catalina.realm.LockOutRealm filterLockedAccounts
警告: An attempt was made to authenticate the locked user "root"
十一月 19, 2018 12:18:04 上午 org.apache.catalina.realm.LockOutRealm filterLockedAccounts
警告: An attempt was made to authenticate the locked user "root"
十一月 19, 2018 12:18:04 上午 org.apache.catalina.realm.LockOutRealm filterLockedAccounts
警告: An attempt was made to authenticate the locked user "root"
十一月 19, 2018 12:18:04 上午 org.apache.catalina.realm.LockOutRealm filterLockedAccounts
警告: An attempt was made to authenticate the locked user "root"
十一月 19, 2018 12:18:04 上午 org.apache.catalina.realm.LockOutRealm filterLockedAccounts
警告: An attempt was made to authenticate the locked user "root"
十一月 19, 2018 12:18:04 上午 org.apache.catalina.realm.LockOutRealm filterLockedAccounts
警告: An attempt was made to authenticate the locked user "root"
十一月 19, 2018 12:18:04 上午 org.apache.catalina.realm.LockOutRealm filterLockedAccounts
警告: An attempt was made to authenticate the locked user "root"
十一月 19, 2018 12:18:04 上午 org.apache.catalina.realm.LockOutRealm filterLockedAccounts
警告: An attempt was made to authenticate the locked user "root"
十一月 19, 2018 12:18:04 上午 org.apache.catalina.realm.LockOutRealm filterLockedAccounts
警告: An attempt was made to authenticate the locked user "root"
十一月 19, 2018 12:18:04 上午 org.apache.catalina.realm.LockOutRealm filterLockedAccounts
警告: An attempt was made to authenticate the locked user "root"
十一月 19, 2018 12:18:05 上午 org.apache.catalina.realm.LockOutRealm filterLockedAccounts
警告: An attempt was made to authenticate the locked user "root"
十一月 19, 2018 12:18:05 上午 org.apache.catalina.realm.LockOutRealm filterLockedAccounts
警告: An attempt was made to authenticate the locked user "root"
十一月 19, 2018 12:18:05 上午 org.apache.catalina.realm.LockOutRealm filterLockedAccounts
警告: An attempt was made to authenticate the locked user "root"
十一月 19, 2018 12:18:05 上午 org.apache.catalina.realm.LockOutRealm filterLockedAccounts
警告: An attempt was made to authenticate the locked user "root"
十一月 19, 2018 12:18:05 上午 org.apache.catalina.realm.LockOutRealm filterLockedAccounts
警告: An attempt was made to authenticate the locked user "root"
十一月 19, 2018 12:18:05 上午 org.apache.catalina.realm.LockOutRealm filterLockedAccounts
警告: An attempt was made to authenticate the locked user "root"
十一月 19, 2018 12:18:05 上午 org.apache.catalina.realm.LockOutRealm filterLockedAccounts
警告: An attempt was made to authenticate the locked user "root"
十一月 19, 2018 12:18:05 上午 org.apache.catalina.realm.LockOutRealm filterLockedAccounts
警告: An attempt was made to authenticate the locked user "root"
十一月 19, 2018 12:18:05 上午 org.apache.catalina.realm.LockOutRealm filterLockedAccounts
警告: An attempt was made to authenticate the locked user "root"
十一月 19, 2018 12:18:05 上午 org.apache.catalina.realm.LockOutRealm filterLockedAccounts
警告: An attempt was made to authenticate the locked user "root"
十一月 19, 2018 12:18:06 上午 org.apache.catalina.realm.LockOutRealm filterLockedAccounts
警告: An attempt was made to authenticate the locked user "root"
十一月 19, 2018 12:18:06 上午 org.apache.catalina.realm.LockOutRealm filterLockedAccounts
警告: An attempt was made to authenticate the locked user "root"
十一月 19, 2018 12:18:06 上午 org.apache.catalina.realm.LockOutRealm filterLockedAccounts
警告: An attempt was made to authenticate the locked user "root"
十一月 19, 2018 12:18:06 上午 org.apache.catalina.realm.LockOutRealm filterLockedAccounts
警告: An attempt was made to authenticate the locked user "root"
十一月 19, 2018 12:18:06 上午 org.apache.catalina.realm.LockOutRealm filterLockedAccounts
警告: An attempt was made to authenticate the locked user "root"
十一月 19, 2018 12:18:06 上午 org.apache.catalina.realm.LockOutRealm filterLockedAccounts
警告: An attempt was made to authenticate the locked user "root"
十一月 19, 2018 12:18:06 上午 org.apache.catalina.realm.LockOutRealm filterLockedAccounts
警告: An attempt was made to authenticate the locked user "root"
十一月 19, 2018 12:18:06 上午 org.apache.catalina.realm.LockOutRealm filterLockedAccounts
警告: An attempt was made to authenticate the locked user "root"
十一月 19, 2018 12:18:06 上午 org.apache.catalina.realm.LockOutRealm filterLockedAccounts
警告: An attempt was made to authenticate the locked user "root"
十一月 19, 2018 12:18:06 上午 org.apache.catalina.realm.LockOutRealm filterLockedAccounts
警告: An attempt was made to authenticate the locked user "root"
十一月 19, 2018 12:18:06 上午 org.apache.catalina.realm.LockOutRealm filterLockedAccounts
警告: An attempt was made to authenticate the locked user "root"
十一月 19, 2018 12:18:06 上午 org.apache.catalina.realm.LockOutRealm filterLockedAccounts
警告: An attempt was made to authenticate the locked user "root"
十一月 19, 2018 12:18:07 上午 org.apache.catalina.realm.LockOutRealm filterLockedAccounts
警告: An attempt was made to authenticate the locked user "root"
十一月 19, 2018 12:18:07 上午 org.apache.catalina.realm.LockOutRealm filterLockedAccounts
警告: An attempt was made to authenticate the locked user "root"
十一月 19, 2018 12:18:07 上午 org.apache.catalina.realm.LockOutRealm filterLockedAccounts
警告: An attempt was made to authenticate the locked user "root"
十一月 19, 2018 12:18:07 上午 org.apache.catalina.realm.LockOutRealm filterLockedAccounts
警告: An attempt was made to authenticate the locked user "root"
十一月 19, 2018 12:18:07 上午 org.apache.catalina.realm.LockOutRealm filterLockedAccounts
警告: An attempt was made to authenticate the locked user "root"
十一月 19, 2018 12:18:07 上午 org.apache.catalina.realm.LockOutRealm filterLockedAccounts
警告: An attempt was made to authenticate the locked user "root"
十一月 19, 2018 12:18:07 上午 org.apache.catalina.realm.LockOutRealm filterLockedAccounts
警告: An attempt was made to authenticate the locked user "root"
十一月 19, 2018 12:18:07 上午 org.apache.catalina.realm.LockOutRealm filterLockedAccounts
警告: An attempt was made to authenticate the locked user "root"
十一月 19, 2018 12:18:07 上午 org.apache.catalina.realm.LockOutRealm filterLockedAccounts
警告: An attempt was made to authenticate the locked user "root"
十一月 19, 2018 12:18:07 上午 org.apache.catalina.realm.LockOutRealm filterLockedAccounts
警告: An attempt was made to authenticate the locked user "root"
十一月 19, 2018 12:18:07 上午 org.apache.catalina.realm.LockOutRealm filterLockedAccounts
警告: An attempt was made to authenticate the locked user "root"
十一月 19, 2018 12:18:07 上午 org.apache.catalina.realm.LockOutRealm filterLockedAccounts
警告: An attempt was made to authenticate the locked user "root"
十一月 19, 2018 12:18:08 上午 org.apache.catalina.realm.LockOutRealm filterLockedAccounts
警告: An attempt was made to authenticate the locked user "manager"
十一月 19, 2018 12:18:08 上午 org.apache.catalina.realm.LockOutRealm filterLockedAccounts
警告: An attempt was made to authenticate the locked user "manager"
十一月 19, 2018 12:18:08 上午 org.apache.catalina.realm.LockOutRealm filterLockedAccounts
警告: An attempt was made to authenticate the locked user "manager"
十一月 19, 2018 12:18:08 上午 org.apache.catalina.realm.LockOutRealm filterLockedAccounts
警告: An attempt was made to authenticate the locked user "manager"
十一月 19, 2018 12:18:08 上午 org.apache.catalina.realm.LockOutRealm filterLockedAccounts
警告: An attempt was made to authenticate the locked user "manager"
十一月 19, 2018 12:18:08 上午 org.apache.catalina.realm.LockOutRealm filterLockedAccounts
警告: An attempt was made to authenticate the locked user "manager"
十一月 19, 2018 12:18:08 上午 org.apache.catalina.realm.LockOutRealm filterLockedAccounts
警告: An attempt was made to authenticate the locked user "manager"
十一月 19, 2018 12:18:09 上午 org.apache.catalina.realm.LockOutRealm filterLockedAccounts
警告: An attempt was made to authenticate the locked user "manager"
十一月 19, 2018 12:18:09 上午 org.apache.catalina.realm.LockOutRealm filterLockedAccounts
警告: An attempt was made to authenticate the locked user "manager"
十一月 19, 2018 12:18:09 上午 org.apache.catalina.realm.LockOutRealm filterLockedAccounts
警告: An attempt was made to authenticate the locked user "manager"
十一月 19, 2018 12:18:09 上午 org.apache.catalina.realm.LockOutRealm filterLockedAccounts
警告: An attempt was made to authenticate the locked user "manager"
十一月 19, 2018 12:18:09 上午 org.apache.catalina.realm.LockOutRealm filterLockedAccounts
警告: An attempt was made to authenticate the locked user "manager"
十一月 19, 2018 12:18:09 上午 org.apache.catalina.realm.LockOutRealm filterLockedAccounts
警告: An attempt was made to authenticate the locked user "manager"
十一月 19, 2018 12:18:09 上午 org.apache.catalina.realm.LockOutRealm filterLockedAccounts
警告: An attempt was made to authenticate the locked user "manager"
十一月 19, 2018 12:18:09 上午 org.apache.catalina.realm.LockOutRealm filterLockedAccounts
警告: An attempt was made to authenticate the locked user "manager"
十一月 19, 2018 12:18:09 上午 org.apache.catalina.realm.LockOutRealm filterLockedAccounts
警告: An attempt was made to authenticate the locked user "manager"
十一月 19, 2018 12:18:09 上午 org.apache.catalina.realm.LockOutRealm filterLockedAccounts
警告: An attempt was made to authenticate the locked user "manager"
十一月 19, 2018 12:18:10 上午 org.apache.catalina.realm.LockOutRealm filterLockedAccounts
警告: An attempt was made to authenticate the locked user "manager"
十一月 19, 2018 12:18:10 上午 org.apache.catalina.realm.LockOutRealm filterLockedAccounts
警告: An attempt was made to authenticate the locked user "manager"
十一月 19, 2018 12:18:10 上午 org.apache.catalina.realm.LockOutRealm filterLockedAccounts
警告: An attempt was made to authenticate the locked user "manager"
十一月 19, 2018 12:18:10 上午 org.apache.catalina.realm.LockOutRealm filterLockedAccounts
警告: An attempt was made to authenticate the locked user "manager"
十一月 19, 2018 12:18:10 上午 org.apache.catalina.realm.LockOutRealm filterLockedAccounts
警告: An attempt was made to authenticate the locked user "manager"
十一月 19, 2018 12:18:10 上午 org.apache.catalina.realm.LockOutRealm filterLockedAccounts
警告: An attempt was made to authenticate the locked user "manager"
十一月 19, 2018 12:18:10 上午 org.apache.catalina.realm.LockOutRealm filterLockedAccounts
警告: An attempt was made to authenticate the locked user "manager"
十一月 19, 2018 12:18:10 上午 org.apache.catalina.realm.LockOutRealm filterLockedAccounts
警告: An attempt was made to authenticate the locked user "manager"
十一月 19, 2018 12:18:10 上午 org.apache.catalina.realm.LockOutRealm filterLockedAccounts
警告: An attempt was made to authenticate the locked user "manager"
十一月 19, 2018 12:18:10 上午 org.apache.catalina.realm.LockOutRealm filterLockedAccounts
警告: An attempt was made to authenticate the locked user "manager"
十一月 19, 2018 12:18:10 上午 org.apache.catalina.realm.LockOutRealm filterLockedAccounts
警告: An attempt was made to authenticate the locked user "manager"
十一月 19, 2018 12:18:10 上午 org.apache.catalina.realm.LockOutRealm filterLockedAccounts
警告: An attempt was made to authenticate the locked user "manager"
十一月 19, 2018 12:18:11 上午 org.apache.catalina.realm.LockOutRealm filterLockedAccounts
警告: An attempt was made to authenticate the locked user "manager"
十一月 19, 2018 12:18:11 上午 org.apache.catalina.realm.LockOutRealm filterLockedAccounts
警告: An attempt was made to authenticate the locked user "manager"
十一月 19, 2018 12:18:11 上午 org.apache.catalina.realm.LockOutRealm filterLockedAccounts
警告: An attempt was made to authenticate the locked user "manager"
十一月 19, 2018 12:18:11 上午 org.apache.catalina.realm.LockOutRealm filterLockedAccounts
警告: An attempt was made to authenticate the locked user "manager"
十一月 19, 2018 12:18:11 上午 org.apache.catalina.realm.LockOutRealm filterLockedAccounts
警告: An attempt was made to authenticate the locked user "manager"
十一月 19, 2018 12:18:11 上午 org.apache.catalina.realm.LockOutRealm filterLockedAccounts
警告: An attempt was made to authenticate the locked user "manager"
十一月 19, 2018 12:18:11 上午 org.apache.catalina.realm.LockOutRealm filterLockedAccounts
警告: An attempt was made to authenticate the locked user "manager"
十一月 19, 2018 12:18:11 上午 org.apache.catalina.realm.LockOutRealm filterLockedAccounts
警告: An attempt was made to authenticate the locked user "manager"
十一月 19, 2018 12:18:11 上午 org.apache.catalina.realm.LockOutRealm filterLockedAccounts
警告: An attempt was made to authenticate the locked user "manager"
十一月 19, 2018 12:18:11 上午 org.apache.catalina.realm.LockOutRealm filterLockedAccounts
警告: An attempt was made to authenticate the locked user "manager"
十一月 19, 2018 12:18:11 上午 org.apache.catalina.realm.LockOutRealm filterLockedAccounts
警告: An attempt was made to authenticate the locked user "manager"
十一月 19, 2018 12:18:12 上午 org.apache.catalina.realm.LockOutRealm filterLockedAccounts
警告: An attempt was made to authenticate the locked user "manager"
十一月 19, 2018 12:18:12 上午 org.apache.catalina.realm.LockOutRealm filterLockedAccounts
警告: An attempt was made to authenticate the locked user "manager"
十一月 19, 2018 12:18:12 上午 org.apache.catalina.realm.LockOutRealm filterLockedAccounts
警告: An attempt was made to authenticate the locked user "manager"
十一月 19, 2018 12:18:12 上午 org.apache.catalina.realm.LockOutRealm filterLockedAccounts
警告: An attempt was made to authenticate the locked user "manager"
十一月 19, 2018 12:18:12 上午 org.apache.catalina.realm.LockOutRealm filterLockedAccounts
警告: An attempt was made to authenticate the locked user "manager"
十一月 19, 2018 12:18:12 上午 org.apache.catalina.realm.LockOutRealm filterLockedAccounts
警告: An attempt was made to authenticate the locked user "manager"
十一月 19, 2018 12:18:12 上午 org.apache.catalina.realm.LockOutRealm filterLockedAccounts
警告: An attempt was made to authenticate the locked user "manager"
十一月 19, 2018 12:18:12 上午 org.apache.catalina.realm.LockOutRealm filterLockedAccounts
警告: An attempt was made to authenticate the locked user "manager"
十一月 19, 2018 12:18:12 上午 org.apache.catalina.realm.LockOutRealm filterLockedAccounts
警告: An attempt was made to authenticate the locked user "manager"
十一月 19, 2018 12:18:12 上午 org.apache.catalina.realm.LockOutRealm filterLockedAccounts
警告: An attempt was made to authenticate the locked user "manager"
十一月 19, 2018 12:18:12 上午 org.apache.catalina.realm.LockOutRealm filterLockedAccounts
警告: An attempt was made to authenticate the locked user "manager"
十一月 19, 2018 12:18:13 上午 org.apache.catalina.realm.LockOutRealm filterLockedAccounts
警告: An attempt was made to authenticate the locked user "manager"
十一月 19, 2018 12:18:13 上午 org.apache.catalina.realm.LockOutRealm filterLockedAccounts
警告: An attempt was made to authenticate the locked user "manager"
十一月 19, 2018 12:18:13 上午 org.apache.catalina.realm.LockOutRealm filterLockedAccounts
警告: An attempt was made to authenticate the locked user "manager"
十一月 19, 2018 12:18:13 上午 org.apache.catalina.realm.LockOutRealm filterLockedAccounts
警告: An attempt was made to authenticate the locked user "manager"
十一月 19, 2018 12:18:13 上午 org.apache.catalina.realm.LockOutRealm filterLockedAccounts
警告: An attempt was made to authenticate the locked user "manager"
十一月 19, 2018 12:18:13 上午 org.apache.catalina.realm.LockOutRealm filterLockedAccounts
警告: An attempt was made to authenticate the locked user "manager"
十一月 19, 2018 12:18:13 上午 org.apache.catalina.realm.LockOutRealm filterLockedAccounts
警告: An attempt was made to authenticate the locked user "manager"
十一月 19, 2018 12:18:13 上午 org.apache.catalina.realm.LockOutRealm filterLockedAccounts
警告: An attempt was made to authenticate the locked user "manager"
十一月 19, 2018 12:18:13 上午 org.apache.catalina.realm.LockOutRealm filterLockedAccounts
警告: An attempt was made to authenticate the locked user "manager"
十一月 19, 2018 12:18:13 上午 org.apache.catalina.realm.LockOutRealm filterLockedAccounts
警告: An attempt was made to authenticate the locked user "manager"
十一月 19, 2018 12:18:13 上午 org.apache.catalina.realm.LockOutRealm filterLockedAccounts
警告: An attempt was made to authenticate the locked user "manager"
十一月 19, 2018 12:18:13 上午 org.apache.catalina.realm.LockOutRealm filterLockedAccounts
警告: An attempt was made to authenticate the locked user "manager"
十一月 19, 2018 12:18:14 上午 org.apache.catalina.realm.LockOutRealm filterLockedAccounts
警告: An attempt was made to authenticate the locked user "manager"
十一月 19, 2018 12:18:14 上午 org.apache.catalina.realm.LockOutRealm filterLockedAccounts
警告: An attempt was made to authenticate the locked user "manager"
十一月 19, 2018 12:18:14 上午 org.apache.catalina.realm.LockOutRealm filterLockedAccounts
警告: An attempt was made to authenticate the locked user "manager"
十一月 19, 2018 12:18:14 上午 org.apache.catalina.realm.LockOutRealm filterLockedAccounts
警告: An attempt was made to authenticate the locked user "manager"
十一月 19, 2018 12:18:14 上午 org.apache.catalina.realm.LockOutRealm filterLockedAccounts
警告: An attempt was made to authenticate the locked user "manager"
十一月 19, 2018 12:18:14 上午 org.apache.catalina.realm.LockOutRealm filterLockedAccounts
警告: An attempt was made to authenticate the locked user "manager"
十一月 19, 2018 12:18:14 上午 org.apache.catalina.realm.LockOutRealm filterLockedAccounts
警告: An attempt was made to authenticate the locked user "manager"
十一月 19, 2018 12:18:14 上午 org.apache.catalina.realm.LockOutRealm filterLockedAccounts
警告: An attempt was made to authenticate the locked user "manager"
十一月 19, 2018 12:18:14 上午 org.apache.catalina.realm.LockOutRealm filterLockedAccounts
警告: An attempt was made to authenticate the locked user "manager"
十一月 19, 2018 12:18:14 上午 org.apache.catalina.realm.LockOutRealm filterLockedAccounts
警告: An attempt was made to authenticate the locked user "manager"
十一月 19, 2018 12:18:14 上午 org.apache.catalina.realm.LockOutRealm filterLockedAccounts
警告: An attempt was made to authenticate the locked user "manager"
十一月 19, 2018 12:18:14 上午 org.apache.catalina.realm.LockOutRealm filterLockedAccounts
警告: An attempt was made to authenticate the locked user "manager"
十一月 19, 2018 12:18:15 上午 org.apache.catalina.realm.LockOutRealm filterLockedAccounts
警告: An attempt was made to authenticate the locked user "manager"
十一月 19, 2018 12:18:15 上午 org.apache.catalina.realm.LockOutRealm filterLockedAccounts
警告: An attempt was made to authenticate the locked user "manager"
十一月 19, 2018 12:18:15 上午 org.apache.catalina.realm.LockOutRealm filterLockedAccounts
警告: An attempt was made to authenticate the locked user "manager"
十一月 19, 2018 12:18:15 上午 org.apache.catalina.realm.LockOutRealm filterLockedAccounts
警告: An attempt was made to authenticate the locked user "manager"
十一月 19, 2018 12:18:15 上午 org.apache.catalina.realm.LockOutRealm filterLockedAccounts
警告: An attempt was made to authenticate the locked user "manager"
十一月 19, 2018 12:18:15 上午 org.apache.catalina.realm.LockOutRealm filterLockedAccounts
警告: An attempt was made to authenticate the locked user "manager"
十一月 19, 2018 12:18:15 上午 org.apache.catalina.realm.LockOutRealm filterLockedAccounts
警告: An attempt was made to authenticate the locked user "manager"
十一月 19, 2018 12:18:15 上午 org.apache.catalina.realm.LockOutRealm filterLockedAccounts
警告: An attempt was made to authenticate the locked user "manager"
十一月 19, 2018 12:18:15 上午 org.apache.catalina.realm.LockOutRealm filterLockedAccounts
警告: An attempt was made to authenticate the locked user "manager"
十一月 19, 2018 12:18:15 上午 org.apache.catalina.realm.LockOutRealm filterLockedAccounts
警告: An attempt was made to authenticate the locked user "manager"
十一月 19, 2018 12:18:16 上午 org.apache.catalina.realm.LockOutRealm filterLockedAccounts
警告: An attempt was made to authenticate the locked user "manager"
十一月 19, 2018 12:18:16 上午 org.apache.catalina.realm.LockOutRealm filterLockedAccounts
警告: An attempt was made to authenticate the locked user "manager"
十一月 19, 2018 12:18:16 上午 org.apache.catalina.realm.LockOutRealm filterLockedAccounts
警告: An attempt was made to authenticate the locked user "manager"
十一月 19, 2018 12:18:16 上午 org.apache.catalina.realm.LockOutRealm filterLockedAccounts
警告: An attempt was made to authenticate the locked user "manager"
十一月 19, 2018 12:18:16 上午 org.apache.catalina.realm.LockOutRealm filterLockedAccounts
警告: An attempt was made to authenticate the locked user "manager"
十一月 19, 2018 12:18:16 上午 org.apache.catalina.realm.LockOutRealm filterLockedAccounts
警告: An attempt was made to authenticate the locked user "manager"
十一月 19, 2018 12:18:16 上午 org.apache.catalina.realm.LockOutRealm filterLockedAccounts
警告: An attempt was made to authenticate the locked user "manager"
十一月 19, 2018 12:18:16 上午 org.apache.catalina.realm.LockOutRealm filterLockedAccounts
警告: An attempt was made to authenticate the locked user "manager"
十一月 19, 2018 12:18:16 上午 org.apache.catalina.realm.LockOutRealm filterLockedAccounts
警告: An attempt was made to authenticate the locked user "manager"
十一月 19, 2018 12:18:16 上午 org.apache.catalina.realm.LockOutRealm filterLockedAccounts
警告: An attempt was made to authenticate the locked user "manager"
十一月 19, 2018 12:18:17 上午 org.apache.catalina.realm.LockOutRealm filterLockedAccounts
警告: An attempt was made to authenticate the locked user "manager"
十一月 19, 2018 12:18:17 上午 org.apache.catalina.realm.LockOutRealm filterLockedAccounts
警告: An attempt was made to authenticate the locked user "manager"
十一月 19, 2018 12:18:17 上午 org.apache.catalina.realm.LockOutRealm filterLockedAccounts
警告: An attempt was made to authenticate the locked user "manager"
十一月 19, 2018 12:18:17 上午 org.apache.catalina.realm.LockOutRealm filterLockedAccounts
警告: An attempt was made to authenticate the locked user "manager"
十一月 19, 2018 12:18:17 上午 org.apache.catalina.realm.LockOutRealm filterLockedAccounts
警告: An attempt was made to authenticate the locked user "manager"
十一月 19, 2018 12:18:17 上午 org.apache.catalina.realm.LockOutRealm filterLockedAccounts
警告: An attempt was made to authenticate the locked user "manager"
十一月 19, 2018 12:18:17 上午 org.apache.catalina.realm.LockOutRealm filterLockedAccounts
警告: An attempt was made to authenticate the locked user "manager"
十一月 19, 2018 12:18:17 上午 org.apache.catalina.realm.LockOutRealm filterLockedAccounts
警告: An attempt was made to authenticate the locked user "manager"
十一月 19, 2018 12:18:17 上午 org.apache.catalina.realm.LockOutRealm filterLockedAccounts
警告: An attempt was made to authenticate the locked user "manager"
十一月 19, 2018 12:18:17 上午 org.apache.catalina.realm.LockOutRealm filterLockedAccounts
警告: An attempt was made to authenticate the locked user "manager"
十一月 19, 2018 12:18:18 上午 org.apache.catalina.realm.LockOutRealm filterLockedAccounts
警告: An attempt was made to authenticate the locked user "manager"
十一月 19, 2018 12:18:18 上午 org.apache.catalina.realm.LockOutRealm filterLockedAccounts
警告: An attempt was made to authenticate the locked user "manager"
十一月 19, 2018 12:18:18 上午 org.apache.catalina.realm.LockOutRealm filterLockedAccounts
警告: An attempt was made to authenticate the locked user "manager"
十一月 19, 2018 12:18:18 上午 org.apache.catalina.realm.LockOutRealm filterLockedAccounts
警告: An attempt was made to authenticate the locked user "manager"
十一月 19, 2018 12:18:18 上午 org.apache.catalina.realm.LockOutRealm filterLockedAccounts
警告: An attempt was made to authenticate the locked user "manager"
十一月 19, 2018 12:18:18 上午 org.apache.catalina.realm.LockOutRealm filterLockedAccounts
警告: An attempt was made to authenticate the locked user "manager"
十一月 19, 2018 12:18:18 上午 org.apache.catalina.realm.LockOutRealm filterLockedAccounts
警告: An attempt was made to authenticate the locked user "manager"
十一月 19, 2018 12:18:18 上午 org.apache.catalina.realm.LockOutRealm filterLockedAccounts
警告: An attempt was made to authenticate the locked user "manager"
十一月 19, 2018 12:18:18 上午 org.apache.catalina.realm.LockOutRealm filterLockedAccounts
警告: An attempt was made to authenticate the locked user "manager"
十一月 19, 2018 12:18:18 上午 org.apache.catalina.realm.LockOutRealm filterLockedAccounts
警告: An attempt was made to authenticate the locked user "manager"
十一月 19, 2018 12:18:18 上午 org.apache.catalina.realm.LockOutRealm filterLockedAccounts
警告: An attempt was made to authenticate the locked user "manager"
十一月 19, 2018 12:18:18 上午 org.apache.catalina.realm.LockOutRealm filterLockedAccounts
警告: An attempt was made to authenticate the locked user "manager"
十一月 19, 2018 12:18:19 上午 org.apache.catalina.realm.LockOutRealm filterLockedAccounts
警告: An attempt was made to authenticate the locked user "manager"
十一月 19, 2018 12:18:19 上午 org.apache.catalina.realm.LockOutRealm filterLockedAccounts
警告: An attempt was made to authenticate the locked user "manager"
十一月 19, 2018 12:18:19 上午 org.apache.catalina.realm.LockOutRealm filterLockedAccounts
警告: An attempt was made to authenticate the locked user "manager"
十一月 19, 2018 12:18:19 上午 org.apache.catalina.realm.LockOutRealm filterLockedAccounts
警告: An attempt was made to authenticate the locked user "manager"
十一月 19, 2018 12:18:19 上午 org.apache.catalina.realm.LockOutRealm filterLockedAccounts
警告: An attempt was made to authenticate the locked user "manager"
十一月 19, 2018 12:18:19 上午 org.apache.catalina.realm.LockOutRealm filterLockedAccounts
警告: An attempt was made to authenticate the locked user "manager"
十一月 19, 2018 12:18:19 上午 org.apache.catalina.realm.LockOutRealm filterLockedAccounts
警告: An attempt was made to authenticate the locked user "manager"
十一月 19, 2018 12:18:19 上午 org.apache.catalina.realm.LockOutRealm filterLockedAccounts
警告: An attempt was made to authenticate the locked user "manager"
十一月 19, 2018 12:18:19 上午 org.apache.catalina.realm.LockOutRealm filterLockedAccounts
警告: An attempt was made to authenticate the locked user "manager"
十一月 19, 2018 12:18:19 上午 org.apache.catalina.realm.LockOutRealm filterLockedAccounts
警告: An attempt was made to authenticate the locked user "manager"
十一月 19, 2018 1:06:46 上午 org.apache.coyote.ajp.AjpMessage processHeader
严重: Invalid message received with signature 768
十一月 19, 2018 3:35:43 上午 org.apache.catalina.realm.LockOutRealm filterLockedAccounts
警告: An attempt was made to authenticate the locked user "admin"
十一月 19, 2018 3:35:43 上午 org.apache.catalina.realm.LockOutRealm filterLockedAccounts
警告: An attempt was made to authenticate the locked user "admin"
十一月 19, 2018 3:35:44 上午 org.apache.catalina.realm.LockOutRealm filterLockedAccounts
警告: An attempt was made to authenticate the locked user "tomcat"
十一月 19, 2018 3:35:44 上午 org.apache.catalina.realm.LockOutRealm filterLockedAccounts
警告: An attempt was made to authenticate the locked user "tomcat"
十一月 19, 2018 3:35:44 上午 org.apache.catalina.realm.LockOutRealm filterLockedAccounts
警告: An attempt was made to authenticate the locked user "tomcat"
十一月 19, 2018 3:35:45 上午 org.apache.catalina.realm.LockOutRealm filterLockedAccounts
警告: An attempt was made to authenticate the locked user "manager"
十一月 19, 2018 3:35:45 上午 org.apache.catalina.realm.LockOutRealm filterLockedAccounts
警告: An attempt was made to authenticate the locked user "manager"
十一月 19, 2018 3:35:45 上午 org.apache.catalina.realm.LockOutRealm filterLockedAccounts
警告: An attempt was made to authenticate the locked user "manager"
十一月 19, 2018 3:35:45 上午 org.apache.catalina.realm.LockOutRealm filterLockedAccounts
警告: An attempt was made to authenticate the locked user "root"
十一月 19, 2018 3:35:45 上午 org.apache.catalina.realm.LockOutRealm filterLockedAccounts
警告: An attempt was made to authenticate the locked user "root"
十一月 19, 2018 3:35:46 上午 org.apache.catalina.realm.LockOutRealm filterLockedAccounts
警告: An attempt was made to authenticate the locked user "root"
十一月 19, 2018 3:35:46 上午 org.apache.catalina.realm.LockOutRealm filterLockedAccounts
警告: An attempt was made to authenticate the locked user "user"
十一月 19, 2018 3:35:46 上午 org.apache.catalina.realm.LockOutRealm filterLockedAccounts
警告: An attempt was made to authenticate the locked user "user"
十一月 19, 2018 3:35:46 上午 org.apache.catalina.realm.LockOutRealm filterLockedAccounts
警告: An attempt was made to authenticate the locked user "user"
十一月 19, 2018 3:35:47 上午 org.apache.catalina.realm.LockOutRealm filterLockedAccounts
警告: An attempt was made to authenticate the locked user "name"
十一月 19, 2018 3:35:47 上午 org.apache.catalina.realm.LockOutRealm filterLockedAccounts
警告: An attempt was made to authenticate the locked user "name"
十一月 19, 2018 3:35:47 上午 org.apache.catalina.realm.LockOutRealm filterLockedAccounts
警告: An attempt was made to authenticate the locked user "name"
十一月 19, 2018 4:37:46 上午 org.apache.catalina.realm.LockOutRealm filterLockedAccounts
警告: An attempt was made to authenticate the locked user "admin"
十一月 19, 2018 4:37:46 上午 org.apache.catalina.realm.LockOutRealm filterLockedAccounts
警告: An attempt was made to authenticate the locked user "admin"
十一月 19, 2018 4:37:47 上午 org.apache.catalina.realm.LockOutRealm filterLockedAccounts
警告: An attempt was made to authenticate the locked user "tomcat"
十一月 19, 2018 4:37:47 上午 org.apache.catalina.realm.LockOutRealm filterLockedAccounts
警告: An attempt was made to authenticate the locked user "tomcat"
十一月 19, 2018 4:37:47 上午 org.apache.catalina.realm.LockOutRealm filterLockedAccounts
警告: An attempt was made to authenticate the locked user "tomcat"
十一月 19, 2018 4:37:47 上午 org.apache.catalina.realm.LockOutRealm filterLockedAccounts
警告: An attempt was made to authenticate the locked user "manager"
十一月 19, 2018 4:37:47 上午 org.apache.catalina.realm.LockOutRealm filterLockedAccounts
警告: An attempt was made to authenticate the locked user "manager"
十一月 19, 2018 4:37:48 上午 org.apache.catalina.realm.LockOutRealm filterLockedAccounts
警告: An attempt was made to authenticate the locked user "manager"
十一月 19, 2018 4:37:48 上午 org.apache.catalina.realm.LockOutRealm filterLockedAccounts
警告: An attempt was made to authenticate the locked user "root"
十一月 19, 2018 4:37:48 上午 org.apache.catalina.realm.LockOutRealm filterLockedAccounts
警告: An attempt was made to authenticate the locked user "root"
十一月 19, 2018 4:37:48 上午 org.apache.catalina.realm.LockOutRealm filterLockedAccounts
警告: An attempt was made to authenticate the locked user "root"
十一月 19, 2018 4:37:49 上午 org.apache.catalina.realm.LockOutRealm filterLockedAccounts
警告: An attempt was made to authenticate the locked user "user"
十一月 19, 2018 4:37:49 上午 org.apache.catalina.realm.LockOutRealm filterLockedAccounts
警告: An attempt was made to authenticate the locked user "user"
十一月 19, 2018 4:37:49 上午 org.apache.catalina.realm.LockOutRealm filterLockedAccounts
警告: An attempt was made to authenticate the locked user "user"
十一月 19, 2018 4:37:50 上午 org.apache.catalina.realm.LockOutRealm filterLockedAccounts
警告: An attempt was made to authenticate the locked user "name"
十一月 19, 2018 4:37:50 上午 org.apache.catalina.realm.LockOutRealm filterLockedAccounts
警告: An attempt was made to authenticate the locked user "name"
十一月 19, 2018 4:37:50 上午 org.apache.catalina.realm.LockOutRealm filterLockedAccounts
警告: An attempt was made to authenticate the locked user "name"
十一月 19, 2018 4:56:15 上午 org.apache.coyote.ajp.AjpMessage processHeader
严重: Invalid message received with signature 18245
十一月 19, 2018 5:16:47 上午 org.apache.catalina.realm.LockOutRealm filterLockedAccounts
警告: An attempt was made to authenticate the locked user "tomcat"
十一月 19, 2018 5:16:47 上午 org.apache.catalina.realm.LockOutRealm filterLockedAccounts
警告: An attempt was made to authenticate the locked user "manager"
十一月 19, 2018 5:16:48 上午 org.apache.catalina.realm.LockOutRealm filterLockedAccounts
警告: An attempt was made to authenticate the locked user "root"
十一月 19, 2018 7:05:43 上午 org.apache.coyote.http11.AbstractHttp11Processor process
信息: Error parsing HTTP request header
 Note: further occurrences of HTTP header parsing errors will be logged at DEBUG level.
java.lang.IllegalArgumentException: Invalid character found in method name. HTTP method names must be tokens
	at org.apache.coyote.http11.InternalInputBuffer.parseRequestLine(InternalInputBuffer.java:136)
	at org.apache.coyote.http11.AbstractHttp11Processor.process(AbstractHttp11Processor.java:1000)
	at org.apache.coyote.AbstractProtocol$AbstractConnectionHandler.process(AbstractProtocol.java:637)
	at org.apache.tomcat.util.net.JIoEndpoint$SocketProcessor.run(JIoEndpoint.java:316)
	at java.util.concurrent.ThreadPoolExecutor.runWorker(ThreadPoolExecutor.java:1149)
	at java.util.concurrent.ThreadPoolExecutor$Worker.run(ThreadPoolExecutor.java:624)
	at org.apache.tomcat.util.threads.TaskThread$WrappingRunnable.run(TaskThread.java:61)
	at java.lang.Thread.run(Thread.java:748)

十一月 19, 2018 7:07:17 上午 org.apache.coyote.http11.AbstractHttp11Processor process
信息: Error parsing HTTP request header
 Note: further occurrences of HTTP header parsing errors will be logged at DEBUG level.
java.lang.IllegalArgumentException: Invalid character found in method name. HTTP method names must be tokens
	at org.apache.coyote.http11.InternalInputBuffer.parseRequestLine(InternalInputBuffer.java:136)
	at org.apache.coyote.http11.AbstractHttp11Processor.process(AbstractHttp11Processor.java:1000)
	at org.apache.coyote.AbstractProtocol$AbstractConnectionHandler.process(AbstractProtocol.java:637)
	at org.apache.tomcat.util.net.JIoEndpoint$SocketProcessor.run(JIoEndpoint.java:316)
	at java.util.concurrent.ThreadPoolExecutor.runWorker(ThreadPoolExecutor.java:1149)
	at java.util.concurrent.ThreadPoolExecutor$Worker.run(ThreadPoolExecutor.java:624)
	at org.apache.tomcat.util.threads.TaskThread$WrappingRunnable.run(TaskThread.java:61)
	at java.lang.Thread.run(Thread.java:748)

十一月 19, 2018 9:30:59 下午 org.apache.coyote.http11.AbstractHttp11Processor process
信息: Error parsing HTTP request header
 Note: further occurrences of HTTP header parsing errors will be logged at DEBUG level.
java.lang.IllegalArgumentException: Invalid character found in method name. HTTP method names must be tokens
	at org.apache.coyote.http11.InternalInputBuffer.parseRequestLine(InternalInputBuffer.java:136)
	at org.apache.coyote.http11.AbstractHttp11Processor.process(AbstractHttp11Processor.java:1000)
	at org.apache.coyote.AbstractProtocol$AbstractConnectionHandler.process(AbstractProtocol.java:637)
	at org.apache.tomcat.util.net.JIoEndpoint$SocketProcessor.run(JIoEndpoint.java:316)
	at java.util.concurrent.ThreadPoolExecutor.runWorker(ThreadPoolExecutor.java:1149)
	at java.util.concurrent.ThreadPoolExecutor$Worker.run(ThreadPoolExecutor.java:624)
	at org.apache.tomcat.util.threads.TaskThread$WrappingRunnable.run(TaskThread.java:61)
	at java.lang.Thread.run(Thread.java:748)

十一月 19, 2018 9:31:02 下午 org.apache.coyote.http11.AbstractHttp11Processor process
信息: Error parsing HTTP request header
 Note: further occurrences of HTTP header parsing errors will be logged at DEBUG level.
java.lang.IllegalArgumentException: Invalid character found in method name. HTTP method names must be tokens
	at org.apache.coyote.http11.InternalInputBuffer.parseRequestLine(InternalInputBuffer.java:136)
	at org.apache.coyote.http11.AbstractHttp11Processor.process(AbstractHttp11Processor.java:1000)
	at org.apache.coyote.AbstractProtocol$AbstractConnectionHandler.process(AbstractProtocol.java:637)
	at org.apache.tomcat.util.net.JIoEndpoint$SocketProcessor.run(JIoEndpoint.java:316)
	at java.util.concurrent.ThreadPoolExecutor.runWorker(ThreadPoolExecutor.java:1149)
	at java.util.concurrent.ThreadPoolExecutor$Worker.run(ThreadPoolExecutor.java:624)
	at org.apache.tomcat.util.threads.TaskThread$WrappingRunnable.run(TaskThread.java:61)
	at java.lang.Thread.run(Thread.java:748)

十一月 19, 2018 9:37:39 下午 org.apache.coyote.http11.AbstractHttp11Processor process
信息: Error parsing HTTP request header
 Note: further occurrences of HTTP header parsing errors will be logged at DEBUG level.
java.lang.IllegalArgumentException: Invalid character found in method name. HTTP method names must be tokens
	at org.apache.coyote.http11.InternalInputBuffer.parseRequestLine(InternalInputBuffer.java:136)
	at org.apache.coyote.http11.AbstractHttp11Processor.process(AbstractHttp11Processor.java:1000)
	at org.apache.coyote.AbstractProtocol$AbstractConnectionHandler.process(AbstractProtocol.java:637)
	at org.apache.tomcat.util.net.JIoEndpoint$SocketProcessor.run(JIoEndpoint.java:316)
	at java.util.concurrent.ThreadPoolExecutor.runWorker(ThreadPoolExecutor.java:1149)
	at java.util.concurrent.ThreadPoolExecutor$Worker.run(ThreadPoolExecutor.java:624)
	at org.apache.tomcat.util.threads.TaskThread$WrappingRunnable.run(TaskThread.java:61)
	at java.lang.Thread.run(Thread.java:748)

十一月 19, 2018 10:45:45 下午 org.apache.coyote.ajp.AjpMessage processHeader
严重: Invalid message received with signature 768
