十一月 09, 2018 4:13:39 上午 org.apache.catalina.core.ApplicationContext log
信息: Destroying Spring FrameworkServlet 'spring-mvc'
十一月 09, 2018 4:13:39 上午 org.apache.catalina.core.ApplicationContext log
信息: Closing Spring root WebApplicationContext
十一月 09, 2018 4:13:39 上午 org.apache.catalina.core.StandardContext listenerStop
严重: Exception sending context destroyed event to listener instance of class org.springframework.web.context.ContextLoaderListener
java.lang.NoClassDefFoundError: org/springframework/web/context/ContextCleanupListener
	at org.springframework.web.context.ContextLoaderListener.contextDestroyed(ContextLoaderListener.java:145)
	at org.apache.catalina.core.StandardContext.listenerStop(StandardContext.java:5165)
	at org.apache.catalina.core.StandardContext.stopInternal(StandardContext.java:5829)
	at org.apache.catalina.util.LifecycleBase.stop(LifecycleBase.java:221)
	at org.apache.catalina.core.ContainerBase.removeChild(ContainerBase.java:1019)
	at org.apache.catalina.startup.HostConfig.undeploy(HostConfig.java:1562)
	at org.apache.catalina.startup.HostConfig.checkResources(HostConfig.java:1470)
	at org.apache.catalina.startup.HostConfig.check(HostConfig.java:1748)
	at org.apache.catalina.startup.HostConfig.lifecycleEvent(HostConfig.java:333)
	at org.apache.catalina.util.LifecycleSupport.fireLifecycleEvent(LifecycleSupport.java:117)
	at org.apache.catalina.util.LifecycleBase.fireLifecycleEvent(LifecycleBase.java:90)
	at org.apache.catalina.core.ContainerBase.backgroundProcess(ContainerBase.java:1370)
	at org.apache.catalina.core.ContainerBase$ContainerBackgroundProcessor.processChildren(ContainerBase.java:1542)
	at org.apache.catalina.core.ContainerBase$ContainerBackgroundProcessor.processChildren(ContainerBase.java:1552)
	at org.apache.catalina.core.ContainerBase$ContainerBackgroundProcessor.run(ContainerBase.java:1520)
	at java.lang.Thread.run(Thread.java:748)
Caused by: java.lang.ClassNotFoundException: org.springframework.web.context.ContextCleanupListener
	at org.apache.catalina.loader.WebappClassLoaderBase.loadClass(WebappClassLoaderBase.java:1892)
	at org.apache.catalina.loader.WebappClassLoaderBase.loadClass(WebappClassLoaderBase.java:1735)
	... 16 more

十一月 09, 2018 4:15:21 上午 org.apache.catalina.core.ApplicationContext log
信息: No Spring WebApplicationInitializer types detected on classpath
十一月 09, 2018 4:15:21 上午 org.apache.catalina.core.ApplicationContext log
信息: Initializing Spring root WebApplicationContext
十一月 09, 2018 4:15:23 上午 org.apache.catalina.core.ApplicationContext log
信息: Initializing Spring FrameworkServlet 'spring-mvc'
十一月 09, 2018 4:17:55 上午 org.apache.catalina.core.ApplicationContext log
信息: SessionListener: contextDestroyed()
十一月 09, 2018 4:17:55 上午 org.apache.catalina.core.ApplicationContext log
信息: ContextListener: contextDestroyed()
十一月 09, 2018 4:17:55 上午 org.apache.catalina.core.ApplicationContext log
信息: Destroying Spring FrameworkServlet 'spring-mvc'
十一月 09, 2018 4:17:55 上午 org.apache.catalina.core.ApplicationContext log
信息: Closing Spring root WebApplicationContext
十一月 09, 2018 4:21:57 上午 org.apache.catalina.core.ApplicationContext log
信息: No Spring WebApplicationInitializer types detected on classpath
十一月 09, 2018 4:21:57 上午 org.apache.catalina.core.ApplicationContext log
信息: Initializing Spring root WebApplicationContext
十一月 09, 2018 4:21:59 上午 org.apache.catalina.core.ApplicationContext log
信息: Initializing Spring FrameworkServlet 'spring-mvc'
十一月 09, 2018 4:21:59 上午 org.apache.catalina.core.ApplicationContext log
信息: ContextListener: contextInitialized()
十一月 09, 2018 4:21:59 上午 org.apache.catalina.core.ApplicationContext log
信息: SessionListener: contextInitialized()
十一月 09, 2018 4:21:59 上午 org.apache.catalina.core.ApplicationContext log
信息: ContextListener: attributeAdded('org.apache.jasper.compiler.TldLocationsCache', 'org.apache.jasper.compiler.TldLocationsCache@45151a81')
十一月 09, 2018 4:26:10 上午 org.apache.catalina.core.ApplicationContext log
信息: SessionListener: contextDestroyed()
十一月 09, 2018 4:26:10 上午 org.apache.catalina.core.ApplicationContext log
信息: ContextListener: contextDestroyed()
十一月 09, 2018 4:26:10 上午 org.apache.catalina.core.ApplicationContext log
信息: Destroying Spring FrameworkServlet 'spring-mvc'
十一月 09, 2018 4:26:10 上午 org.apache.catalina.core.ApplicationContext log
信息: Closing Spring root WebApplicationContext
十一月 09, 2018 4:26:45 上午 org.apache.catalina.core.ApplicationContext log
信息: No Spring WebApplicationInitializer types detected on classpath
十一月 09, 2018 4:26:45 上午 org.apache.catalina.core.ApplicationContext log
信息: Initializing Spring root WebApplicationContext
十一月 09, 2018 4:27:51 上午 org.apache.catalina.core.ApplicationContext log
信息: Initializing Spring FrameworkServlet 'spring-mvc'
十一月 09, 2018 4:27:51 上午 org.apache.catalina.core.ApplicationContext log
信息: ContextListener: contextInitialized()
十一月 09, 2018 4:27:51 上午 org.apache.catalina.core.ApplicationContext log
信息: SessionListener: contextInitialized()
十一月 09, 2018 4:27:51 上午 org.apache.catalina.core.ApplicationContext log
信息: ContextListener: attributeAdded('org.apache.jasper.compiler.TldLocationsCache', 'org.apache.jasper.compiler.TldLocationsCache@609509f1')
十一月 09, 2018 4:28:24 上午 org.apache.catalina.core.ApplicationContext log
信息: SessionListener: contextDestroyed()
十一月 09, 2018 4:28:24 上午 org.apache.catalina.core.ApplicationContext log
信息: ContextListener: contextDestroyed()
十一月 09, 2018 4:28:24 上午 org.apache.catalina.core.ApplicationContext log
信息: Destroying Spring FrameworkServlet 'spring-mvc'
十一月 09, 2018 4:28:24 上午 org.apache.catalina.core.ApplicationContext log
信息: Closing Spring root WebApplicationContext
十一月 09, 2018 4:29:12 上午 org.apache.catalina.core.ApplicationContext log
信息: No Spring WebApplicationInitializer types detected on classpath
十一月 09, 2018 4:29:12 上午 org.apache.catalina.core.ApplicationContext log
信息: Initializing Spring root WebApplicationContext
十一月 09, 2018 4:29:14 上午 org.apache.catalina.core.ApplicationContext log
信息: Initializing Spring FrameworkServlet 'spring-mvc'
十一月 09, 2018 4:29:14 上午 org.apache.catalina.core.ApplicationContext log
信息: ContextListener: contextInitialized()
十一月 09, 2018 4:29:14 上午 org.apache.catalina.core.ApplicationContext log
信息: SessionListener: contextInitialized()
十一月 09, 2018 4:29:14 上午 org.apache.catalina.core.ApplicationContext log
信息: ContextListener: attributeAdded('org.apache.jasper.compiler.TldLocationsCache', 'org.apache.jasper.compiler.TldLocationsCache@2f2e0a23')
