十二月 13, 2018 2:22:35 上午 org.apache.catalina.core.ApplicationContext log
信息: SessionListener: contextDestroyed()
十二月 13, 2018 2:22:35 上午 org.apache.catalina.core.ApplicationContext log
信息: ContextListener: contextDestroyed()
十二月 13, 2018 2:22:35 上午 org.apache.catalina.core.ApplicationContext log
信息: Destroying Spring FrameworkServlet 'spring-mvc'
十二月 13, 2018 2:22:35 上午 org.apache.catalina.core.ApplicationContext log
信息: Closing Spring root WebApplicationContext
十二月 13, 2018 2:23:08 上午 org.apache.catalina.core.ApplicationContext log
信息: No Spring WebApplicationInitializer types detected on classpath
十二月 13, 2018 2:23:08 上午 org.apache.catalina.core.ApplicationContext log
信息: Initializing Spring root WebApplicationContext
十二月 13, 2018 2:23:10 上午 org.apache.catalina.core.ApplicationContext log
信息: Initializing Spring FrameworkServlet 'spring-mvc'
十二月 13, 2018 2:23:10 上午 org.apache.catalina.core.ApplicationContext log
信息: ContextListener: contextInitialized()
十二月 13, 2018 2:23:10 上午 org.apache.catalina.core.ApplicationContext log
信息: SessionListener: contextInitialized()
十二月 13, 2018 2:23:10 上午 org.apache.catalina.core.ApplicationContext log
信息: ContextListener: attributeAdded('org.apache.jasper.compiler.TldLocationsCache', 'org.apache.jasper.compiler.TldLocationsCache@33e47b33')
十二月 13, 2018 2:24:11 上午 org.apache.catalina.core.ApplicationContext log
信息: SessionListener: contextDestroyed()
十二月 13, 2018 2:24:11 上午 org.apache.catalina.core.ApplicationContext log
信息: ContextListener: contextDestroyed()
十二月 13, 2018 2:24:11 上午 org.apache.catalina.core.ApplicationContext log
信息: Destroying Spring FrameworkServlet 'spring-mvc'
十二月 13, 2018 2:24:11 上午 org.apache.catalina.core.ApplicationContext log
信息: Closing Spring root WebApplicationContext
十二月 13, 2018 2:25:44 上午 org.apache.catalina.core.ApplicationContext log
信息: No Spring WebApplicationInitializer types detected on classpath
十二月 13, 2018 2:25:44 上午 org.apache.catalina.core.ApplicationContext log
信息: Initializing Spring root WebApplicationContext
十二月 13, 2018 2:25:46 上午 org.apache.catalina.core.ApplicationContext log
信息: Initializing Spring FrameworkServlet 'spring-mvc'
十二月 13, 2018 2:25:46 上午 org.apache.catalina.core.ApplicationContext log
信息: ContextListener: contextInitialized()
十二月 13, 2018 2:25:46 上午 org.apache.catalina.core.ApplicationContext log
信息: SessionListener: contextInitialized()
十二月 13, 2018 2:25:46 上午 org.apache.catalina.core.ApplicationContext log
信息: ContextListener: attributeAdded('org.apache.jasper.compiler.TldLocationsCache', 'org.apache.jasper.compiler.TldLocationsCache@1055ef59')
十二月 13, 2018 2:26:05 上午 org.apache.catalina.core.ApplicationContext log
信息: SessionListener: contextDestroyed()
十二月 13, 2018 2:26:05 上午 org.apache.catalina.core.ApplicationContext log
信息: ContextListener: contextDestroyed()
十二月 13, 2018 2:26:05 上午 org.apache.catalina.core.ApplicationContext log
信息: Destroying Spring FrameworkServlet 'spring-mvc'
十二月 13, 2018 2:26:05 上午 org.apache.catalina.core.ApplicationContext log
信息: Closing Spring root WebApplicationContext
