五月 16, 2017 4:59:39 下午 org.apache.catalina.core.ApplicationContext log
INFO: ContextListener: contextInitialized()
五月 16, 2017 4:59:39 下午 org.apache.catalina.core.ApplicationContext log
INFO: SessionListener: contextInitialized()
五月 16, 2017 4:59:39 下午 org.apache.catalina.core.ApplicationContext log
INFO: ContextListener: attributeAdded('org.apache.jasper.compiler.TldLocationsCache', 'org.apache.jasper.compiler.TldLocationsCache@5129607b')
五月 16, 2017 4:59:51 下午 org.apache.catalina.core.ApplicationContext log
INFO: Loading Spring root WebApplicationContext
五月 16, 2017 5:21:59 下午 org.apache.catalina.core.ApplicationContext log
INFO: Closing Spring root WebApplicationContext
五月 16, 2017 5:21:59 下午 org.apache.catalina.core.ApplicationContext log
INFO: SessionListener: contextDestroyed()
五月 16, 2017 5:21:59 下午 org.apache.catalina.core.ApplicationContext log
INFO: ContextListener: contextDestroyed()
五月 16, 2017 5:22:51 下午 org.apache.catalina.core.ApplicationContext log
INFO: ContextListener: contextInitialized()
五月 16, 2017 5:22:51 下午 org.apache.catalina.core.ApplicationContext log
INFO: SessionListener: contextInitialized()
五月 16, 2017 5:22:51 下午 org.apache.catalina.core.ApplicationContext log
INFO: ContextListener: attributeAdded('org.apache.jasper.compiler.TldLocationsCache', 'org.apache.jasper.compiler.TldLocationsCache@18aa0b7b')
五月 16, 2017 5:23:04 下午 org.apache.catalina.core.ApplicationContext log
INFO: Loading Spring root WebApplicationContext
五月 16, 2017 5:23:26 下午 org.apache.catalina.core.ApplicationContext log
INFO: Closing Spring root WebApplicationContext
五月 16, 2017 5:23:26 下午 org.apache.catalina.core.ApplicationContext log
INFO: SessionListener: contextDestroyed()
五月 16, 2017 5:23:26 下午 org.apache.catalina.core.ApplicationContext log
INFO: ContextListener: contextDestroyed()
五月 16, 2017 5:23:51 下午 org.apache.catalina.core.ApplicationContext log
INFO: ContextListener: contextInitialized()
五月 16, 2017 5:23:51 下午 org.apache.catalina.core.ApplicationContext log
INFO: SessionListener: contextInitialized()
五月 16, 2017 5:23:51 下午 org.apache.catalina.core.ApplicationContext log
INFO: ContextListener: attributeAdded('org.apache.jasper.compiler.TldLocationsCache', 'org.apache.jasper.compiler.TldLocationsCache@5d8a421d')
五月 16, 2017 5:24:03 下午 org.apache.catalina.core.ApplicationContext log
INFO: Loading Spring root WebApplicationContext
五月 16, 2017 5:24:52 下午 org.apache.catalina.core.ApplicationContext log
INFO: ContextListener: contextInitialized()
五月 16, 2017 5:24:52 下午 org.apache.catalina.core.ApplicationContext log
INFO: SessionListener: contextInitialized()
五月 16, 2017 5:24:52 下午 org.apache.catalina.core.ApplicationContext log
INFO: ContextListener: attributeAdded('org.apache.jasper.compiler.TldLocationsCache', 'org.apache.jasper.compiler.TldLocationsCache@18aa0b7b')
五月 16, 2017 5:25:03 下午 org.apache.catalina.core.ApplicationContext log
INFO: Loading Spring root WebApplicationContext
五月 16, 2017 5:28:07 下午 org.apache.catalina.core.ApplicationContext log
INFO: ContextListener: contextInitialized()
五月 16, 2017 5:28:07 下午 org.apache.catalina.core.ApplicationContext log
INFO: SessionListener: contextInitialized()
五月 16, 2017 5:28:07 下午 org.apache.catalina.core.ApplicationContext log
INFO: ContextListener: attributeAdded('org.apache.jasper.compiler.TldLocationsCache', 'org.apache.jasper.compiler.TldLocationsCache@f6a4c4a')
五月 16, 2017 5:28:16 下午 org.apache.catalina.core.ApplicationContext log
INFO: Loading Spring root WebApplicationContext
五月 16, 2017 5:28:46 下午 org.apache.catalina.core.ApplicationContext log
INFO: ContextListener: contextInitialized()
五月 16, 2017 5:28:46 下午 org.apache.catalina.core.ApplicationContext log
INFO: SessionListener: contextInitialized()
五月 16, 2017 5:28:46 下午 org.apache.catalina.core.ApplicationContext log
INFO: ContextListener: attributeAdded('org.apache.jasper.compiler.TldLocationsCache', 'org.apache.jasper.compiler.TldLocationsCache@1c643c06')
五月 16, 2017 5:28:53 下午 org.apache.catalina.core.ApplicationContext log
INFO: Loading Spring root WebApplicationContext
五月 16, 2017 5:39:50 下午 org.apache.catalina.core.ApplicationContext log
INFO: Closing Spring root WebApplicationContext
五月 16, 2017 5:39:50 下午 org.apache.catalina.core.ApplicationContext log
INFO: SessionListener: contextDestroyed()
五月 16, 2017 5:39:50 下午 org.apache.catalina.core.ApplicationContext log
INFO: ContextListener: contextDestroyed()
五月 16, 2017 5:40:10 下午 org.apache.catalina.core.ApplicationContext log
INFO: ContextListener: contextInitialized()
五月 16, 2017 5:40:10 下午 org.apache.catalina.core.ApplicationContext log
INFO: SessionListener: contextInitialized()
五月 16, 2017 5:40:10 下午 org.apache.catalina.core.ApplicationContext log
INFO: ContextListener: attributeAdded('org.apache.jasper.compiler.TldLocationsCache', 'org.apache.jasper.compiler.TldLocationsCache@bb6962e')
五月 16, 2017 5:40:19 下午 org.apache.catalina.core.ApplicationContext log
INFO: Loading Spring root WebApplicationContext
五月 16, 2017 5:40:38 下午 org.apache.catalina.core.ApplicationContext log
INFO: Closing Spring root WebApplicationContext
五月 16, 2017 5:40:38 下午 org.apache.catalina.core.ApplicationContext log
INFO: SessionListener: contextDestroyed()
五月 16, 2017 5:40:38 下午 org.apache.catalina.core.ApplicationContext log
INFO: ContextListener: contextDestroyed()
五月 16, 2017 5:40:43 下午 org.apache.catalina.core.ApplicationContext log
INFO: ContextListener: contextInitialized()
五月 16, 2017 5:40:43 下午 org.apache.catalina.core.ApplicationContext log
INFO: SessionListener: contextInitialized()
五月 16, 2017 5:40:43 下午 org.apache.catalina.core.ApplicationContext log
INFO: ContextListener: attributeAdded('org.apache.jasper.compiler.TldLocationsCache', 'org.apache.jasper.compiler.TldLocationsCache@1ae418e6')
五月 16, 2017 5:40:57 下午 org.apache.catalina.core.ApplicationContext log
INFO: Loading Spring root WebApplicationContext
