二月 16, 2019 12:37:42 上午 org.apache.catalina.core.ApplicationContext log
信息: SessionListener: sessionCreated('43563BDA936F135579958FFC94340ADD')
二月 16, 2019 12:37:54 上午 org.apache.catalina.core.ApplicationContext log
信息: SessionListener: attributeAdded('276B1F9CBD134B83F6A0AF7B86498C68', 'javax.servlet.jsp.jstl.fmt.request.charset', 'UTF-8')
二月 16, 2019 12:37:54 上午 org.apache.catalina.core.ApplicationContext log
信息: SessionListener: attributeAdded('276B1F9CBD134B83F6A0AF7B86498C68', 'numguess', 'num.NumberGuessBean@250d560')
二月 16, 2019 12:37:56 上午 org.apache.catalina.core.ApplicationContext log
信息: SessionListener: sessionCreated('AE36F5B8811B1F86E6F0434A696F0A41')
二月 16, 2019 12:37:56 上午 org.apache.catalina.core.ApplicationContext log
信息: SessionListener: sessionCreated('4BB538C533DA0FB013A85362AF379C15')
二月 16, 2019 12:37:58 上午 org.apache.catalina.core.ApplicationContext log
信息: SessionListener: sessionCreated('4847A0640A80DE9AA72FEFFFDA2614CD')
二月 16, 2019 12:37:58 上午 org.apache.catalina.core.ApplicationContext log
信息: SessionListener: sessionCreated('EE3ABF7D389BA13AB4A1EEB4833D57C8')
二月 16, 2019 12:38:00 上午 org.apache.catalina.core.ApplicationContext log
信息: SessionListener: sessionCreated('D5DE5898625794686CE1FADF578296BA')
二月 16, 2019 12:38:03 上午 org.apache.catalina.core.ApplicationContext log
信息: SessionListener: sessionCreated('2F7292C22FBD5ED184AC242E55967CD4')
二月 16, 2019 12:38:04 上午 org.apache.catalina.core.ApplicationContext log
信息: SessionListener: sessionCreated('D29E261ECB9DDBD23ABDBE543CBC1692')
二月 16, 2019 12:38:07 上午 org.apache.catalina.core.ApplicationContext log
信息: SessionListener: sessionCreated('0C2D3313C679E585D255B6B8D69F6C4F')
二月 16, 2019 12:38:07 上午 org.apache.catalina.core.ApplicationContext log
信息: SessionListener: sessionCreated('58D71673237D4EF1B65B2A4E20915971')
二月 16, 2019 12:38:07 上午 org.apache.catalina.core.ApplicationContext log
信息: SessionListener: sessionCreated('822F0FAFA01386ECCEA83E965344CD19')
二月 16, 2019 12:38:07 上午 org.apache.catalina.core.ApplicationContext log
信息: SessionListener: sessionCreated('9D0F681E265640B54F21B243FF960963')
二月 16, 2019 12:38:07 上午 org.apache.catalina.core.ApplicationContext log
信息: SessionListener: sessionCreated('F707311491EB7A9E06F77E78F046959F')
二月 16, 2019 12:38:07 上午 org.apache.catalina.core.ApplicationContext log
信息: SessionListener: sessionCreated('63A28478DE792223DE235B37CDF3B2C6')
二月 16, 2019 12:38:08 上午 org.apache.catalina.core.ApplicationContext log
信息: SessionListener: sessionCreated('01061C1C07B67C6AC7F05ACDE13E57CC')
二月 16, 2019 12:38:08 上午 org.apache.catalina.core.ApplicationContext log
信息: SessionListener: sessionCreated('0F7F6594F3DD781DCB325F43531BD9AF')
二月 16, 2019 12:38:08 上午 org.apache.catalina.core.StandardWrapperValve invoke
严重: Servlet.service() for servlet [jsp] in context with path [/examples] threw exception [javax.servlet.ServletException: javax.servlet.jsp.JspTagException: Invalid JSP file ?] with root cause
javax.servlet.jsp.JspTagException: Invalid JSP file ?
	at examples.ShowSource.doEndTag(ShowSource.java:46)
	at org.apache.jsp.jsp.source_jsp._jspService(source_jsp.java:103)
	at org.apache.jasper.runtime.HttpJspBase.service(HttpJspBase.java:70)
	at javax.servlet.http.HttpServlet.service(HttpServlet.java:731)
	at org.apache.jasper.servlet.JspServletWrapper.service(JspServletWrapper.java:439)
	at org.apache.jasper.servlet.JspServlet.serviceJspFile(JspServlet.java:395)
	at org.apache.jasper.servlet.JspServlet.service(JspServlet.java:339)
	at javax.servlet.http.HttpServlet.service(HttpServlet.java:731)
	at org.apache.catalina.core.ApplicationFilterChain.internalDoFilter(ApplicationFilterChain.java:303)
	at org.apache.catalina.core.ApplicationFilterChain.doFilter(ApplicationFilterChain.java:208)
	at org.apache.tomcat.websocket.server.WsFilter.doFilter(WsFilter.java:52)
	at org.apache.catalina.core.ApplicationFilterChain.internalDoFilter(ApplicationFilterChain.java:241)
	at org.apache.catalina.core.ApplicationFilterChain.doFilter(ApplicationFilterChain.java:208)
	at org.apache.catalina.core.StandardWrapperValve.invoke(StandardWrapperValve.java:218)
	at org.apache.catalina.core.StandardContextValve.invoke(StandardContextValve.java:110)
	at org.apache.catalina.authenticator.AuthenticatorBase.invoke(AuthenticatorBase.java:506)
	at org.apache.catalina.core.StandardHostValve.invoke(StandardHostValve.java:169)
	at org.apache.catalina.valves.ErrorReportValve.invoke(ErrorReportValve.java:103)
	at org.apache.catalina.valves.AccessLogValve.invoke(AccessLogValve.java:962)
	at org.apache.catalina.core.StandardEngineValve.invoke(StandardEngineValve.java:116)
	at org.apache.catalina.connector.CoyoteAdapter.service(CoyoteAdapter.java:452)
	at org.apache.coyote.http11.AbstractHttp11Processor.process(AbstractHttp11Processor.java:1087)
	at org.apache.coyote.AbstractProtocol$AbstractConnectionHandler.process(AbstractProtocol.java:637)
	at org.apache.tomcat.util.net.JIoEndpoint$SocketProcessor.run(JIoEndpoint.java:316)
	at java.util.concurrent.ThreadPoolExecutor.runWorker(ThreadPoolExecutor.java:1149)
	at java.util.concurrent.ThreadPoolExecutor$Worker.run(ThreadPoolExecutor.java:624)
	at org.apache.tomcat.util.threads.TaskThread$WrappingRunnable.run(TaskThread.java:61)
	at java.lang.Thread.run(Thread.java:748)

二月 16, 2019 12:38:08 上午 org.apache.catalina.core.ApplicationContext log
信息: SessionListener: sessionCreated('37D53A5DD934A319968F1400667DC25B')
二月 16, 2019 12:38:08 上午 org.apache.catalina.core.StandardWrapperValve invoke
严重: Servlet.service() for servlet [jsp] in context with path [/examples] threw exception [javax.servlet.ServletException: javax.servlet.jsp.JspTagException: Invalid JSP file /jsp/] with root cause
javax.servlet.jsp.JspTagException: Invalid JSP file /jsp/
	at examples.ShowSource.doEndTag(ShowSource.java:46)
	at org.apache.jsp.jsp.source_jsp._jspService(source_jsp.java:103)
	at org.apache.jasper.runtime.HttpJspBase.service(HttpJspBase.java:70)
	at javax.servlet.http.HttpServlet.service(HttpServlet.java:731)
	at org.apache.jasper.servlet.JspServletWrapper.service(JspServletWrapper.java:439)
	at org.apache.jasper.servlet.JspServlet.serviceJspFile(JspServlet.java:395)
	at org.apache.jasper.servlet.JspServlet.service(JspServlet.java:339)
	at javax.servlet.http.HttpServlet.service(HttpServlet.java:731)
	at org.apache.catalina.core.ApplicationFilterChain.internalDoFilter(ApplicationFilterChain.java:303)
	at org.apache.catalina.core.ApplicationFilterChain.doFilter(ApplicationFilterChain.java:208)
	at org.apache.tomcat.websocket.server.WsFilter.doFilter(WsFilter.java:52)
	at org.apache.catalina.core.ApplicationFilterChain.internalDoFilter(ApplicationFilterChain.java:241)
	at org.apache.catalina.core.ApplicationFilterChain.doFilter(ApplicationFilterChain.java:208)
	at org.apache.catalina.core.StandardWrapperValve.invoke(StandardWrapperValve.java:218)
	at org.apache.catalina.core.StandardContextValve.invoke(StandardContextValve.java:110)
	at org.apache.catalina.authenticator.AuthenticatorBase.invoke(AuthenticatorBase.java:506)
	at org.apache.catalina.core.StandardHostValve.invoke(StandardHostValve.java:169)
	at org.apache.catalina.valves.ErrorReportValve.invoke(ErrorReportValve.java:103)
	at org.apache.catalina.valves.AccessLogValve.invoke(AccessLogValve.java:962)
	at org.apache.catalina.core.StandardEngineValve.invoke(StandardEngineValve.java:116)
	at org.apache.catalina.connector.CoyoteAdapter.service(CoyoteAdapter.java:452)
	at org.apache.coyote.http11.AbstractHttp11Processor.process(AbstractHttp11Processor.java:1087)
	at org.apache.coyote.AbstractProtocol$AbstractConnectionHandler.process(AbstractProtocol.java:637)
	at org.apache.tomcat.util.net.JIoEndpoint$SocketProcessor.run(JIoEndpoint.java:316)
	at java.util.concurrent.ThreadPoolExecutor.runWorker(ThreadPoolExecutor.java:1149)
	at java.util.concurrent.ThreadPoolExecutor$Worker.run(ThreadPoolExecutor.java:624)
	at org.apache.tomcat.util.threads.TaskThread$WrappingRunnable.run(TaskThread.java:61)
	at java.lang.Thread.run(Thread.java:748)

二月 16, 2019 12:38:09 上午 org.apache.catalina.core.ApplicationContext log
信息: SessionListener: sessionCreated('541B24DB590B02BD0DC830EEE40CC36B')
二月 16, 2019 12:38:09 上午 org.apache.catalina.core.StandardWrapperValve invoke
严重: Servlet.service() for servlet [jsp] in context with path [/examples] threw exception [javax.servlet.ServletException: javax.servlet.jsp.JspTagException: Invalid JSP file %2e%2e/%2e%2e/%2e%2e/%2e%2e/system/autoexec.ncf] with root cause
javax.servlet.jsp.JspTagException: Invalid JSP file %2e%2e/%2e%2e/%2e%2e/%2e%2e/system/autoexec.ncf
	at examples.ShowSource.doEndTag(ShowSource.java:46)
	at org.apache.jsp.jsp.source_jsp._jspService(source_jsp.java:103)
	at org.apache.jasper.runtime.HttpJspBase.service(HttpJspBase.java:70)
	at javax.servlet.http.HttpServlet.service(HttpServlet.java:731)
	at org.apache.jasper.servlet.JspServletWrapper.service(JspServletWrapper.java:439)
	at org.apache.jasper.servlet.JspServlet.serviceJspFile(JspServlet.java:395)
	at org.apache.jasper.servlet.JspServlet.service(JspServlet.java:339)
	at javax.servlet.http.HttpServlet.service(HttpServlet.java:731)
	at org.apache.catalina.core.ApplicationFilterChain.internalDoFilter(ApplicationFilterChain.java:303)
	at org.apache.catalina.core.ApplicationFilterChain.doFilter(ApplicationFilterChain.java:208)
	at org.apache.tomcat.websocket.server.WsFilter.doFilter(WsFilter.java:52)
	at org.apache.catalina.core.ApplicationFilterChain.internalDoFilter(ApplicationFilterChain.java:241)
	at org.apache.catalina.core.ApplicationFilterChain.doFilter(ApplicationFilterChain.java:208)
	at org.apache.catalina.core.StandardWrapperValve.invoke(StandardWrapperValve.java:218)
	at org.apache.catalina.core.StandardContextValve.invoke(StandardContextValve.java:110)
	at org.apache.catalina.authenticator.AuthenticatorBase.invoke(AuthenticatorBase.java:506)
	at org.apache.catalina.core.StandardHostValve.invoke(StandardHostValve.java:169)
	at org.apache.catalina.valves.ErrorReportValve.invoke(ErrorReportValve.java:103)
	at org.apache.catalina.valves.AccessLogValve.invoke(AccessLogValve.java:962)
	at org.apache.catalina.core.StandardEngineValve.invoke(StandardEngineValve.java:116)
	at org.apache.catalina.connector.CoyoteAdapter.service(CoyoteAdapter.java:452)
	at org.apache.coyote.http11.AbstractHttp11Processor.process(AbstractHttp11Processor.java:1087)
	at org.apache.coyote.AbstractProtocol$AbstractConnectionHandler.process(AbstractProtocol.java:637)
	at org.apache.tomcat.util.net.JIoEndpoint$SocketProcessor.run(JIoEndpoint.java:316)
	at java.util.concurrent.ThreadPoolExecutor.runWorker(ThreadPoolExecutor.java:1149)
	at java.util.concurrent.ThreadPoolExecutor$Worker.run(ThreadPoolExecutor.java:624)
	at org.apache.tomcat.util.threads.TaskThread$WrappingRunnable.run(TaskThread.java:61)
	at java.lang.Thread.run(Thread.java:748)

二月 16, 2019 12:38:13 上午 org.apache.catalina.core.ApplicationContext log
信息: SessionListener: sessionCreated('79C1FCAB2AFFEFFD51116B41FD6424DE')
二月 16, 2019 12:38:14 上午 org.apache.catalina.core.ApplicationContext log
信息: SessionListener: sessionCreated('21E0B5F18C9EEB7E4B2C53D83790E749')
二月 16, 2019 12:38:14 上午 org.apache.catalina.core.ApplicationContext log
信息: SessionListener: sessionCreated('FE05A3C160416C8D9185E0F1863A072A')
二月 16, 2019 12:38:14 上午 org.apache.catalina.core.ApplicationContext log
信息: SessionListener: sessionCreated('B5FB73FABA27DCB13F78AE93DCE73250')
二月 16, 2019 12:38:14 上午 org.apache.catalina.core.ApplicationContext log
信息: SessionListener: sessionCreated('608E017BF8C31E437C3DA867A732D566')
二月 16, 2019 12:38:15 上午 org.apache.catalina.core.ApplicationContext log
信息: SessionListener: sessionCreated('E0DBF0718E11E2D6D64DA1DE62531542')
二月 16, 2019 12:38:17 上午 org.apache.catalina.core.ApplicationContext log
信息: SessionListener: sessionCreated('CC1CEA513DCCF958E92303A478EE53A1')
二月 16, 2019 12:38:18 上午 org.apache.catalina.core.ApplicationContext log
信息: SessionListener: sessionCreated('04917B9774BD7E59CE03EBB379B8A947')
二月 16, 2019 12:38:19 上午 org.apache.catalina.core.ApplicationContext log
信息: SessionListener: sessionCreated('8338B5D76DDAA13DB7AE4B1443203E3F')
二月 16, 2019 12:38:20 上午 org.apache.catalina.core.ApplicationContext log
信息: SessionListener: sessionCreated('F088D7281AACF2E4C96CBB989CF96D4C')
二月 16, 2019 12:38:25 上午 org.apache.catalina.core.ApplicationContext log
信息: SessionListener: sessionCreated('8F466007CBE8EAEC5CB5D211A5C1E68A')
二月 16, 2019 12:38:27 上午 org.apache.catalina.core.ApplicationContext log
信息: SessionListener: sessionCreated('4A131BB1D98FD7A4DE1F860DA5F71244')
二月 16, 2019 12:38:27 上午 org.apache.catalina.core.ApplicationContext log
信息: SessionListener: attributeAdded('4A131BB1D98FD7A4DE1F860DA5F71244', 'numguess', 'num.NumberGuessBean@54611e3a')
二月 16, 2019 12:38:28 上午 org.apache.catalina.core.ApplicationContext log
信息: SessionListener: sessionCreated('E687B35D42885B12D4E26CD17D73A1ED')
二月 16, 2019 12:38:29 上午 org.apache.catalina.core.ApplicationContext log
信息: SessionListener: sessionCreated('C63F4EA4C8C627480D30E055D220C609')
二月 16, 2019 12:38:29 上午 org.apache.catalina.core.ApplicationContext log
信息: SessionListener: attributeAdded('C63F4EA4C8C627480D30E055D220C609', 'numguess', 'num.NumberGuessBean@2383f472')
二月 16, 2019 12:38:36 上午 org.apache.catalina.core.ApplicationContext log
信息: SessionListener: sessionCreated('67C0F6FE95CFFAF0F2C0D78203154AA8')
二月 16, 2019 12:38:36 上午 org.apache.catalina.core.ApplicationContext log
信息: SessionListener: attributeAdded('67C0F6FE95CFFAF0F2C0D78203154AA8', 'numguess', 'num.NumberGuessBean@2b84415d')
二月 16, 2019 12:38:42 上午 org.apache.catalina.core.ApplicationContext log
信息: SessionListener: sessionCreated('69AF3F5192127A22CB558DB19D1B6E00')
二月 16, 2019 12:38:43 上午 org.apache.catalina.core.ApplicationContext log
信息: SessionListener: sessionCreated('B5214142273494B46BA89ACB683D0A43')
二月 16, 2019 12:38:44 上午 org.apache.catalina.core.ApplicationContext log
信息: SessionListener: sessionCreated('46BD98A05A94AB5CC959E988C016C1A9')
二月 16, 2019 12:38:45 上午 org.apache.catalina.core.ApplicationContext log
信息: SessionListener: sessionCreated('AEEB36EF2913087CB906EE6EF6E5AE87')
二月 16, 2019 12:38:45 上午 org.apache.catalina.core.ApplicationContext log
信息: SessionListener: attributeAdded('AEEB36EF2913087CB906EE6EF6E5AE87', 'numguess', 'num.NumberGuessBean@41a00691')
二月 16, 2019 12:38:46 上午 org.apache.catalina.core.ApplicationContext log
信息: SessionListener: sessionCreated('17FF15E60FC40793F8E2701875BCBDC5')
二月 16, 2019 12:38:46 上午 org.apache.catalina.core.ApplicationContext log
信息: SessionListener: attributeAdded('17FF15E60FC40793F8E2701875BCBDC5', 'table', 'cal.TableBean@13825e58')
二月 16, 2019 12:38:47 上午 org.apache.catalina.core.ApplicationContext log
信息: SessionListener: sessionCreated('49229893038EC9BAB974990F901222C0')
二月 16, 2019 12:38:48 上午 org.apache.catalina.core.ApplicationContext log
信息: SessionListener: sessionCreated('82613443DC15EC0FD3A55359BAF1EB05')
二月 16, 2019 12:38:49 上午 org.apache.catalina.core.ApplicationContext log
信息: SessionListener: sessionCreated('1B6D1819D427FD365685C78B64BDCC56')
二月 16, 2019 12:38:49 上午 org.apache.catalina.core.ApplicationContext log
信息: SessionListener: attributeAdded('1B6D1819D427FD365685C78B64BDCC56', 'numguess', 'num.NumberGuessBean@42c3d3b6')
二月 16, 2019 12:38:56 上午 org.apache.catalina.core.ApplicationContext log
信息: SessionListener: sessionCreated('09B3644D88C17CE59E7104126408A693')
二月 16, 2019 1:08:56 上午 org.apache.catalina.core.ApplicationContext log
信息: SessionListener: sessionDestroyed('2EF73CF2A030A5061907036656DC1F60')
二月 16, 2019 1:08:56 上午 org.apache.catalina.core.ApplicationContext log
信息: SessionListener: sessionDestroyed('408F8FF713FC495729D7981B5115371C')
二月 16, 2019 1:08:56 上午 org.apache.catalina.core.ApplicationContext log
信息: SessionListener: sessionDestroyed('FC23B91533EE5B577C39D81071C2BBFB')
二月 16, 2019 1:08:56 上午 org.apache.catalina.core.ApplicationContext log
信息: SessionListener: sessionDestroyed('19A342997A980C31ADB39845FE0F5238')
二月 16, 2019 1:08:56 上午 org.apache.catalina.core.ApplicationContext log
信息: SessionListener: sessionDestroyed('822F0FAFA01386ECCEA83E965344CD19')
二月 16, 2019 1:08:56 上午 org.apache.catalina.core.ApplicationContext log
信息: SessionListener: sessionDestroyed('17FF15E60FC40793F8E2701875BCBDC5')
二月 16, 2019 1:08:56 上午 org.apache.catalina.core.ApplicationContext log
信息: SessionListener: attributeRemoved('17FF15E60FC40793F8E2701875BCBDC5', 'table', 'cal.TableBean@13825e58')
二月 16, 2019 1:08:56 上午 org.apache.catalina.core.ApplicationContext log
信息: SessionListener: sessionDestroyed('541B24DB590B02BD0DC830EEE40CC36B')
二月 16, 2019 1:08:56 上午 org.apache.catalina.core.ApplicationContext log
信息: SessionListener: sessionDestroyed('7C482680484B09C8D2039600583E3B09')
二月 16, 2019 1:08:56 上午 org.apache.catalina.core.ApplicationContext log
信息: SessionListener: sessionDestroyed('63A28478DE792223DE235B37CDF3B2C6')
二月 16, 2019 1:08:56 上午 org.apache.catalina.core.ApplicationContext log
信息: SessionListener: sessionDestroyed('0C2D3313C679E585D255B6B8D69F6C4F')
二月 16, 2019 1:08:56 上午 org.apache.catalina.core.ApplicationContext log
信息: SessionListener: sessionDestroyed('82613443DC15EC0FD3A55359BAF1EB05')
二月 16, 2019 1:08:56 上午 org.apache.catalina.core.ApplicationContext log
信息: SessionListener: sessionDestroyed('A0FD5645DA8BC4CA1AE14A646CE30753')
二月 16, 2019 1:08:56 上午 org.apache.catalina.core.ApplicationContext log
信息: SessionListener: sessionDestroyed('1362B305E3B6D5536723B9ED46111B16')
二月 16, 2019 1:08:56 上午 org.apache.catalina.core.ApplicationContext log
信息: SessionListener: sessionDestroyed('61B7B151B024D8904DEFD0F28A07D93A')
二月 16, 2019 1:08:56 上午 org.apache.catalina.core.ApplicationContext log
信息: SessionListener: sessionDestroyed('4BB538C533DA0FB013A85362AF379C15')
二月 16, 2019 1:08:56 上午 org.apache.catalina.core.ApplicationContext log
信息: SessionListener: sessionDestroyed('0F7F6594F3DD781DCB325F43531BD9AF')
二月 16, 2019 1:08:56 上午 org.apache.catalina.core.ApplicationContext log
信息: SessionListener: sessionDestroyed('8A8FC3714CB2F166E7222AACAC66AA00')
二月 16, 2019 1:08:56 上午 org.apache.catalina.core.ApplicationContext log
信息: SessionListener: sessionDestroyed('9D0F681E265640B54F21B243FF960963')
二月 16, 2019 1:08:56 上午 org.apache.catalina.core.ApplicationContext log
信息: SessionListener: sessionDestroyed('AEEB36EF2913087CB906EE6EF6E5AE87')
二月 16, 2019 1:08:56 上午 org.apache.catalina.core.ApplicationContext log
信息: SessionListener: attributeRemoved('AEEB36EF2913087CB906EE6EF6E5AE87', 'numguess', 'num.NumberGuessBean@41a00691')
二月 16, 2019 1:08:56 上午 org.apache.catalina.core.ApplicationContext log
信息: SessionListener: sessionDestroyed('F707311491EB7A9E06F77E78F046959F')
二月 16, 2019 1:08:56 上午 org.apache.catalina.core.ApplicationContext log
信息: SessionListener: sessionDestroyed('5646FAC67D9DEBF32AE815D3245175C6')
二月 16, 2019 1:08:56 上午 org.apache.catalina.core.ApplicationContext log
信息: SessionListener: sessionDestroyed('8F466007CBE8EAEC5CB5D211A5C1E68A')
二月 16, 2019 1:08:56 上午 org.apache.catalina.core.ApplicationContext log
信息: SessionListener: sessionDestroyed('C0E6074B01271CC57BA746FA1F7F3697')
二月 16, 2019 1:08:56 上午 org.apache.catalina.core.ApplicationContext log
信息: SessionListener: sessionDestroyed('41960733F941BE7883A9A1C983724DCA')
二月 16, 2019 1:08:56 上午 org.apache.catalina.core.ApplicationContext log
信息: SessionListener: sessionDestroyed('67C0F6FE95CFFAF0F2C0D78203154AA8')
二月 16, 2019 1:08:56 上午 org.apache.catalina.core.ApplicationContext log
信息: SessionListener: attributeRemoved('67C0F6FE95CFFAF0F2C0D78203154AA8', 'numguess', 'num.NumberGuessBean@2b84415d')
二月 16, 2019 1:08:56 上午 org.apache.catalina.core.ApplicationContext log
信息: SessionListener: sessionDestroyed('C63F4EA4C8C627480D30E055D220C609')
二月 16, 2019 1:08:56 上午 org.apache.catalina.core.ApplicationContext log
信息: SessionListener: attributeRemoved('C63F4EA4C8C627480D30E055D220C609', 'numguess', 'num.NumberGuessBean@2383f472')
二月 16, 2019 1:08:56 上午 org.apache.catalina.core.ApplicationContext log
信息: SessionListener: sessionDestroyed('4D8941DA1361C7E605D40E2A1604D4D8')
二月 16, 2019 1:08:56 上午 org.apache.catalina.core.ApplicationContext log
信息: SessionListener: sessionDestroyed('AFF3D7707AE7E4A706E391279E88D00D')
二月 16, 2019 1:08:56 上午 org.apache.catalina.core.ApplicationContext log
信息: SessionListener: sessionDestroyed('37D53A5DD934A319968F1400667DC25B')
二月 16, 2019 1:08:56 上午 org.apache.catalina.core.ApplicationContext log
信息: SessionListener: sessionDestroyed('21E0B5F18C9EEB7E4B2C53D83790E749')
二月 16, 2019 1:08:56 上午 org.apache.catalina.core.ApplicationContext log
信息: SessionListener: sessionDestroyed('1B6D1819D427FD365685C78B64BDCC56')
二月 16, 2019 1:08:56 上午 org.apache.catalina.core.ApplicationContext log
信息: SessionListener: attributeRemoved('1B6D1819D427FD365685C78B64BDCC56', 'numguess', 'num.NumberGuessBean@42c3d3b6')
二月 16, 2019 1:08:56 上午 org.apache.catalina.core.ApplicationContext log
信息: SessionListener: sessionDestroyed('4A131BB1D98FD7A4DE1F860DA5F71244')
二月 16, 2019 1:08:56 上午 org.apache.catalina.core.ApplicationContext log
信息: SessionListener: attributeRemoved('4A131BB1D98FD7A4DE1F860DA5F71244', 'numguess', 'num.NumberGuessBean@54611e3a')
二月 16, 2019 1:08:56 上午 org.apache.catalina.core.ApplicationContext log
信息: SessionListener: sessionDestroyed('608E017BF8C31E437C3DA867A732D566')
二月 16, 2019 1:08:56 上午 org.apache.catalina.core.ApplicationContext log
信息: SessionListener: sessionDestroyed('2587CA38A647CED51831789DE8F8387F')
二月 16, 2019 1:08:56 上午 org.apache.catalina.core.ApplicationContext log
信息: SessionListener: sessionDestroyed('4C346F459F7CD15B92B82548E2DE3E33')
二月 16, 2019 1:08:56 上午 org.apache.catalina.core.ApplicationContext log
信息: SessionListener: sessionDestroyed('F9C35D3B2D368F3438512F66600A4EBD')
二月 16, 2019 1:08:56 上午 org.apache.catalina.core.ApplicationContext log
信息: SessionListener: sessionDestroyed('CAC21187B3BE5A790E3A97891FC9F095')
二月 16, 2019 1:08:56 上午 org.apache.catalina.core.ApplicationContext log
信息: SessionListener: sessionDestroyed('68952770738B565E1E031763D93CEAC1')
二月 16, 2019 1:08:56 上午 org.apache.catalina.core.ApplicationContext log
信息: SessionListener: attributeRemoved('68952770738B565E1E031763D93CEAC1', 'javax.servlet.jsp.jstl.fmt.request.charset', 'UTF-8')
二月 16, 2019 1:08:56 上午 org.apache.catalina.core.ApplicationContext log
信息: SessionListener: attributeRemoved('68952770738B565E1E031763D93CEAC1', 'numguess', 'num.NumberGuessBean@250d560')
二月 16, 2019 1:08:56 上午 org.apache.catalina.core.ApplicationContext log
信息: SessionListener: sessionDestroyed('E4DDF70425D15603F4D7D1B9BF33FFF9')
二月 16, 2019 1:08:56 上午 org.apache.catalina.core.ApplicationContext log
信息: SessionListener: sessionDestroyed('D3E4C4610049E7023C211ED521473A65')
二月 16, 2019 1:08:56 上午 org.apache.catalina.core.ApplicationContext log
信息: SessionListener: sessionDestroyed('AE36F5B8811B1F86E6F0434A696F0A41')
二月 16, 2019 1:09:56 上午 org.apache.catalina.core.ApplicationContext log
信息: SessionListener: sessionDestroyed('5E066D320C3B33CFF3D2EFF680245FB7')
