一月 26, 2018 10:08:53 上午 org.apache.catalina.core.ApplicationContext log
INFO: No Spring WebApplicationInitializer types detected on classpath
一月 26, 2018 10:08:53 上午 org.apache.catalina.core.ApplicationContext log
INFO: Initializing Spring root WebApplicationContext
一月 26, 2018 10:08:57 上午 org.apache.catalina.core.ApplicationContext log
INFO: Initializing Spring FrameworkServlet 'spring-mvc'
一月 26, 2018 10:08:58 上午 org.apache.catalina.core.ApplicationContext log
INFO: ContextListener: contextInitialized()
一月 26, 2018 10:08:58 上午 org.apache.catalina.core.ApplicationContext log
INFO: SessionListener: contextInitialized()
一月 26, 2018 10:08:58 上午 org.apache.catalina.core.ApplicationContext log
INFO: ContextListener: attributeAdded('org.apache.jasper.compiler.TldLocationsCache', 'org.apache.jasper.compiler.TldLocationsCache@1683cc5c')
一月 26, 2018 10:10:21 上午 org.apache.catalina.core.ApplicationContext log
INFO: No Spring WebApplicationInitializer types detected on classpath
一月 26, 2018 10:10:21 上午 org.apache.catalina.core.ApplicationContext log
INFO: Initializing Spring root WebApplicationContext
一月 26, 2018 10:10:25 上午 org.apache.catalina.core.ApplicationContext log
INFO: Initializing Spring FrameworkServlet 'spring-mvc'
一月 26, 2018 10:10:25 上午 org.apache.catalina.core.ApplicationContext log
INFO: ContextListener: contextInitialized()
一月 26, 2018 10:10:25 上午 org.apache.catalina.core.ApplicationContext log
INFO: SessionListener: contextInitialized()
一月 26, 2018 10:10:25 上午 org.apache.catalina.core.ApplicationContext log
INFO: ContextListener: attributeAdded('org.apache.jasper.compiler.TldLocationsCache', 'org.apache.jasper.compiler.TldLocationsCache@6af8176b')
