十月 24, 2018 2:21:01 上午 org.apache.catalina.core.ApplicationContext log
信息: Destroying Spring FrameworkServlet 'spring-mvc'
十月 24, 2018 2:21:01 上午 org.apache.catalina.core.ApplicationContext log
信息: Closing Spring root WebApplicationContext
十月 24, 2018 2:21:04 上午 org.apache.catalina.core.ApplicationContext log
信息: No Spring WebApplicationInitializer types detected on classpath
十月 24, 2018 2:21:04 上午 org.apache.catalina.core.ApplicationContext log
信息: Initializing Spring root WebApplicationContext
十月 24, 2018 2:21:06 上午 org.apache.catalina.core.ApplicationContext log
信息: Initializing Spring FrameworkServlet 'spring-mvc'
十月 24, 2018 2:23:01 上午 org.apache.catalina.core.ApplicationContext log
信息: SessionListener: contextDestroyed()
十月 24, 2018 2:23:01 上午 org.apache.catalina.core.ApplicationContext log
信息: ContextListener: contextDestroyed()
十月 24, 2018 2:23:01 上午 org.apache.catalina.core.ApplicationContext log
信息: Destroying Spring FrameworkServlet 'spring-mvc'
十月 24, 2018 2:23:01 上午 org.apache.catalina.core.ApplicationContext log
信息: Closing Spring root WebApplicationContext
十月 24, 2018 2:25:15 上午 org.apache.catalina.core.ApplicationContext log
信息: No Spring WebApplicationInitializer types detected on classpath
十月 24, 2018 2:25:15 上午 org.apache.catalina.core.ApplicationContext log
信息: Initializing Spring root WebApplicationContext
十月 24, 2018 2:25:24 上午 org.apache.catalina.core.ApplicationContext log
信息: Initializing Spring FrameworkServlet 'spring-mvc'
十月 24, 2018 2:25:25 上午 org.apache.catalina.core.ApplicationContext log
信息: ContextListener: contextInitialized()
十月 24, 2018 2:25:25 上午 org.apache.catalina.core.ApplicationContext log
信息: SessionListener: contextInitialized()
十月 24, 2018 2:25:25 上午 org.apache.catalina.core.ApplicationContext log
信息: ContextListener: attributeAdded('org.apache.jasper.compiler.TldLocationsCache', 'org.apache.jasper.compiler.TldLocationsCache@59d4650e')
